This file contains any messages produced by compilers while
running configure, to aid debugging if configure makes a mistake.

It was created by orte configure 0.3.1, which was
generated by GNU Autoconf 2.59.  Invocation command line was

  $ ./configure --host=i386-rtems --prefix=/opt/rtems --enable-posix --enable-threads

## --------- ##
## Platform. ##
## --------- ##

hostname = triangle
uname -m = i686
uname -r = 2.6.24-19-generic
uname -s = Linux
uname -v = #1 SMP Fri Jul 11 23:41:49 UTC 2008

/usr/bin/uname -p = unknown
/bin/uname -X     = unknown

/bin/arch              = unknown
/usr/bin/arch -k       = unknown
/usr/convex/getsysinfo = unknown
hostinfo               = unknown
/bin/machine           = unknown
/usr/bin/oslevel       = unknown
/bin/universe          = unknown

PATH: /opt/rtems/i386-rtems/bin
PATH: /usr/local/sbin
PATH: /usr/local/bin
PATH: /usr/sbin
PATH: /usr/bin
PATH: /sbin
PATH: /bin
PATH: /usr/games
PATH: /opt/rtems/bin


## ----------- ##
## Core tests. ##
## ----------- ##

configure:1604: checking build system type
configure:1622: result: i686-pc-linux-gnu
configure:1630: checking host system type
configure:1644: result: i386-pc-rtems
configure:1652: checking target system type
configure:1666: result: i386-pc-rtems
configure:1696: checking for a BSD-compatible install
configure:1751: result: /usr/bin/install -c
configure:1762: checking whether build environment is sane
configure:1805: result: yes
configure:1870: checking for gawk
configure:1886: found /usr/bin/gawk
configure:1896: result: gawk
configure:1906: checking whether make sets $(MAKE)
configure:1926: result: yes
configure:1993: checking for i386-rtems-strip
configure:2009: found /opt/rtems/bin/i386-rtems-strip
configure:2019: result: i386-rtems-strip
configure:2088: checking whether to enable maintainer-specific portions of Makefiles
configure:2097: result: no
configure:2129: checking Linux version
configure:2289: result: no
configure:2330: checking Linux config option CONFIG_RTHAL
configure:2345: result: no
configure:2362: checking Linux config option CONFIG_ADEOS
configure:2377: result: no
configure:2464: checking Linux config option CONFIG_RTLINUX
configure:2479: result: no
configure:2731: checking for i386-rtems-gcc
configure:2747: found /opt/rtems/bin/i386-rtems-gcc
configure:2757: result: i386-rtems-gcc
configure:3039: checking for C compiler version
configure:3042: i386-rtems-gcc --version </dev/null >&5
i386-rtems-gcc (GCC) 4.2.2
Copyright (C) 2007 Free Software Foundation, Inc.
This is free software; see the source for copying conditions.  There is NO
warranty; not even for MERCHANTABILITY or FITNESS FOR A PARTICULAR PURPOSE.

configure:3045: $? = 0
configure:3047: i386-rtems-gcc -v </dev/null >&5
Using built-in specs.
Target: i386-rtems
Configured with: ../gcc-4.2.2/configure --target=i386-rtems --with-gnu-as --with-gnu-ld --with-newlib --verbose --enable-threads --enable-language=c,c++ --program-prefix=i386-rtems --prefix=/opt/rtems : (reconfigured) ../gcc-4.2.2/configure --target=i386-rtems --with-gnu-as --with-gnu-ld --with-newlib --verbose --enable-threads --enable-language=c,c++ --program-prefix=i386-rtems- --prefix=/opt/rtems
Thread model: rtems
gcc version 4.2.2
configure:3050: $? = 0
configure:3052: i386-rtems-gcc -V </dev/null >&5
i386-rtems-gcc: '-V' option must have argument
configure:3055: $? = 1
configure:3078: checking for C compiler default output file name
configure:3081: i386-rtems-gcc  -Wall    conftest.c  >&5
/opt/rtems/lib/gcc/i386-rtems/4.2.2/../../../../i386-rtems/bin/ld: warning: cannot find entry symbol _start; defaulting to 08048054
configure:3084: $? = 0
configure:3130: result: a.out
configure:3135: checking whether the C compiler works
configure:3141: ./a.out
./configure: line 3142: 32427 Segmentation fault      ./$ac_file
configure:3144: $? = 139
configure:3161: result: yes
configure:3168: checking whether we are cross compiling
configure:3170: result: yes
configure:3173: checking for suffix of executables
configure:3175: i386-rtems-gcc -o conftest  -Wall    conftest.c  >&5
/opt/rtems/lib/gcc/i386-rtems/4.2.2/../../../../i386-rtems/bin/ld: warning: cannot find entry symbol _start; defaulting to 08048054
configure:3178: $? = 0
configure:3203: result: 
configure:3209: checking for suffix of object files
configure:3230: i386-rtems-gcc -c  -Wall   conftest.c >&5
configure:3233: $? = 0
configure:3255: result: o
configure:3259: checking whether we are using the GNU C compiler
configure:3283: i386-rtems-gcc -c  -Wall   conftest.c >&5
configure:3289: $? = 0
configure:3292: test -z 			 || test ! -s conftest.err
configure:3295: $? = 0
configure:3298: test -s conftest.o
configure:3301: $? = 0
configure:3314: result: yes
configure:3320: checking whether i386-rtems-gcc accepts -g
configure:3341: i386-rtems-gcc -c -g  conftest.c >&5
configure:3347: $? = 0
configure:3350: test -z 			 || test ! -s conftest.err
configure:3353: $? = 0
configure:3356: test -s conftest.o
configure:3359: $? = 0
configure:3370: result: yes
configure:3387: checking for i386-rtems-gcc option to accept ANSI C
configure:3457: i386-rtems-gcc  -c  -Wall   conftest.c >&5
configure:3463: $? = 0
configure:3466: test -z 			 || test ! -s conftest.err
configure:3469: $? = 0
configure:3472: test -s conftest.o
configure:3475: $? = 0
configure:3493: result: none needed
configure:3511: i386-rtems-gcc -c  -Wall   conftest.c >&5
conftest.c:2: error: expected '=', ',', ';', 'asm' or '__attribute__' before 'me'
configure:3517: $? = 1
configure: failed program was:
| #ifndef __cplusplus
|   choke me
| #endif
configure:3658: checking for style of include used by make
configure:3686: result: GNU
configure:3714: checking dependency style of i386-rtems-gcc
configure:3804: result: gcc3
configure:3893: checking for a sed that does not truncate output
configure:3947: result: /bin/sed
configure:3950: checking for egrep
configure:3960: result: grep -E
configure:3976: checking for ld used by i386-rtems-gcc
configure:4043: result: /opt/rtems/i386-rtems/bin/ld
configure:4052: checking if the linker (/opt/rtems/i386-rtems/bin/ld) is GNU ld
configure:4067: result: yes
configure:4072: checking for /opt/rtems/i386-rtems/bin/ld option to reload object files
configure:4079: result: -r
configure:4088: checking for BSD-compatible nm
configure:4130: result: /opt/rtems/bin/i386-rtems-nm -B
configure:4134: checking whether ln -s works
configure:4138: result: yes
configure:4145: checking how to recognise dependent libraries
configure:4319: result: unknown
configure:4532: checking how to run the C preprocessor
configure:4567: i386-rtems-gcc -E  conftest.c
configure:4573: $? = 0
configure:4605: i386-rtems-gcc -E  conftest.c
conftest.c:10:28: error: ac_nonexistent.h: No such file or directory
configure:4611: $? = 1
configure: failed program was:
| /* confdefs.h.  */
| 
| #define PACKAGE_NAME "orte"
| #define PACKAGE_TARNAME "orte"
| #define PACKAGE_VERSION "0.3.1"
| #define PACKAGE_STRING "orte 0.3.1"
| #define PACKAGE_BUGREPORT "petr.smolik@wo.cz"
| #define CONFIG_ORTE_UNIX 1
| /* end confdefs.h.  */
| #include <ac_nonexistent.h>
configure:4650: result: i386-rtems-gcc -E
configure:4674: i386-rtems-gcc -E  conftest.c
configure:4680: $? = 0
configure:4712: i386-rtems-gcc -E  conftest.c
conftest.c:10:28: error: ac_nonexistent.h: No such file or directory
configure:4718: $? = 1
configure: failed program was:
| /* confdefs.h.  */
| 
| #define PACKAGE_NAME "orte"
| #define PACKAGE_TARNAME "orte"
| #define PACKAGE_VERSION "0.3.1"
| #define PACKAGE_STRING "orte 0.3.1"
| #define PACKAGE_BUGREPORT "petr.smolik@wo.cz"
| #define CONFIG_ORTE_UNIX 1
| /* end confdefs.h.  */
| #include <ac_nonexistent.h>
configure:4762: checking for ANSI C header files
configure:4787: i386-rtems-gcc -c  -Wall   conftest.c >&5
configure:4793: $? = 0
configure:4796: test -z 			 || test ! -s conftest.err
configure:4799: $? = 0
configure:4802: test -s conftest.o
configure:4805: $? = 0
configure:4917: result: yes
configure:4941: checking for sys/types.h
configure:4957: i386-rtems-gcc -c  -Wall   conftest.c >&5
configure:4963: $? = 0
configure:4966: test -z 			 || test ! -s conftest.err
configure:4969: $? = 0
configure:4972: test -s conftest.o
configure:4975: $? = 0
configure:4986: result: yes
configure:4941: checking for sys/stat.h
configure:4957: i386-rtems-gcc -c  -Wall   conftest.c >&5
configure:4963: $? = 0
configure:4966: test -z 			 || test ! -s conftest.err
configure:4969: $? = 0
configure:4972: test -s conftest.o
configure:4975: $? = 0
configure:4986: result: yes
configure:4941: checking for stdlib.h
configure:4957: i386-rtems-gcc -c  -Wall   conftest.c >&5
configure:4963: $? = 0
configure:4966: test -z 			 || test ! -s conftest.err
configure:4969: $? = 0
configure:4972: test -s conftest.o
configure:4975: $? = 0
configure:4986: result: yes
configure:4941: checking for string.h
configure:4957: i386-rtems-gcc -c  -Wall   conftest.c >&5
configure:4963: $? = 0
configure:4966: test -z 			 || test ! -s conftest.err
configure:4969: $? = 0
configure:4972: test -s conftest.o
configure:4975: $? = 0
configure:4986: result: yes
configure:4941: checking for memory.h
configure:4957: i386-rtems-gcc -c  -Wall   conftest.c >&5
conftest.c:50:20: error: memory.h: No such file or directory
configure:4963: $? = 1
configure: failed program was:
| /* confdefs.h.  */
| 
| #define PACKAGE_NAME "orte"
| #define PACKAGE_TARNAME "orte"
| #define PACKAGE_VERSION "0.3.1"
| #define PACKAGE_STRING "orte 0.3.1"
| #define PACKAGE_BUGREPORT "petr.smolik@wo.cz"
| #define CONFIG_ORTE_UNIX 1
| #define STDC_HEADERS 1
| #define HAVE_SYS_TYPES_H 1
| #define HAVE_SYS_STAT_H 1
| #define HAVE_STDLIB_H 1
| #define HAVE_STRING_H 1
| /* end confdefs.h.  */
| #include <stdio.h>
| #if HAVE_SYS_TYPES_H
| # include <sys/types.h>
| #endif
| #if HAVE_SYS_STAT_H
| # include <sys/stat.h>
| #endif
| #if STDC_HEADERS
| # include <stdlib.h>
| # include <stddef.h>
| #else
| # if HAVE_STDLIB_H
| #  include <stdlib.h>
| # endif
| #endif
| #if HAVE_STRING_H
| # if !STDC_HEADERS && HAVE_MEMORY_H
| #  include <memory.h>
| # endif
| # include <string.h>
| #endif
| #if HAVE_STRINGS_H
| # include <strings.h>
| #endif
| #if HAVE_INTTYPES_H
| # include <inttypes.h>
| #else
| # if HAVE_STDINT_H
| #  include <stdint.h>
| # endif
| #endif
| #if HAVE_UNISTD_H
| # include <unistd.h>
| #endif
| 
| #include <memory.h>
configure:4986: result: no
configure:4941: checking for strings.h
configure:4957: i386-rtems-gcc -c  -Wall   conftest.c >&5
conftest.c:50:21: error: strings.h: No such file or directory
configure:4963: $? = 1
configure: failed program was:
| /* confdefs.h.  */
| 
| #define PACKAGE_NAME "orte"
| #define PACKAGE_TARNAME "orte"
| #define PACKAGE_VERSION "0.3.1"
| #define PACKAGE_STRING "orte 0.3.1"
| #define PACKAGE_BUGREPORT "petr.smolik@wo.cz"
| #define CONFIG_ORTE_UNIX 1
| #define STDC_HEADERS 1
| #define HAVE_SYS_TYPES_H 1
| #define HAVE_SYS_STAT_H 1
| #define HAVE_STDLIB_H 1
| #define HAVE_STRING_H 1
| /* end confdefs.h.  */
| #include <stdio.h>
| #if HAVE_SYS_TYPES_H
| # include <sys/types.h>
| #endif
| #if HAVE_SYS_STAT_H
| # include <sys/stat.h>
| #endif
| #if STDC_HEADERS
| # include <stdlib.h>
| # include <stddef.h>
| #else
| # if HAVE_STDLIB_H
| #  include <stdlib.h>
| # endif
| #endif
| #if HAVE_STRING_H
| # if !STDC_HEADERS && HAVE_MEMORY_H
| #  include <memory.h>
| # endif
| # include <string.h>
| #endif
| #if HAVE_STRINGS_H
| # include <strings.h>
| #endif
| #if HAVE_INTTYPES_H
| # include <inttypes.h>
| #else
| # if HAVE_STDINT_H
| #  include <stdint.h>
| # endif
| #endif
| #if HAVE_UNISTD_H
| # include <unistd.h>
| #endif
| 
| #include <strings.h>
configure:4986: result: no
configure:4941: checking for inttypes.h
configure:4957: i386-rtems-gcc -c  -Wall   conftest.c >&5
configure:4963: $? = 0
configure:4966: test -z 			 || test ! -s conftest.err
configure:4969: $? = 0
configure:4972: test -s conftest.o
configure:4975: $? = 0
configure:4986: result: yes
configure:4941: checking for stdint.h
configure:4957: i386-rtems-gcc -c  -Wall   conftest.c >&5
configure:4963: $? = 0
configure:4966: test -z 			 || test ! -s conftest.err
configure:4969: $? = 0
configure:4972: test -s conftest.o
configure:4975: $? = 0
configure:4986: result: yes
configure:4941: checking for unistd.h
configure:4957: i386-rtems-gcc -c  -Wall   conftest.c >&5
configure:4963: $? = 0
configure:4966: test -z 			 || test ! -s conftest.err
configure:4969: $? = 0
configure:4972: test -s conftest.o
configure:4975: $? = 0
configure:4986: result: yes
configure:5012: checking dlfcn.h usability
configure:5024: i386-rtems-gcc -c  -Wall   conftest.c >&5
conftest.c:52:19: error: dlfcn.h: No such file or directory
configure:5030: $? = 1
configure: failed program was:
| /* confdefs.h.  */
| 
| #define PACKAGE_NAME "orte"
| #define PACKAGE_TARNAME "orte"
| #define PACKAGE_VERSION "0.3.1"
| #define PACKAGE_STRING "orte 0.3.1"
| #define PACKAGE_BUGREPORT "petr.smolik@wo.cz"
| #define CONFIG_ORTE_UNIX 1
| #define STDC_HEADERS 1
| #define HAVE_SYS_TYPES_H 1
| #define HAVE_SYS_STAT_H 1
| #define HAVE_STDLIB_H 1
| #define HAVE_STRING_H 1
| #define HAVE_INTTYPES_H 1
| #define HAVE_STDINT_H 1
| #define HAVE_UNISTD_H 1
| /* end confdefs.h.  */
| #include <stdio.h>
| #if HAVE_SYS_TYPES_H
| # include <sys/types.h>
| #endif
| #if HAVE_SYS_STAT_H
| # include <sys/stat.h>
| #endif
| #if STDC_HEADERS
| # include <stdlib.h>
| # include <stddef.h>
| #else
| # if HAVE_STDLIB_H
| #  include <stdlib.h>
| # endif
| #endif
| #if HAVE_STRING_H
| # if !STDC_HEADERS && HAVE_MEMORY_H
| #  include <memory.h>
| # endif
| # include <string.h>
| #endif
| #if HAVE_STRINGS_H
| # include <strings.h>
| #endif
| #if HAVE_INTTYPES_H
| # include <inttypes.h>
| #else
| # if HAVE_STDINT_H
| #  include <stdint.h>
| # endif
| #endif
| #if HAVE_UNISTD_H
| # include <unistd.h>
| #endif
| #include <dlfcn.h>
configure:5052: result: no
configure:5056: checking dlfcn.h presence
configure:5066: i386-rtems-gcc -E  conftest.c
conftest.c:18:19: error: dlfcn.h: No such file or directory
configure:5072: $? = 1
configure: failed program was:
| /* confdefs.h.  */
| 
| #define PACKAGE_NAME "orte"
| #define PACKAGE_TARNAME "orte"
| #define PACKAGE_VERSION "0.3.1"
| #define PACKAGE_STRING "orte 0.3.1"
| #define PACKAGE_BUGREPORT "petr.smolik@wo.cz"
| #define CONFIG_ORTE_UNIX 1
| #define STDC_HEADERS 1
| #define HAVE_SYS_TYPES_H 1
| #define HAVE_SYS_STAT_H 1
| #define HAVE_STDLIB_H 1
| #define HAVE_STRING_H 1
| #define HAVE_INTTYPES_H 1
| #define HAVE_STDINT_H 1
| #define HAVE_UNISTD_H 1
| /* end confdefs.h.  */
| #include <dlfcn.h>
configure:5092: result: no
configure:5127: checking for dlfcn.h
configure:5134: result: no
configure:5157: checking for i386-rtems-g++
configure:5173: found /opt/rtems/bin/i386-rtems-g++
configure:5183: result: i386-rtems-g++
configure:5241: checking for C++ compiler version
configure:5244: i386-rtems-g++ --version </dev/null >&5
i386-rtems-g++ (GCC) 4.2.2
Copyright (C) 2007 Free Software Foundation, Inc.
This is free software; see the source for copying conditions.  There is NO
warranty; not even for MERCHANTABILITY or FITNESS FOR A PARTICULAR PURPOSE.

configure:5247: $? = 0
configure:5249: i386-rtems-g++ -v </dev/null >&5
Using built-in specs.
Target: i386-rtems
Configured with: ../gcc-4.2.2/configure --target=i386-rtems --with-gnu-as --with-gnu-ld --with-newlib --verbose --enable-threads --enable-language=c,c++ --program-prefix=i386-rtems --prefix=/opt/rtems : (reconfigured) ../gcc-4.2.2/configure --target=i386-rtems --with-gnu-as --with-gnu-ld --with-newlib --verbose --enable-threads --enable-language=c,c++ --program-prefix=i386-rtems- --prefix=/opt/rtems
Thread model: rtems
gcc version 4.2.2
configure:5252: $? = 0
configure:5254: i386-rtems-g++ -V </dev/null >&5
i386-rtems-g++: '-V' option must have argument
configure:5257: $? = 1
configure:5260: checking whether we are using the GNU C++ compiler
configure:5284: i386-rtems-g++ -c   conftest.cc >&5
configure:5290: $? = 0
configure:5293: test -z 			 || test ! -s conftest.err
configure:5296: $? = 0
configure:5299: test -s conftest.o
configure:5302: $? = 0
configure:5315: result: yes
configure:5321: checking whether i386-rtems-g++ accepts -g
configure:5342: i386-rtems-g++ -c -g  conftest.cc >&5
configure:5348: $? = 0
configure:5351: test -z 			 || test ! -s conftest.err
configure:5354: $? = 0
configure:5357: test -s conftest.o
configure:5360: $? = 0
configure:5371: result: yes
configure:5413: i386-rtems-g++ -c -g -O2  conftest.cc >&5
configure:5419: $? = 0
configure:5422: test -z 			 || test ! -s conftest.err
configure:5425: $? = 0
configure:5428: test -s conftest.o
configure:5431: $? = 0
configure:5457: i386-rtems-g++ -c -g -O2  conftest.cc >&5
conftest.cc: In function 'int main()':
conftest.cc:22: error: 'exit' was not declared in this scope
configure:5463: $? = 1
configure: failed program was:
| /* confdefs.h.  */
| 
| #define PACKAGE_NAME "orte"
| #define PACKAGE_TARNAME "orte"
| #define PACKAGE_VERSION "0.3.1"
| #define PACKAGE_STRING "orte 0.3.1"
| #define PACKAGE_BUGREPORT "petr.smolik@wo.cz"
| #define CONFIG_ORTE_UNIX 1
| #define STDC_HEADERS 1
| #define HAVE_SYS_TYPES_H 1
| #define HAVE_SYS_STAT_H 1
| #define HAVE_STDLIB_H 1
| #define HAVE_STRING_H 1
| #define HAVE_INTTYPES_H 1
| #define HAVE_STDINT_H 1
| #define HAVE_UNISTD_H 1
| /* end confdefs.h.  */
| 
| int
| main ()
| {
| exit (42);
|   ;
|   return 0;
| }
configure:5413: i386-rtems-g++ -c -g -O2  conftest.cc >&5
conftest.cc:18: error: 'void std::exit(int)' should have been declared inside 'std'
In file included from conftest.cc:19:
/opt/rtems/lib/gcc/i386-rtems/4.2.2/../../../../i386-rtems/include/stdlib.h:79: error: declaration of 'void std::exit(int)' throws different exceptions
conftest.cc:18: error: from previous declaration 'void std::exit(int) throw ()'
configure:5419: $? = 1
configure: failed program was:
| /* confdefs.h.  */
| 
| #define PACKAGE_NAME "orte"
| #define PACKAGE_TARNAME "orte"
| #define PACKAGE_VERSION "0.3.1"
| #define PACKAGE_STRING "orte 0.3.1"
| #define PACKAGE_BUGREPORT "petr.smolik@wo.cz"
| #define CONFIG_ORTE_UNIX 1
| #define STDC_HEADERS 1
| #define HAVE_SYS_TYPES_H 1
| #define HAVE_SYS_STAT_H 1
| #define HAVE_STDLIB_H 1
| #define HAVE_STRING_H 1
| #define HAVE_INTTYPES_H 1
| #define HAVE_STDINT_H 1
| #define HAVE_UNISTD_H 1
| /* end confdefs.h.  */
| extern "C" void std::exit (int) throw (); using std::exit;
| #include <stdlib.h>
| int
| main ()
| {
| exit (42);
|   ;
|   return 0;
| }
configure:5413: i386-rtems-g++ -c -g -O2  conftest.cc >&5
conftest.cc:18: error: 'void std::exit(int)' should have been declared inside 'std'
configure:5419: $? = 1
configure: failed program was:
| /* confdefs.h.  */
| 
| #define PACKAGE_NAME "orte"
| #define PACKAGE_TARNAME "orte"
| #define PACKAGE_VERSION "0.3.1"
| #define PACKAGE_STRING "orte 0.3.1"
| #define PACKAGE_BUGREPORT "petr.smolik@wo.cz"
| #define CONFIG_ORTE_UNIX 1
| #define STDC_HEADERS 1
| #define HAVE_SYS_TYPES_H 1
| #define HAVE_SYS_STAT_H 1
| #define HAVE_STDLIB_H 1
| #define HAVE_STRING_H 1
| #define HAVE_INTTYPES_H 1
| #define HAVE_STDINT_H 1
| #define HAVE_UNISTD_H 1
| /* end confdefs.h.  */
| extern "C" void std::exit (int); using std::exit;
| #include <stdlib.h>
| int
| main ()
| {
| exit (42);
|   ;
|   return 0;
| }
configure:5413: i386-rtems-g++ -c -g -O2  conftest.cc >&5
In file included from conftest.cc:19:
/opt/rtems/lib/gcc/i386-rtems/4.2.2/../../../../i386-rtems/include/stdlib.h:79: error: declaration of 'void exit(int)' throws different exceptions
conftest.cc:18: error: from previous declaration 'void exit(int) throw ()'
configure:5419: $? = 1
configure: failed program was:
| /* confdefs.h.  */
| 
| #define PACKAGE_NAME "orte"
| #define PACKAGE_TARNAME "orte"
| #define PACKAGE_VERSION "0.3.1"
| #define PACKAGE_STRING "orte 0.3.1"
| #define PACKAGE_BUGREPORT "petr.smolik@wo.cz"
| #define CONFIG_ORTE_UNIX 1
| #define STDC_HEADERS 1
| #define HAVE_SYS_TYPES_H 1
| #define HAVE_SYS_STAT_H 1
| #define HAVE_STDLIB_H 1
| #define HAVE_STRING_H 1
| #define HAVE_INTTYPES_H 1
| #define HAVE_STDINT_H 1
| #define HAVE_UNISTD_H 1
| /* end confdefs.h.  */
| extern "C" void exit (int) throw ();
| #include <stdlib.h>
| int
| main ()
| {
| exit (42);
|   ;
|   return 0;
| }
configure:5413: i386-rtems-g++ -c -g -O2  conftest.cc >&5
configure:5419: $? = 0
configure:5422: test -z 			 || test ! -s conftest.err
configure:5425: $? = 0
configure:5428: test -s conftest.o
configure:5431: $? = 0
configure:5457: i386-rtems-g++ -c -g -O2  conftest.cc >&5
configure:5463: $? = 0
configure:5466: test -z 			 || test ! -s conftest.err
configure:5469: $? = 0
configure:5472: test -s conftest.o
configure:5475: $? = 0
configure:5500: checking dependency style of i386-rtems-g++
configure:5590: result: gcc3
configure:5612: checking how to run the C++ preprocessor
configure:5643: i386-rtems-g++ -E  conftest.cc
configure:5649: $? = 0
configure:5681: i386-rtems-g++ -E  conftest.cc
conftest.cc:21:28: error: ac_nonexistent.h: No such file or directory
configure:5687: $? = 1
configure: failed program was:
| /* confdefs.h.  */
| 
| #define PACKAGE_NAME "orte"
| #define PACKAGE_TARNAME "orte"
| #define PACKAGE_VERSION "0.3.1"
| #define PACKAGE_STRING "orte 0.3.1"
| #define PACKAGE_BUGREPORT "petr.smolik@wo.cz"
| #define CONFIG_ORTE_UNIX 1
| #define STDC_HEADERS 1
| #define HAVE_SYS_TYPES_H 1
| #define HAVE_SYS_STAT_H 1
| #define HAVE_STDLIB_H 1
| #define HAVE_STRING_H 1
| #define HAVE_INTTYPES_H 1
| #define HAVE_STDINT_H 1
| #define HAVE_UNISTD_H 1
| #ifdef __cplusplus
| extern "C" void exit (int);
| #endif
| /* end confdefs.h.  */
| #include <ac_nonexistent.h>
configure:5726: result: i386-rtems-g++ -E
configure:5750: i386-rtems-g++ -E  conftest.cc
configure:5756: $? = 0
configure:5788: i386-rtems-g++ -E  conftest.cc
conftest.cc:21:28: error: ac_nonexistent.h: No such file or directory
configure:5794: $? = 1
configure: failed program was:
| /* confdefs.h.  */
| 
| #define PACKAGE_NAME "orte"
| #define PACKAGE_TARNAME "orte"
| #define PACKAGE_VERSION "0.3.1"
| #define PACKAGE_STRING "orte 0.3.1"
| #define PACKAGE_BUGREPORT "petr.smolik@wo.cz"
| #define CONFIG_ORTE_UNIX 1
| #define STDC_HEADERS 1
| #define HAVE_SYS_TYPES_H 1
| #define HAVE_SYS_STAT_H 1
| #define HAVE_STDLIB_H 1
| #define HAVE_STRING_H 1
| #define HAVE_INTTYPES_H 1
| #define HAVE_STDINT_H 1
| #define HAVE_UNISTD_H 1
| #ifdef __cplusplus
| extern "C" void exit (int);
| #endif
| /* end confdefs.h.  */
| #include <ac_nonexistent.h>
configure:5847: checking for i386-rtems-g77
configure:5876: result: no
configure:5847: checking for i386-rtems-f77
configure:5876: result: no
configure:5847: checking for i386-rtems-xlf
configure:5876: result: no
configure:5847: checking for i386-rtems-frt
configure:5876: result: no
configure:5847: checking for i386-rtems-pgf77
configure:5876: result: no
configure:5847: checking for i386-rtems-fort77
configure:5876: result: no
configure:5847: checking for i386-rtems-fl32
configure:5876: result: no
configure:5847: checking for i386-rtems-af77
configure:5876: result: no
configure:5847: checking for i386-rtems-f90
configure:5876: result: no
configure:5847: checking for i386-rtems-xlf90
configure:5876: result: no
configure:5847: checking for i386-rtems-pgf90
configure:5876: result: no
configure:5847: checking for i386-rtems-epcf90
configure:5876: result: no
configure:5847: checking for i386-rtems-f95
configure:5876: result: no
configure:5847: checking for i386-rtems-fort
configure:5876: result: no
configure:5847: checking for i386-rtems-xlf95
configure:5876: result: no
configure:5847: checking for i386-rtems-ifc
configure:5876: result: no
configure:5847: checking for i386-rtems-efc
configure:5876: result: no
configure:5847: checking for i386-rtems-pgf95
configure:5876: result: no
configure:5847: checking for i386-rtems-lf95
configure:5876: result: no
configure:5847: checking for i386-rtems-gfortran
configure:5876: result: no
configure:5889: checking for g77
configure:5905: found /usr/bin/g77
configure:5915: result: g77
configure:5930: checking for Fortran 77 compiler version
configure:5933: g77 --version </dev/null >&5
GNU Fortran (GCC) 3.4.6 (Ubuntu 3.4.6-6ubuntu5)
Copyright (C) 2006 Free Software Foundation, Inc.

GNU Fortran comes with NO WARRANTY, to the extent permitted by law.
You may redistribute copies of GNU Fortran
under the terms of the GNU General Public License.
For more information about these matters, see the file named COPYING
or type the command `info -f g77 Copying'.
configure:5936: $? = 0
configure:5938: g77 -v </dev/null >&5
Reading specs from /usr/lib/gcc/i486-linux-gnu/3.4.6/specs
Configured with: ../src/configure -v --enable-languages=c,c++,f77,pascal --prefix=/usr --libexecdir=/usr/lib --with-gxx-include-dir=/usr/include/c++/3.4 --enable-shared --with-system-zlib --enable-nls --without-included-gettext --program-suffix=-3.4 --enable-__cxa_atexit --enable-clocale=gnu --enable-libstdcxx-debug --with-tune=pentium4 i486-linux-gnu
Thread model: posix
gcc version 3.4.6 (Ubuntu 3.4.6-6ubuntu5)
configure:5941: $? = 0
configure:5943: g77 -V </dev/null >&5
g77: `-V' option must have argument
configure:5946: $? = 1
configure:5954: checking whether we are using the GNU Fortran 77 compiler
configure:5968: g77 -c  conftest.F >&5
configure:5974: $? = 0
configure:5977: test -z 			 || test ! -s conftest.err
configure:5980: $? = 0
configure:5983: test -s conftest.o
configure:5986: $? = 0
configure:5999: result: yes
configure:6005: checking whether g77 accepts -g
configure:6017: g77 -c -g conftest.f >&5
configure:6023: $? = 0
configure:6026: test -z 			 || test ! -s conftest.err
configure:6029: $? = 0
configure:6032: test -s conftest.o
configure:6035: $? = 0
configure:6047: result: yes
configure:6077: checking the maximum length of command line arguments
configure:6142: result: 32768
configure:6153: checking command to parse /opt/rtems/bin/i386-rtems-nm -B output from i386-rtems-gcc object
configure:6242: i386-rtems-gcc -c  -Wall   conftest.c >&5
configure:6245: $? = 0
configure:6249: /opt/rtems/bin/i386-rtems-nm -B conftest.o \| sed -n -e 's/^.*[ 	]\([ABCDGIRSTW][ABCDGIRSTW]*\)[ 	][ 	]*\(\)\([_A-Za-z][_A-Za-z0-9]*\)$/\1 \2\3 \3/p' \> conftest.nm
configure:6252: $? = 0
configure:6304: i386-rtems-gcc -o conftest  -Wall    conftest.c conftstm.o >&5
/opt/rtems/lib/gcc/i386-rtems/4.2.2/../../../../i386-rtems/bin/ld: warning: cannot find entry symbol _start; defaulting to 08048074
configure:6307: $? = 0
configure:6345: result: ok
configure:6349: checking for objdir
configure:6364: result: .libs
configure:6416: checking for i386-rtems-ar
configure:6432: found /opt/rtems/bin/i386-rtems-ar
configure:6442: result: i386-rtems-ar
configure:6496: checking for i386-rtems-ranlib
configure:6512: found /opt/rtems/bin/i386-rtems-ranlib
configure:6522: result: i386-rtems-ranlib
configure:6576: checking for i386-rtems-strip
configure:6602: result: i386-rtems-strip
configure:6903: checking if i386-rtems-gcc static flag  works
/opt/rtems/lib/gcc/i386-rtems/4.2.2/../../../../i386-rtems/bin/ld: warning: cannot find entry symbol _start; defaulting to 08048054
configure:6926: result: no
configure:6944: checking if i386-rtems-gcc supports -fno-rtti -fno-exceptions
configure:6962: i386-rtems-gcc -c  -Wall   -fno-rtti -fno-exceptions conftest.c >&5
cc1: warning: command line option "-fno-rtti" is valid for C++/ObjC++ but not for C
configure:6966: $? = 0
configure:6977: result: no
configure:6992: checking for i386-rtems-gcc option to produce PIC
configure:7169: result: -fPIC
configure:7177: checking if i386-rtems-gcc PIC flag -fPIC works
configure:7195: i386-rtems-gcc -c  -Wall   -fPIC -DPIC conftest.c >&5
configure:7199: $? = 0
configure:7210: result: yes
configure:7234: checking if i386-rtems-gcc supports -c -o file.o
configure:7255: i386-rtems-gcc -c  -Wall   -o out/conftest2.o conftest.c >&5
configure:7259: $? = 0
configure:7279: result: yes
configure:7305: checking whether the i386-rtems-gcc linker (/opt/rtems/i386-rtems/bin/ld) supports shared libraries
configure:8152: result: yes
configure:8178: checking whether -lc should be explicitly linked in
configure:8183: i386-rtems-gcc -c  -Wall   conftest.c >&5
configure:8186: $? = 0
configure:8200: i386-rtems-gcc -shared conftest.o  -v -Wl,-soname -Wl,conftest -o conftest 2\>\&1 \| grep  -lc  \>/dev/null 2\>\&1
configure:8203: $? = 1
configure:8215: result: yes
configure:8223: checking dynamic linker characteristics
configure:8775: result: no
configure:8779: checking how to hardcode library paths into programs
configure:8804: result: immediate
configure:8818: checking whether stripping libraries is possible
configure:8823: result: yes
configure:9646: checking if libtool supports shared libraries
configure:9648: result: no
configure:9651: checking whether to build shared libraries
configure:9709: result: no
configure:9712: checking whether to build static libraries
configure:9716: result: yes
configure:9808: creating libtool
configure:10355: checking for ld used by i386-rtems-g++
configure:10422: result: /opt/rtems/i386-rtems/bin/ld
configure:10431: checking if the linker (/opt/rtems/i386-rtems/bin/ld) is GNU ld
configure:10446: result: yes
configure:10497: checking whether the i386-rtems-g++ linker (/opt/rtems/i386-rtems/bin/ld) supports shared libraries
configure:11323: result: no
configure:11341: i386-rtems-g++ -c -g -O2  conftest.cc >&5
configure:11344: $? = 0
configure:11440: checking for i386-rtems-g++ option to produce PIC
configure:11692: result: -fPIC
configure:11700: checking if i386-rtems-g++ PIC flag -fPIC works
configure:11718: i386-rtems-g++ -c -g -O2  -fPIC -DPIC conftest.cc >&5
configure:11722: $? = 0
configure:11733: result: yes
configure:11757: checking if i386-rtems-g++ supports -c -o file.o
configure:11778: i386-rtems-g++ -c -g -O2  -o out/conftest2.o conftest.cc >&5
configure:11782: $? = 0
configure:11802: result: yes
configure:11828: checking whether the i386-rtems-g++ linker (/opt/rtems/i386-rtems/bin/ld) supports shared libraries
configure:11856: result: no
configure:11927: checking dynamic linker characteristics
configure:12479: result: no
configure:12483: checking how to hardcode library paths into programs
configure:12508: result: immediate
configure:12522: checking whether stripping libraries is possible
configure:12527: result: yes
configure:13827: checking if libtool supports shared libraries
configure:13829: result: no
configure:13832: checking whether to build shared libraries
configure:13850: result: no
configure:13853: checking whether to build static libraries
configure:13857: result: yes
configure:13869: checking for g77 option to produce PIC
configure:14046: result: -fPIC
configure:14054: checking if g77 PIC flag -fPIC works
configure:14072: g77 -c -g -O2 -fPIC conftest.f >&5
configure:14076: $? = 0
configure:14087: result: yes
configure:14111: checking if g77 supports -c -o file.o
configure:14132: g77 -c -g -O2 -o out/conftest2.o conftest.f >&5
configure:14136: $? = 0
configure:14156: result: yes
configure:14182: checking whether the g77 linker (/opt/rtems/i386-rtems/bin/ld) supports shared libraries
configure:15009: result: yes
configure:15080: checking dynamic linker characteristics
configure:15632: result: no
configure:15636: checking how to hardcode library paths into programs
configure:15661: result: immediate
configure:15675: checking whether stripping libraries is possible
configure:15680: result: yes
configure:19779: checking for i386-rtems-pkg-config
configure:19812: result: no
configure:19821: checking for pkg-config
configure:19839: found /usr/bin/pkg-config
configure:19851: result: /usr/bin/pkg-config
configure:19866: checking pkg-config is at least version 0.9.0
configure:19869: result: yes
configure:19878: checking whether to enable orte IDL compiler
configure:19887: result: no
configure:20069: checking whether to compile jorte
configure:20102: result: no
configure:20124: checking for main in -lws2_32
configure:20148: i386-rtems-gcc -o conftest  -Wall    conftest.c -lws2_32   >&5
/opt/rtems/lib/gcc/i386-rtems/4.2.2/../../../../i386-rtems/bin/ld: cannot find -lws2_32
collect2: ld returned 1 exit status
configure:20154: $? = 1
configure: failed program was:
| /* confdefs.h.  */
| 
| #define PACKAGE_NAME "orte"
| #define PACKAGE_TARNAME "orte"
| #define PACKAGE_VERSION "0.3.1"
| #define PACKAGE_STRING "orte 0.3.1"
| #define PACKAGE_BUGREPORT "petr.smolik@wo.cz"
| #define CONFIG_ORTE_UNIX 1
| #define STDC_HEADERS 1
| #define HAVE_SYS_TYPES_H 1
| #define HAVE_SYS_STAT_H 1
| #define HAVE_STDLIB_H 1
| #define HAVE_STRING_H 1
| #define HAVE_INTTYPES_H 1
| #define HAVE_STDINT_H 1
| #define HAVE_UNISTD_H 1
| #ifdef __cplusplus
| extern "C" void exit (int);
| #endif
| /* end confdefs.h.  */
| 
| 
| int
| main ()
| {
| main ();
|   ;
|   return 0;
| }
configure:20179: result: no
configure:20191: checking for main in -lsocket
configure:20215: i386-rtems-gcc -o conftest  -Wall    conftest.c -lsocket   >&5
/opt/rtems/lib/gcc/i386-rtems/4.2.2/../../../../i386-rtems/bin/ld: cannot find -lsocket
collect2: ld returned 1 exit status
configure:20221: $? = 1
configure: failed program was:
| /* confdefs.h.  */
| 
| #define PACKAGE_NAME "orte"
| #define PACKAGE_TARNAME "orte"
| #define PACKAGE_VERSION "0.3.1"
| #define PACKAGE_STRING "orte 0.3.1"
| #define PACKAGE_BUGREPORT "petr.smolik@wo.cz"
| #define CONFIG_ORTE_UNIX 1
| #define STDC_HEADERS 1
| #define HAVE_SYS_TYPES_H 1
| #define HAVE_SYS_STAT_H 1
| #define HAVE_STDLIB_H 1
| #define HAVE_STRING_H 1
| #define HAVE_INTTYPES_H 1
| #define HAVE_STDINT_H 1
| #define HAVE_UNISTD_H 1
| #ifdef __cplusplus
| extern "C" void exit (int);
| #endif
| /* end confdefs.h.  */
| 
| 
| int
| main ()
| {
| main ();
|   ;
|   return 0;
| }
configure:20246: result: no
configure:20258: checking for main in -lnsl
configure:20282: i386-rtems-gcc -o conftest  -Wall    conftest.c -lnsl   >&5
/opt/rtems/lib/gcc/i386-rtems/4.2.2/../../../../i386-rtems/bin/ld: cannot find -lnsl
collect2: ld returned 1 exit status
configure:20288: $? = 1
configure: failed program was:
| /* confdefs.h.  */
| 
| #define PACKAGE_NAME "orte"
| #define PACKAGE_TARNAME "orte"
| #define PACKAGE_VERSION "0.3.1"
| #define PACKAGE_STRING "orte 0.3.1"
| #define PACKAGE_BUGREPORT "petr.smolik@wo.cz"
| #define CONFIG_ORTE_UNIX 1
| #define STDC_HEADERS 1
| #define HAVE_SYS_TYPES_H 1
| #define HAVE_SYS_STAT_H 1
| #define HAVE_STDLIB_H 1
| #define HAVE_STRING_H 1
| #define HAVE_INTTYPES_H 1
| #define HAVE_STDINT_H 1
| #define HAVE_UNISTD_H 1
| #ifdef __cplusplus
| extern "C" void exit (int);
| #endif
| /* end confdefs.h.  */
| 
| 
| int
| main ()
| {
| main ();
|   ;
|   return 0;
| }
configure:20313: result: no
configure:20337: checking for ANSI C header files
configure:20492: result: yes
configure:20528: checking for arpa/inet.h
configure:20544: i386-rtems-gcc -c  -Wall   conftest.c >&5
conftest.c:24:23: error: arpa/inet.h: No such file or directory
configure:20550: $? = 1
configure: failed program was:
| /* confdefs.h.  */
| 
| #define PACKAGE_NAME "orte"
| #define PACKAGE_TARNAME "orte"
| #define PACKAGE_VERSION "0.3.1"
| #define PACKAGE_STRING "orte 0.3.1"
| #define PACKAGE_BUGREPORT "petr.smolik@wo.cz"
| #define CONFIG_ORTE_UNIX 1
| #define STDC_HEADERS 1
| #define HAVE_SYS_TYPES_H 1
| #define HAVE_SYS_STAT_H 1
| #define HAVE_STDLIB_H 1
| #define HAVE_STRING_H 1
| #define HAVE_INTTYPES_H 1
| #define HAVE_STDINT_H 1
| #define HAVE_UNISTD_H 1
| #ifdef __cplusplus
| extern "C" void exit (int);
| #endif
| #define STDC_HEADERS 1
| /* end confdefs.h.  */
| 
| 
| #include <arpa/inet.h>
configure:20573: result: no
configure:20528: checking for fcntl.h
configure:20544: i386-rtems-gcc -c  -Wall   conftest.c >&5
configure:20550: $? = 0
configure:20553: test -z 			 || test ! -s conftest.err
configure:20556: $? = 0
configure:20559: test -s conftest.o
configure:20562: $? = 0
configure:20573: result: yes
configure:20528: checking for stdio.h
configure:20544: i386-rtems-gcc -c  -Wall   conftest.c >&5
configure:20550: $? = 0
configure:20553: test -z 			 || test ! -s conftest.err
configure:20556: $? = 0
configure:20559: test -s conftest.o
configure:20562: $? = 0
configure:20573: result: yes
configure:20528: checking for netdb.h
configure:20544: i386-rtems-gcc -c  -Wall   conftest.c >&5
conftest.c:26:19: error: netdb.h: No such file or directory
configure:20550: $? = 1
configure: failed program was:
| /* confdefs.h.  */
| 
| #define PACKAGE_NAME "orte"
| #define PACKAGE_TARNAME "orte"
| #define PACKAGE_VERSION "0.3.1"
| #define PACKAGE_STRING "orte 0.3.1"
| #define PACKAGE_BUGREPORT "petr.smolik@wo.cz"
| #define CONFIG_ORTE_UNIX 1
| #define STDC_HEADERS 1
| #define HAVE_SYS_TYPES_H 1
| #define HAVE_SYS_STAT_H 1
| #define HAVE_STDLIB_H 1
| #define HAVE_STRING_H 1
| #define HAVE_INTTYPES_H 1
| #define HAVE_STDINT_H 1
| #define HAVE_UNISTD_H 1
| #ifdef __cplusplus
| extern "C" void exit (int);
| #endif
| #define STDC_HEADERS 1
| #define HAVE_FCNTL_H 1
| #define HAVE_STDIO_H 1
| /* end confdefs.h.  */
| 
| 
| #include <netdb.h>
configure:20573: result: no
configure:20528: checking for stdlib.h
configure:20573: result: yes
configure:20528: checking for string.h
configure:20573: result: yes
configure:20528: checking for sys/ioctl.h
configure:20544: i386-rtems-gcc -c  -Wall   conftest.c >&5
conftest.c:28:23: error: sys/ioctl.h: No such file or directory
configure:20550: $? = 1
configure: failed program was:
| /* confdefs.h.  */
| 
| #define PACKAGE_NAME "orte"
| #define PACKAGE_TARNAME "orte"
| #define PACKAGE_VERSION "0.3.1"
| #define PACKAGE_STRING "orte 0.3.1"
| #define PACKAGE_BUGREPORT "petr.smolik@wo.cz"
| #define CONFIG_ORTE_UNIX 1
| #define STDC_HEADERS 1
| #define HAVE_SYS_TYPES_H 1
| #define HAVE_SYS_STAT_H 1
| #define HAVE_STDLIB_H 1
| #define HAVE_STRING_H 1
| #define HAVE_INTTYPES_H 1
| #define HAVE_STDINT_H 1
| #define HAVE_UNISTD_H 1
| #ifdef __cplusplus
| extern "C" void exit (int);
| #endif
| #define STDC_HEADERS 1
| #define HAVE_FCNTL_H 1
| #define HAVE_STDIO_H 1
| #define HAVE_STDLIB_H 1
| #define HAVE_STRING_H 1
| /* end confdefs.h.  */
| 
| 
| #include <sys/ioctl.h>
configure:20573: result: no
configure:20528: checking for sys/time.h
configure:20544: i386-rtems-gcc -c  -Wall   conftest.c >&5
configure:20550: $? = 0
configure:20553: test -z 			 || test ! -s conftest.err
configure:20556: $? = 0
configure:20559: test -s conftest.o
configure:20562: $? = 0
configure:20573: result: yes
configure:20528: checking for unistd.h
configure:20573: result: yes
configure:20528: checking for pthread.h
configure:20544: i386-rtems-gcc -c  -Wall   conftest.c >&5
configure:20550: $? = 0
configure:20553: test -z 			 || test ! -s conftest.err
configure:20556: $? = 0
configure:20559: test -s conftest.o
configure:20562: $? = 0
configure:20573: result: yes
configure:20528: checking for sys/types.h
configure:20573: result: yes
configure:20528: checking for sys/sockio.h
configure:20544: i386-rtems-gcc -c  -Wall   conftest.c >&5
conftest.c:32:24: error: sys/sockio.h: No such file or directory
configure:20550: $? = 1
configure: failed program was:
| /* confdefs.h.  */
| 
| #define PACKAGE_NAME "orte"
| #define PACKAGE_TARNAME "orte"
| #define PACKAGE_VERSION "0.3.1"
| #define PACKAGE_STRING "orte 0.3.1"
| #define PACKAGE_BUGREPORT "petr.smolik@wo.cz"
| #define CONFIG_ORTE_UNIX 1
| #define STDC_HEADERS 1
| #define HAVE_SYS_TYPES_H 1
| #define HAVE_SYS_STAT_H 1
| #define HAVE_STDLIB_H 1
| #define HAVE_STRING_H 1
| #define HAVE_INTTYPES_H 1
| #define HAVE_STDINT_H 1
| #define HAVE_UNISTD_H 1
| #ifdef __cplusplus
| extern "C" void exit (int);
| #endif
| #define STDC_HEADERS 1
| #define HAVE_FCNTL_H 1
| #define HAVE_STDIO_H 1
| #define HAVE_STDLIB_H 1
| #define HAVE_STRING_H 1
| #define HAVE_SYS_TIME_H 1
| #define HAVE_UNISTD_H 1
| #define HAVE_PTHREAD_H 1
| #define HAVE_SYS_TYPES_H 1
| /* end confdefs.h.  */
| 
| 
| #include <sys/sockio.h>
configure:20573: result: no
configure:20528: checking for stdarg.h
configure:20544: i386-rtems-gcc -c  -Wall   conftest.c >&5
configure:20550: $? = 0
configure:20553: test -z 			 || test ! -s conftest.err
configure:20556: $? = 0
configure:20559: test -s conftest.o
configure:20562: $? = 0
configure:20573: result: yes
configure:20528: checking for byteswap.h
configure:20544: i386-rtems-gcc -c  -Wall   conftest.c >&5
conftest.c:33:22: error: byteswap.h: No such file or directory
configure:20550: $? = 1
configure: failed program was:
| /* confdefs.h.  */
| 
| #define PACKAGE_NAME "orte"
| #define PACKAGE_TARNAME "orte"
| #define PACKAGE_VERSION "0.3.1"
| #define PACKAGE_STRING "orte 0.3.1"
| #define PACKAGE_BUGREPORT "petr.smolik@wo.cz"
| #define CONFIG_ORTE_UNIX 1
| #define STDC_HEADERS 1
| #define HAVE_SYS_TYPES_H 1
| #define HAVE_SYS_STAT_H 1
| #define HAVE_STDLIB_H 1
| #define HAVE_STRING_H 1
| #define HAVE_INTTYPES_H 1
| #define HAVE_STDINT_H 1
| #define HAVE_UNISTD_H 1
| #ifdef __cplusplus
| extern "C" void exit (int);
| #endif
| #define STDC_HEADERS 1
| #define HAVE_FCNTL_H 1
| #define HAVE_STDIO_H 1
| #define HAVE_STDLIB_H 1
| #define HAVE_STRING_H 1
| #define HAVE_SYS_TIME_H 1
| #define HAVE_UNISTD_H 1
| #define HAVE_PTHREAD_H 1
| #define HAVE_SYS_TYPES_H 1
| #define HAVE_STDARG_H 1
| /* end confdefs.h.  */
| 
| 
| #include <byteswap.h>
configure:20573: result: no
configure:20528: checking for getopt.h
configure:20544: i386-rtems-gcc -c  -Wall   conftest.c >&5
configure:20550: $? = 0
configure:20553: test -z 			 || test ! -s conftest.err
configure:20556: $? = 0
configure:20559: test -s conftest.o
configure:20562: $? = 0
configure:20573: result: yes
configure:20528: checking for ctype.h
configure:20544: i386-rtems-gcc -c  -Wall   conftest.c >&5
configure:20550: $? = 0
configure:20553: test -z 			 || test ! -s conftest.err
configure:20556: $? = 0
configure:20559: test -s conftest.o
configure:20562: $? = 0
configure:20573: result: yes
configure:20528: checking for signal.h
configure:20544: i386-rtems-gcc -c  -Wall   conftest.c >&5
configure:20550: $? = 0
configure:20553: test -z 			 || test ! -s conftest.err
configure:20556: $? = 0
configure:20559: test -s conftest.o
configure:20562: $? = 0
configure:20573: result: yes
configure:20528: checking for stdint.h
configure:20573: result: yes
configure:20528: checking for errno.h
configure:20544: i386-rtems-gcc -c  -Wall   conftest.c >&5
configure:20550: $? = 0
configure:20553: test -z 			 || test ! -s conftest.err
configure:20556: $? = 0
configure:20559: test -s conftest.o
configure:20562: $? = 0
configure:20573: result: yes
configure:20588: checking for sys/socket.h
configure:20606: i386-rtems-gcc -c  -Wall   conftest.c >&5
conftest.c:40:24: error: sys/socket.h: No such file or directory
configure:20612: $? = 1
configure: failed program was:
| /* confdefs.h.  */
| 
| #define PACKAGE_NAME "orte"
| #define PACKAGE_TARNAME "orte"
| #define PACKAGE_VERSION "0.3.1"
| #define PACKAGE_STRING "orte 0.3.1"
| #define PACKAGE_BUGREPORT "petr.smolik@wo.cz"
| #define CONFIG_ORTE_UNIX 1
| #define STDC_HEADERS 1
| #define HAVE_SYS_TYPES_H 1
| #define HAVE_SYS_STAT_H 1
| #define HAVE_STDLIB_H 1
| #define HAVE_STRING_H 1
| #define HAVE_INTTYPES_H 1
| #define HAVE_STDINT_H 1
| #define HAVE_UNISTD_H 1
| #ifdef __cplusplus
| extern "C" void exit (int);
| #endif
| #define STDC_HEADERS 1
| #define HAVE_FCNTL_H 1
| #define HAVE_STDIO_H 1
| #define HAVE_STDLIB_H 1
| #define HAVE_STRING_H 1
| #define HAVE_SYS_TIME_H 1
| #define HAVE_UNISTD_H 1
| #define HAVE_PTHREAD_H 1
| #define HAVE_SYS_TYPES_H 1
| #define HAVE_STDARG_H 1
| #define HAVE_GETOPT_H 1
| #define HAVE_CTYPE_H 1
| #define HAVE_SIGNAL_H 1
| #define HAVE_STDINT_H 1
| #define HAVE_ERRNO_H 1
| /* end confdefs.h.  */
| #ifdef HAVE_SYS_TYPES_H
| 	     #include <sys/types.h>
|            #endif
| 
| #include <sys/socket.h>
configure:20635: result: no
configure:20650: checking for netinet/in.h
configure:20668: i386-rtems-gcc -c  -Wall   conftest.c >&5
conftest.c:40:24: error: netinet/in.h: No such file or directory
configure:20674: $? = 1
configure: failed program was:
| /* confdefs.h.  */
| 
| #define PACKAGE_NAME "orte"
| #define PACKAGE_TARNAME "orte"
| #define PACKAGE_VERSION "0.3.1"
| #define PACKAGE_STRING "orte 0.3.1"
| #define PACKAGE_BUGREPORT "petr.smolik@wo.cz"
| #define CONFIG_ORTE_UNIX 1
| #define STDC_HEADERS 1
| #define HAVE_SYS_TYPES_H 1
| #define HAVE_SYS_STAT_H 1
| #define HAVE_STDLIB_H 1
| #define HAVE_STRING_H 1
| #define HAVE_INTTYPES_H 1
| #define HAVE_STDINT_H 1
| #define HAVE_UNISTD_H 1
| #ifdef __cplusplus
| extern "C" void exit (int);
| #endif
| #define STDC_HEADERS 1
| #define HAVE_FCNTL_H 1
| #define HAVE_STDIO_H 1
| #define HAVE_STDLIB_H 1
| #define HAVE_STRING_H 1
| #define HAVE_SYS_TIME_H 1
| #define HAVE_UNISTD_H 1
| #define HAVE_PTHREAD_H 1
| #define HAVE_SYS_TYPES_H 1
| #define HAVE_STDARG_H 1
| #define HAVE_GETOPT_H 1
| #define HAVE_CTYPE_H 1
| #define HAVE_SIGNAL_H 1
| #define HAVE_STDINT_H 1
| #define HAVE_ERRNO_H 1
| /* end confdefs.h.  */
| #ifdef HAVE_SYS_TYPES_H
| 	     #include <sys/types.h>
|            #endif
| 
| #include <netinet/in.h>
configure:20697: result: no
configure:20712: checking for net/if.h
configure:20733: i386-rtems-gcc -c  -Wall   conftest.c >&5
conftest.c:43:20: error: net/if.h: No such file or directory
configure:20739: $? = 1
configure: failed program was:
| /* confdefs.h.  */
| 
| #define PACKAGE_NAME "orte"
| #define PACKAGE_TARNAME "orte"
| #define PACKAGE_VERSION "0.3.1"
| #define PACKAGE_STRING "orte 0.3.1"
| #define PACKAGE_BUGREPORT "petr.smolik@wo.cz"
| #define CONFIG_ORTE_UNIX 1
| #define STDC_HEADERS 1
| #define HAVE_SYS_TYPES_H 1
| #define HAVE_SYS_STAT_H 1
| #define HAVE_STDLIB_H 1
| #define HAVE_STRING_H 1
| #define HAVE_INTTYPES_H 1
| #define HAVE_STDINT_H 1
| #define HAVE_UNISTD_H 1
| #ifdef __cplusplus
| extern "C" void exit (int);
| #endif
| #define STDC_HEADERS 1
| #define HAVE_FCNTL_H 1
| #define HAVE_STDIO_H 1
| #define HAVE_STDLIB_H 1
| #define HAVE_STRING_H 1
| #define HAVE_SYS_TIME_H 1
| #define HAVE_UNISTD_H 1
| #define HAVE_PTHREAD_H 1
| #define HAVE_SYS_TYPES_H 1
| #define HAVE_STDARG_H 1
| #define HAVE_GETOPT_H 1
| #define HAVE_CTYPE_H 1
| #define HAVE_SIGNAL_H 1
| #define HAVE_STDINT_H 1
| #define HAVE_ERRNO_H 1
| /* end confdefs.h.  */
| #ifdef HAVE_SYS_TYPES_H
| 	     #include <sys/types.h>
|            #endif
|            #ifdef HAVE_SYS_SOCKET_H
| 	     #include <sys/socket.h>
|            #endif
| 
| #include <net/if.h>
configure:20762: result: no
configure:21258: checking whether byte ordering is bigendian
configure:21285: i386-rtems-gcc -c  -Wall   conftest.c >&5
configure:21291: $? = 0
configure:21294: test -z 			 || test ! -s conftest.err
configure:21297: $? = 0
configure:21300: test -s conftest.o
configure:21303: $? = 0
configure:21327: i386-rtems-gcc -c  -Wall   conftest.c >&5
conftest.c: In function 'main':
conftest.c:43: error: 'not' undeclared (first use in this function)
conftest.c:43: error: (Each undeclared identifier is reported only once
conftest.c:43: error: for each function it appears in.)
conftest.c:43: error: expected ';' before 'big'
configure:21333: $? = 1
configure: failed program was:
| /* confdefs.h.  */
| 
| #define PACKAGE_NAME "orte"
| #define PACKAGE_TARNAME "orte"
| #define PACKAGE_VERSION "0.3.1"
| #define PACKAGE_STRING "orte 0.3.1"
| #define PACKAGE_BUGREPORT "petr.smolik@wo.cz"
| #define CONFIG_ORTE_UNIX 1
| #define STDC_HEADERS 1
| #define HAVE_SYS_TYPES_H 1
| #define HAVE_SYS_STAT_H 1
| #define HAVE_STDLIB_H 1
| #define HAVE_STRING_H 1
| #define HAVE_INTTYPES_H 1
| #define HAVE_STDINT_H 1
| #define HAVE_UNISTD_H 1
| #ifdef __cplusplus
| extern "C" void exit (int);
| #endif
| #define STDC_HEADERS 1
| #define HAVE_FCNTL_H 1
| #define HAVE_STDIO_H 1
| #define HAVE_STDLIB_H 1
| #define HAVE_STRING_H 1
| #define HAVE_SYS_TIME_H 1
| #define HAVE_UNISTD_H 1
| #define HAVE_PTHREAD_H 1
| #define HAVE_SYS_TYPES_H 1
| #define HAVE_STDARG_H 1
| #define HAVE_GETOPT_H 1
| #define HAVE_CTYPE_H 1
| #define HAVE_SIGNAL_H 1
| #define HAVE_STDINT_H 1
| #define HAVE_ERRNO_H 1
| /* end confdefs.h.  */
| #include <sys/types.h>
| #include <sys/param.h>
| 
| int
| main ()
| {
| #if BYTE_ORDER != BIG_ENDIAN
|  not big endian
| #endif
| 
|   ;
|   return 0;
| }
configure:21466: result: no
configure:21485: checking for an ANSI C-conforming const
configure:21552: i386-rtems-gcc -c  -Wall   conftest.c >&5
conftest.c: In function 'main':
conftest.c:63: warning: unused variable 's'
conftest.c:83: warning: unused variable 'foo'
conftest.c:50: warning: unused variable 'zero'
conftest.c:44: warning: unused variable 'x'
configure:21558: $? = 0
configure:21561: test -z 			 || test ! -s conftest.err
configure:21564: $? = 0
configure:21567: test -s conftest.o
configure:21570: $? = 0
configure:21581: result: yes
configure:21591: checking for inline
configure:21612: i386-rtems-gcc -c  -Wall   conftest.c >&5
configure:21618: $? = 0
configure:21621: test -z 			 || test ! -s conftest.err
configure:21624: $? = 0
configure:21627: test -s conftest.o
configure:21630: $? = 0
configure:21642: result: inline
configure:21665: checking whether i386-rtems-gcc needs -traditional
conftest.c:36:19: error: sgtty.h: No such file or directory
conftest.c:36:20: error: termio.h: No such file or directory
configure:21707: result: no
configure:21720: checking for gethostbyname
configure:21777: i386-rtems-gcc -o conftest  -Wall    conftest.c  >&5
/opt/rtems/lib/gcc/i386-rtems/4.2.2/../../../../i386-rtems/bin/ld: warning: cannot find entry symbol _start; defaulting to 08048074
/tmp/ccWHScQG.o: In function `main':
conftest.c:(.text+0x14): undefined reference to `gethostbyname'
/tmp/ccWHScQG.o:(.data+0x0): undefined reference to `gethostbyname'
collect2: ld returned 1 exit status
configure:21783: $? = 1
configure: failed program was:
| /* confdefs.h.  */
| 
| #define PACKAGE_NAME "orte"
| #define PACKAGE_TARNAME "orte"
| #define PACKAGE_VERSION "0.3.1"
| #define PACKAGE_STRING "orte 0.3.1"
| #define PACKAGE_BUGREPORT "petr.smolik@wo.cz"
| #define CONFIG_ORTE_UNIX 1
| #define STDC_HEADERS 1
| #define HAVE_SYS_TYPES_H 1
| #define HAVE_SYS_STAT_H 1
| #define HAVE_STDLIB_H 1
| #define HAVE_STRING_H 1
| #define HAVE_INTTYPES_H 1
| #define HAVE_STDINT_H 1
| #define HAVE_UNISTD_H 1
| #ifdef __cplusplus
| extern "C" void exit (int);
| #endif
| #define STDC_HEADERS 1
| #define HAVE_FCNTL_H 1
| #define HAVE_STDIO_H 1
| #define HAVE_STDLIB_H 1
| #define HAVE_STRING_H 1
| #define HAVE_SYS_TIME_H 1
| #define HAVE_UNISTD_H 1
| #define HAVE_PTHREAD_H 1
| #define HAVE_SYS_TYPES_H 1
| #define HAVE_STDARG_H 1
| #define HAVE_GETOPT_H 1
| #define HAVE_CTYPE_H 1
| #define HAVE_SIGNAL_H 1
| #define HAVE_STDINT_H 1
| #define HAVE_ERRNO_H 1
| /* end confdefs.h.  */
| /* Define gethostbyname to an innocuous variant, in case <limits.h> declares gethostbyname.
|    For example, HP-UX 11i <limits.h> declares gettimeofday.  */
| #define gethostbyname innocuous_gethostbyname
| 
| /* System header to define __stub macros and hopefully few prototypes,
|     which can conflict with char gethostbyname (); below.
|     Prefer <limits.h> to <assert.h> if __STDC__ is defined, since
|     <limits.h> exists even on freestanding compilers.  */
| 
| #ifdef __STDC__
| # include <limits.h>
| #else
| # include <assert.h>
| #endif
| 
| #undef gethostbyname
| 
| /* Override any gcc2 internal prototype to avoid an error.  */
| #ifdef __cplusplus
| extern "C"
| {
| #endif
| /* We use char because int might match the return type of a gcc2
|    builtin and then its argument prototype would still apply.  */
| char gethostbyname ();
| /* The GNU C library defines this for functions which it implements
|     to always fail with ENOSYS.  Some functions are actually named
|     something starting with __ and the normal name is an alias.  */
| #if defined (__stub_gethostbyname) || defined (__stub___gethostbyname)
| choke me
| #else
| char (*f) () = gethostbyname;
| #endif
| #ifdef __cplusplus
| }
| #endif
| 
| int
| main ()
| {
| return f != gethostbyname;
|   ;
|   return 0;
| }
configure:21807: result: no
configure:21720: checking for getopt_long
configure:21777: i386-rtems-gcc -o conftest  -Wall    conftest.c  >&5
/opt/rtems/lib/gcc/i386-rtems/4.2.2/../../../../i386-rtems/bin/ld: warning: cannot find entry symbol _start; defaulting to 08048080
configure:21783: $? = 0
configure:21786: test -z 			 || test ! -s conftest.err
configure:21789: $? = 0
configure:21792: test -s conftest
configure:21795: $? = 0
configure:21807: result: yes
configure:22038: creating ./config.status

## ---------------------- ##
## Running config.status. ##
## ---------------------- ##

This file was extended by orte config.status 0.3.1, which was
generated by GNU Autoconf 2.59.  Invocation command line was

  CONFIG_FILES    = 
  CONFIG_HEADERS  = 
  CONFIG_LINKS    = 
  CONFIG_COMMANDS = 
  $ ./config.status 

on triangle

config.status:837: creating Makefile
config.status:837: creating orte/Makefile
config.status:837: creating orte/liborte/Makefile
config.status:837: creating orte/liborte/rtl/Makefile
config.status:837: creating orte/examples/Makefile
config.status:837: creating orte/examples/hello/Makefile
config.status:837: creating orte/examples/multicast/Makefile
config.status:837: creating orte/examples/reliable/Makefile
config.status:837: creating orte/examples/ping/Makefile
config.status:837: creating orte/examples/spy/Makefile
config.status:837: creating orte/examples/schneider/Makefile
config.status:837: creating orte/examples/mpo/Makefile
config.status:837: creating orte/idl-compiler/Makefile
config.status:837: creating orte/libjorte/Makefile
config.status:837: creating orte/manager/Makefile
config.status:837: creating modtool
config.status:903: creating orte/include/orte/orte_config.h
config.status:1215: executing depfiles commands
configure:23439: creating orte/include/orte/orte_config.h

## ---------------- ##
## Cache variables. ##
## ---------------- ##

ac_cv_build=i686-pc-linux-gnu
ac_cv_build_alias=i686-pc-linux-gnu
ac_cv_c_bigendian=no
ac_cv_c_compiler_gnu=yes
ac_cv_c_const=yes
ac_cv_c_inline=inline
ac_cv_cxx_compiler_gnu=yes
ac_cv_env_CC_set=
ac_cv_env_CC_value=
ac_cv_env_CFLAGS_set=
ac_cv_env_CFLAGS_value=
ac_cv_env_CPPFLAGS_set=
ac_cv_env_CPPFLAGS_value=
ac_cv_env_CPP_set=
ac_cv_env_CPP_value=
ac_cv_env_CXXCPP_set=
ac_cv_env_CXXCPP_value=
ac_cv_env_CXXFLAGS_set=
ac_cv_env_CXXFLAGS_value=
ac_cv_env_CXX_set=
ac_cv_env_CXX_value=
ac_cv_env_F77_set=
ac_cv_env_F77_value=
ac_cv_env_FFLAGS_set=
ac_cv_env_FFLAGS_value=
ac_cv_env_LDFLAGS_set=
ac_cv_env_LDFLAGS_value=
ac_cv_env_LIBIDL_CFLAGS_set=
ac_cv_env_LIBIDL_CFLAGS_value=
ac_cv_env_LIBIDL_LIBS_set=
ac_cv_env_LIBIDL_LIBS_value=
ac_cv_env_PKG_CONFIG_set=
ac_cv_env_PKG_CONFIG_value=
ac_cv_env_build_alias_set=
ac_cv_env_build_alias_value=
ac_cv_env_host_alias_set=set
ac_cv_env_host_alias_value=i386-rtems
ac_cv_env_target_alias_set=
ac_cv_env_target_alias_value=
ac_cv_exeext=
ac_cv_f77_compiler_gnu=yes
ac_cv_func_gethostbyname=no
ac_cv_func_getopt_long=yes
ac_cv_header_arpa_inet_h=no
ac_cv_header_byteswap_h=no
ac_cv_header_ctype_h=yes
ac_cv_header_dlfcn_h=no
ac_cv_header_errno_h=yes
ac_cv_header_fcntl_h=yes
ac_cv_header_getopt_h=yes
ac_cv_header_inttypes_h=yes
ac_cv_header_memory_h=no
ac_cv_header_net_if_h=no
ac_cv_header_netdb_h=no
ac_cv_header_netinet_in_h=no
ac_cv_header_pthread_h=yes
ac_cv_header_signal_h=yes
ac_cv_header_stdarg_h=yes
ac_cv_header_stdc=yes
ac_cv_header_stdint_h=yes
ac_cv_header_stdio_h=yes
ac_cv_header_stdlib_h=yes
ac_cv_header_string_h=yes
ac_cv_header_strings_h=no
ac_cv_header_sys_ioctl_h=no
ac_cv_header_sys_socket_h=no
ac_cv_header_sys_sockio_h=no
ac_cv_header_sys_stat_h=yes
ac_cv_header_sys_time_h=yes
ac_cv_header_sys_types_h=yes
ac_cv_header_unistd_h=yes
ac_cv_host=i386-pc-rtems
ac_cv_host_alias=i386-rtems
ac_cv_lib_nsl_main=no
ac_cv_lib_socket_main=no
ac_cv_lib_ws2_32_main=no
ac_cv_objext=o
ac_cv_path_ac_pt_PKG_CONFIG=/usr/bin/pkg-config
ac_cv_path_install='/usr/bin/install -c'
ac_cv_prog_AR=i386-rtems-ar
ac_cv_prog_AWK=gawk
ac_cv_prog_CC=i386-rtems-gcc
ac_cv_prog_CPP='i386-rtems-gcc -E'
ac_cv_prog_CXX=i386-rtems-g++
ac_cv_prog_CXXCPP='i386-rtems-g++ -E'
ac_cv_prog_RANLIB=i386-rtems-ranlib
ac_cv_prog_STRIP=i386-rtems-strip
ac_cv_prog_ac_ct_F77=g77
ac_cv_prog_cc_g=yes
ac_cv_prog_cc_stdc=
ac_cv_prog_cxx_g=yes
ac_cv_prog_egrep='grep -E'
ac_cv_prog_f77_g=yes
ac_cv_prog_gcc_traditional=no
ac_cv_prog_make_make_set=yes
ac_cv_target=i386-pc-rtems
ac_cv_target_alias=i386-rtems
am_cv_CC_dependencies_compiler_type=gcc3
am_cv_CXX_dependencies_compiler_type=gcc3
lt_cv_deplibs_check_method=unknown
lt_cv_file_magic_cmd='$MAGIC_CMD'
lt_cv_file_magic_test_file=
lt_cv_ld_reload_flag=-r
lt_cv_objdir=.libs
lt_cv_path_LD=/opt/rtems/i386-rtems/bin/ld
lt_cv_path_LDCXX=/opt/rtems/i386-rtems/bin/ld
lt_cv_path_NM='/opt/rtems/bin/i386-rtems-nm -B'
lt_cv_path_SED=/bin/sed
lt_cv_prog_compiler_c_o=yes
lt_cv_prog_compiler_c_o_CXX=yes
lt_cv_prog_compiler_c_o_F77=yes
lt_cv_prog_compiler_rtti_exceptions=no
lt_cv_prog_gnu_ld=yes
lt_cv_prog_gnu_ldcxx=yes
lt_cv_sys_global_symbol_pipe='sed -n -e '\''s/^.*[ 	]\([ABCDGIRSTW][ABCDGIRSTW]*\)[ 	][ 	]*\(\)\([_A-Za-z][_A-Za-z0-9]*\)$/\1 \2\3 \3/p'\'''
lt_cv_sys_global_symbol_to_c_name_address='sed -n -e '\''s/^: \([^ ]*\) $/  {\"\1\", (lt_ptr) 0},/p'\'' -e '\''s/^[BCDEGRST] \([^ ]*\) \([^ ]*\)$/  {"\2", (lt_ptr) \&\2},/p'\'''
lt_cv_sys_global_symbol_to_cdecl='sed -n -e '\''s/^. .* \(.*\)$/extern int \1;/p'\'''
lt_cv_sys_max_cmd_len=32768
lt_lt_cv_prog_compiler_c_o='"yes"'
lt_lt_cv_prog_compiler_c_o_CXX='"yes"'
lt_lt_cv_prog_compiler_c_o_F77='"yes"'
lt_lt_cv_sys_global_symbol_pipe='"sed -n -e '\''s/^.*[ 	]\\([ABCDGIRSTW][ABCDGIRSTW]*\\)[ 	][ 	]*\\(\\)\\([_A-Za-z][_A-Za-z0-9]*\\)\$/\\1 \\2\\3 \\3/p'\''"'
lt_lt_cv_sys_global_symbol_to_c_name_address='"sed -n -e '\''s/^: \\([^ ]*\\) \$/  {\\\"\\1\\\", (lt_ptr) 0},/p'\'' -e '\''s/^[BCDEGRST] \\([^ ]*\\) \\([^ ]*\\)\$/  {\"\\2\", (lt_ptr) \\&\\2},/p'\''"'
lt_lt_cv_sys_global_symbol_to_cdecl='"sed -n -e '\''s/^. .* \\(.*\\)\$/extern int \\1;/p'\''"'

## ----------------- ##
## Output variables. ##
## ----------------- ##

ACLOCAL='${SHELL} /home/dmills/embedded/rtems/orte-0.3.1/admin/missing --run aclocal-1.9'
AMDEPBACKSLASH='\'
AMDEP_FALSE='#'
AMDEP_TRUE=''
AMTAR='${SHELL} /home/dmills/embedded/rtems/orte-0.3.1/admin/missing --run tar'
AR='i386-rtems-ar'
AUTOCONF='${SHELL} /home/dmills/embedded/rtems/orte-0.3.1/admin/missing --run autoconf'
AUTOHEADER='${SHELL} /home/dmills/embedded/rtems/orte-0.3.1/admin/missing --run autoheader'
AUTOMAKE='${SHELL} /home/dmills/embedded/rtems/orte-0.3.1/admin/missing --run automake-1.9'
AWK='gawk'
CC='i386-rtems-gcc'
CCDEPMODE='depmode=gcc3'
CFLAGS=' -Wall '
CONFIG_ADEOS_FALSE=''
CONFIG_ADEOS_TRUE='#'
CONFIG_JORTE=''
CONFIG_JORTE_FALSE=''
CONFIG_JORTE_TRUE='#'
CONFIG_ORTE_CYGWIN_FALSE=''
CONFIG_ORTE_CYGWIN_TRUE='#'
CONFIG_ORTE_IDL=''
CONFIG_ORTE_IDL_FALSE=''
CONFIG_ORTE_IDL_TRUE='#'
CONFIG_ORTE_KERNEL='no'
CONFIG_ORTE_KERNEL_FALSE=''
CONFIG_ORTE_KERNEL_TRUE='#'
CONFIG_ORTE_MINGW_FALSE=''
CONFIG_ORTE_MINGW_TRUE='#'
CONFIG_ORTE_RT=''
CONFIG_ORTE_RT_FALSE=''
CONFIG_ORTE_RT_TRUE='#'
CONFIG_ORTE_UNIX_FALSE='#'
CONFIG_ORTE_UNIX_TRUE=''
CONFIG_ORTE_WIN_FALSE=''
CONFIG_ORTE_WIN_TRUE='#'
CONFIG_RTHAL_FALSE=''
CONFIG_RTHAL_TRUE='#'
CONFIG_RTLINUX_FALSE=''
CONFIG_RTLINUX_TRUE='#'
CPP='i386-rtems-gcc -E'
CPPFLAGS=''
CXX='i386-rtems-g++'
CXXCPP='i386-rtems-g++ -E'
CXXDEPMODE='depmode=gcc3'
CXXFLAGS='-g -O2'
CYGPATH_W='echo'
DEFS='-DHAVE_CONFIG_H'
DEPDIR='.deps'
ECHO='echo'
ECHO_C=''
ECHO_N='-n'
ECHO_T=''
EGREP='grep -E'
EXEEXT=''
F77='g77'
FFLAGS='-g -O2'
INCLUDES='-I$(top_srcdir)/orte/include -I$(top_builddir)/orte/include'
INSTALL_DATA='${INSTALL} -m 644'
INSTALL_PROGRAM='${INSTALL}'
INSTALL_SCRIPT='${INSTALL}'
INSTALL_STRIP_PROGRAM='${SHELL} $(install_sh) -c -s'
LDFLAGS=''
LIBIDL_CFLAGS=''
LIBIDL_LIBS=''
LIBOBJS=''
LIBS=''
LIBTOOL='$(SHELL) $(top_builddir)/libtool'
LINUX_AFLAGS=''
LINUX_ARCH=''
LINUX_ARFLAGS=''
LINUX_AS=''
LINUX_CC=''
LINUX_CFLAGS=''
LINUX_CROSS_COMPILE=''
LINUX_DIR='default'
LINUX_KERNELRELEASE=''
LINUX_LD=''
LINUX_LDFLAGS=''
LINUX_MODULE_EXT=''
LN_S='ln -s'
LTLIBOBJS=''
LT_AGE='0'
LT_CURRENT='1'
LT_RELEASE='0.3'
LT_REVISION='0'
MAINT='#'
MAINTAINER_MODE_FALSE=''
MAINTAINER_MODE_TRUE='#'
MAKEINFO='${SHELL} /home/dmills/embedded/rtems/orte-0.3.1/admin/missing --run makeinfo'
OBJEXT='o'
ORTE_BINARY_AGE='0'
ORTE_INTERFACE_AGE='0'
ORTE_MAJOR_VERSION='0'
ORTE_MICRO_VERSION='1'
ORTE_MINOR_VERSION='3'
ORTE_VERSION='0.3.1'
PACKAGE='orte'
PACKAGE_BUGREPORT='petr.smolik@wo.cz'
PACKAGE_NAME='orte'
PACKAGE_STRING='orte 0.3.1'
PACKAGE_TARNAME='orte'
PACKAGE_VERSION='0.3.1'
PATH_SEPARATOR=':'
PKG_CONFIG='/usr/bin/pkg-config'
RANLIB='i386-rtems-ranlib'
RTAI_CFLAGS=''
RTLINUX_CC=''
RTLINUX_CFLAGS=''
SET_MAKE=''
SHELL='/bin/bash'
STRIP='i386-rtems-strip'
USE_RTAI_FALSE=''
USE_RTAI_TRUE='#'
USE_RTLINUX_FALSE=''
USE_RTLINUX_TRUE='#'
VERSION='0.3.1'
ac_ct_AR=''
ac_ct_CC=''
ac_ct_CXX=''
ac_ct_F77='g77'
ac_ct_RANLIB=''
ac_ct_STRIP=''
ac_pt_PKG_CONFIG='/usr/bin/pkg-config'
am__fastdepCC_FALSE='#'
am__fastdepCC_TRUE=''
am__fastdepCXX_FALSE='#'
am__fastdepCXX_TRUE=''
am__include='include'
am__leading_dot='.'
am__quote=''
am__tar='${AMTAR} chof - "$$tardir"'
am__untar='${AMTAR} xf -'
bindir='${exec_prefix}/bin'
build='i686-pc-linux-gnu'
build_alias=''
build_cpu='i686'
build_os='linux-gnu'
build_vendor='pc'
datadir='${prefix}/share'
exec_prefix='${prefix}'
host='i386-pc-rtems'
host_alias='i386-rtems'
host_cpu='i386'
host_os='rtems'
host_vendor='pc'
includedir='${prefix}/include'
infodir='${prefix}/info'
install_sh='/home/dmills/embedded/rtems/orte-0.3.1/admin/install-sh'
libdir='${exec_prefix}/lib'
libexecdir='${exec_prefix}/libexec'
localstatedir='${prefix}/var'
mandir='${prefix}/man'
mkdir_p='mkdir -p --'
modulePROGRAMS_INSTALL='$(top_builddir)/modtool --install'
moduledir='$(libdir)/modules/$(LINUX_KERNELRELEASE)/orte'
oldincludedir='/usr/include'
prefix='/opt/rtems'
program_transform_name='s,x,x,'
sbindir='${exec_prefix}/sbin'
sharedstatedir='${prefix}/com'
sysconfdir='${prefix}/etc'
target='i386-pc-rtems'
target_alias=''
target_cpu='i386'
target_os='rtems'
target_vendor='pc'

## ----------- ##
## confdefs.h. ##
## ----------- ##

#define CONFIG_ORTE_UNIX 1
#define HAVE_CTYPE_H 1
#define HAVE_ERRNO_H 1
#define HAVE_FCNTL_H 1
#define HAVE_GETOPT_H 1
#define HAVE_GETOPT_LONG 1
#define HAVE_INTTYPES_H 1
#define HAVE_PTHREAD_H 1
#define HAVE_SIGNAL_H 1
#define HAVE_STDARG_H 1
#define HAVE_STDINT_H 1
#define HAVE_STDINT_H 1
#define HAVE_STDIO_H 1
#define HAVE_STDLIB_H 1
#define HAVE_STDLIB_H 1
#define HAVE_STRING_H 1
#define HAVE_STRING_H 1
#define HAVE_SYS_STAT_H 1
#define HAVE_SYS_TIME_H 1
#define HAVE_SYS_TYPES_H 1
#define HAVE_SYS_TYPES_H 1
#define HAVE_UNISTD_H 1
#define HAVE_UNISTD_H 1
#define PACKAGE_BUGREPORT "petr.smolik@wo.cz"
#define PACKAGE_NAME "orte"
#define PACKAGE_STRING "orte 0.3.1"
#define PACKAGE_TARNAME "orte"
#define PACKAGE_VERSION "0.3.1"
#define STDC_HEADERS 1
#define STDC_HEADERS 1
#endif
#ifdef __cplusplus
extern "C" void exit (int);

configure: exit 0

## ---------------------- ##
## Running config.status. ##
## ---------------------- ##

This file was extended by orte config.status 0.3.1, which was
generated by GNU Autoconf 2.59.  Invocation command line was

  CONFIG_FILES    = 
  CONFIG_HEADERS  = 
  CONFIG_LINKS    = 
  CONFIG_COMMANDS = 
  $ ./config.status Makefile

on triangle

config.status:837: creating Makefile
