This file contains any messages produced by compilers while
running configure, to aid debugging if configure makes a mistake.

It was created by rtems-tools-build configure 4.8.1, which was
generated by GNU Autoconf 2.61.  Invocation command line was

  $ ../../../rtems-4.8.1/tools/build/configure --prefix=/opt/rtems-4.8 --host=i686-pc-linux-gnu --build=i686-pc-linux-gnu --enable-posix --enable-networking --enable-rdbg --target=i386-rtems --cache-file=/dev/null --srcdir=../../../rtems-4.8.1/tools/build

## --------- ##
## Platform. ##
## --------- ##

hostname = triangle
uname -m = i686
uname -r = 2.6.24-19-generic
uname -s = Linux
uname -v = #1 SMP Fri Jul 11 23:41:49 UTC 2008

/usr/bin/uname -p = unknown
/bin/uname -X     = unknown

/bin/arch              = unknown
/usr/bin/arch -k       = unknown
/usr/convex/getsysinfo = unknown
/usr/bin/hostinfo      = unknown
/bin/machine           = unknown
/usr/bin/oslevel       = unknown
/bin/universe          = unknown

PATH: /opt/rtems/i386-rtems/bin
PATH: /usr/local/sbin
PATH: /usr/local/bin
PATH: /usr/sbin
PATH: /usr/bin
PATH: /sbin
PATH: /bin
PATH: /usr/games
PATH: /opt/rtems/bin


## ----------- ##
## Core tests. ##
## ----------- ##

configure:1788: checking for gmake
configure:1818: result: no
configure:1788: checking for make
configure:1804: found /usr/bin/make
configure:1815: result: make
configure:1840: checking for RTEMS Version
configure:1842: result: 4.8.1
configure:1852: checking build system type
configure:1870: result: i686-pc-linux-gnu
configure:1892: checking host system type
configure:1907: result: i686-pc-linux-gnu
configure:1945: checking for a BSD-compatible install
configure:2001: result: /usr/bin/install -c
configure:2012: checking whether build environment is sane
configure:2055: result: yes
configure:2083: checking for a thread-safe mkdir -p
configure:2122: result: /bin/mkdir -p
configure:2135: checking for gawk
configure:2151: found /usr/bin/gawk
configure:2162: result: gawk
configure:2173: checking whether make sets $(MAKE)
configure:2194: result: yes
configure:2373: checking whether to enable maintainer-specific portions of Makefiles
configure:2382: result: no
configure:2404: checking for i686-pc-linux-gnu-gcc
configure:2434: result: no
configure:2444: checking for gcc
configure:2460: found /opt/rtems/i386-rtems/bin/gcc
configure:2471: result: gcc
configure:2709: checking for C compiler version
configure:2716: gcc --version >&5
gcc (GCC) 4.2.2
Copyright (C) 2007 Free Software Foundation, Inc.
This is free software; see the source for copying conditions.  There is NO
warranty; not even for MERCHANTABILITY or FITNESS FOR A PARTICULAR PURPOSE.

configure:2719: $? = 0
configure:2726: gcc -v >&5
Using built-in specs.
Target: i386-rtems
Configured with: ../gcc-4.2.2/configure --target=i386-rtems --with-gnu-as --with-gnu-ld --with-newlib --verbose --enable-threads --enable-language=c,c++ --program-prefix=i386-rtems --prefix=/opt/rtems : (reconfigured) ../gcc-4.2.2/configure --target=i386-rtems --with-gnu-as --with-gnu-ld --with-newlib --verbose --enable-threads --enable-language=c,c++ --program-prefix=i386-rtems- --prefix=/opt/rtems
Thread model: rtems
gcc version 4.2.2
configure:2729: $? = 0
configure:2736: gcc -V >&5
gcc: '-V' option must have argument
configure:2739: $? = 1
configure:2762: checking for C compiler default output file name
configure:2789: gcc    conftest.c  >&5
/opt/rtems/lib/gcc/i386-rtems/4.2.2/../../../../i386-rtems/bin/ld: warning: cannot find entry symbol _start; defaulting to 08048054
configure:2792: $? = 0
configure:2830: result: a.out
configure:2847: checking whether the C compiler works
configure:2857: ./a.out
../../../rtems-4.8.1/tools/build/configure: line 2858: 30857 Segmentation fault      ./$ac_file
configure:2860: $? = 139
configure:2869: error: cannot run C compiled programs.
If you meant to cross compile, use `--host'.
See `config.log' for more details.

## ---------------- ##
## Cache variables. ##
## ---------------- ##

ac_cv_build=i686-pc-linux-gnu
ac_cv_env_CC_set=
ac_cv_env_CC_value=
ac_cv_env_CFLAGS_set=
ac_cv_env_CFLAGS_value=
ac_cv_env_CPPFLAGS_set=
ac_cv_env_CPPFLAGS_value=
ac_cv_env_CPP_set=
ac_cv_env_CPP_value=
ac_cv_env_LDFLAGS_set=
ac_cv_env_LDFLAGS_value=
ac_cv_env_LIBS_set=
ac_cv_env_LIBS_value=
ac_cv_env_build_alias_set=set
ac_cv_env_build_alias_value=i686-pc-linux-gnu
ac_cv_env_host_alias_set=set
ac_cv_env_host_alias_value=i686-pc-linux-gnu
ac_cv_env_target_alias_set=set
ac_cv_env_target_alias_value=i386-rtems
ac_cv_host=i686-pc-linux-gnu
ac_cv_path_install='/usr/bin/install -c'
ac_cv_path_mkdir=/bin/mkdir
ac_cv_prog_AWK=gawk
ac_cv_prog_MAKE=make
ac_cv_prog_ac_ct_CC=gcc
ac_cv_prog_make_make_set=yes

## ----------------- ##
## Output variables. ##
## ----------------- ##

ACLOCAL='${SHELL} /home/dmills/embedded/rtems/rtems-4.8.1/missing --run aclocal-1.10'
AMDEPBACKSLASH=''
AMDEP_FALSE=''
AMDEP_TRUE=''
AMTAR='${SHELL} /home/dmills/embedded/rtems/rtems-4.8.1/missing --run tar'
AUTOCONF='${SHELL} /home/dmills/embedded/rtems/rtems-4.8.1/missing --run autoconf'
AUTOHEADER='${SHELL} /home/dmills/embedded/rtems/rtems-4.8.1/missing --run autoheader'
AUTOMAKE='${SHELL} /home/dmills/embedded/rtems/rtems-4.8.1/missing --run automake-1.10'
AWK='gawk'
CC='gcc'
CCDEPMODE=''
CFLAGS=''
CPP=''
CPPFLAGS=''
CYGPATH_W='echo'
DEFS=''
DEPDIR=''
ECHO_C=''
ECHO_N='-n'
ECHO_T=''
EGREP=''
EXEEXT=''
GREP=''
INSTALL_DATA='${INSTALL} -m 644'
INSTALL_PROGRAM='${INSTALL}'
INSTALL_SCRIPT='${INSTALL}'
INSTALL_STRIP_PROGRAM='$(install_sh) -c -s'
KSH=''
LDFLAGS=''
LIBOBJS=''
LIBS=''
LTLIBOBJS=''
MAINT='#'
MAINTAINER_MODE_FALSE=''
MAINTAINER_MODE_TRUE='#'
MAKE='make'
MAKEINFO='${SHELL} /home/dmills/embedded/rtems/rtems-4.8.1/missing --run makeinfo'
OBJEXT=''
PACKAGE='rtems-tools-build'
PACKAGE_BUGREPORT='http://www.rtems.org/bugzilla'
PACKAGE_NAME='rtems-tools-build'
PACKAGE_STRING='rtems-tools-build 4.8.1'
PACKAGE_TARNAME='rtems-tools-build'
PACKAGE_VERSION='4.8.1'
PATH_SEPARATOR=':'
PROJECT_ROOT='../../$(top_builddir)'
PROJECT_TOPdir='../../$(top_builddir)'
RTEMS_TOPdir='../..'
SET_MAKE=''
SHELL='/bin/bash'
STRIP=''
VERSION='4.8.1'
ac_ct_CC='gcc'
am__fastdepCC_FALSE=''
am__fastdepCC_TRUE=''
am__include=''
am__isrc=' -I$(srcdir)'
am__leading_dot='.'
am__quote=''
am__tar='${AMTAR} chof - "$$tardir"'
am__untar='${AMTAR} xf -'
bindir='${exec_prefix}/bin'
build='i686-pc-linux-gnu'
build_alias='i686-pc-linux-gnu'
build_cpu='i686'
build_os='linux-gnu'
build_vendor='pc'
datadir='${datarootdir}'
datarootdir='${prefix}/share'
docdir='${datarootdir}/doc/${PACKAGE_TARNAME}'
dvidir='${docdir}'
exec_prefix='NONE'
host='i686-pc-linux-gnu'
host_alias='i686-pc-linux-gnu'
host_cpu='i686'
host_os='linux-gnu'
host_vendor='pc'
htmldir='${docdir}'
includedir='${prefix}/include'
infodir='${datarootdir}/info'
install_sh='$(SHELL) /home/dmills/embedded/rtems/rtems-4.8.1/install-sh'
libdir='${exec_prefix}/lib'
libexecdir='${exec_prefix}/libexec'
localedir='${datarootdir}/locale'
localstatedir='${prefix}/var'
mandir='${datarootdir}/man'
mkdir_p='/bin/mkdir -p'
oldincludedir='/usr/include'
pdfdir='${docdir}'
prefix='/opt/rtems-4.8'
program_transform_name='s,x,x,'
psdir='${docdir}'
sbindir='${exec_prefix}/sbin'
sharedstatedir='${prefix}/com'
sysconfdir='${prefix}/etc'
target_alias='i386-rtems'

## ----------- ##
## confdefs.h. ##
## ----------- ##

#define PACKAGE_NAME "rtems-tools-build"
#define PACKAGE_TARNAME "rtems-tools-build"
#define PACKAGE_VERSION "4.8.1"
#define PACKAGE_STRING "rtems-tools-build 4.8.1"
#define PACKAGE_BUGREPORT "http://www.rtems.org/bugzilla"

configure: exit 1
