========================================================================================
Report      : WARNING
Date        : Wed May 29 09:30:29 2013
Description : Did not install signal handlers to cleanup resources.
              To ensure cleanup for Java applications, the path to the 'jsig' library
              (libjsig.so) must be set in the LD_PRELOAD environment variable.
              This library is part of your Java distribution.
              To ensure proper cleanup set this before starting your application.
Node        : dhcp-23-188.tuc.noao.edu
Process     : java <19024>
Thread      : main thread b6df3b70
Internals   : V6.3.0/60923c2/5b0a617/OS abstraction layer/os_signalHandler.c/107/0/1369845029.612581954
========================================================================================
Report      : WARNING
Date        : Wed May 29 09:32:29 2013
Description : Did not install signal handlers to cleanup resources.
              To ensure cleanup for Java applications, the path to the 'jsig' library
              (libjsig.so) must be set in the LD_PRELOAD environment variable.
              This library is part of your Java distribution.
              To ensure proper cleanup set this before starting your application.
Node        : dhcp-23-188.tuc.noao.edu
Process     : java <19058>
Thread      : main thread b6eb8b70
Internals   : V6.3.0/60923c2/5b0a617/OS abstraction layer/os_signalHandler.c/107/0/1369845149.288813945
========================================================================================
Report      : WARNING
Date        : Wed May 29 09:47:32 2013
Description : Did not install signal handlers to cleanup resources.
              To ensure cleanup for Java applications, the path to the 'jsig' library
              (libjsig.so) must be set in the LD_PRELOAD environment variable.
              This library is part of your Java distribution.
              To ensure proper cleanup set this before starting your application.
Node        : dhcp-23-188.tuc.noao.edu
Process     : java <19201>
Thread      : main thread b6f1fb70
Internals   : V6.3.0/60923c2/5b0a617/OS abstraction layer/os_signalHandler.c/107/0/1369846052.332666959
========================================================================================
Report      : WARNING
Date        : Wed May 29 10:02:46 2013
Description : Did not install signal handlers to cleanup resources.
              To ensure cleanup for Java applications, the path to the 'jsig' library
              (libjsig.so) must be set in the LD_PRELOAD environment variable.
              This library is part of your Java distribution.
              To ensure proper cleanup set this before starting your application.
Node        : dhcp-23-188.tuc.noao.edu
Process     : java <19395>
Thread      : main thread b6e03b70
Internals   : V6.3.0/60923c2/5b0a617/OS abstraction layer/os_signalHandler.c/107/0/1369846966.870436886
========================================================================================
Report      : INFO
Date        : Wed May 29 10:02:46 2013
Description : Lease Manager for Participant 0xb6c620a8 started
Node        : dhcp-23-188.tuc.noao.edu
Process     : java <19395>
Thread      : watchdog b40cdb70
Internals   : V6.3.0/60923c2/5b0a617/u_participant::leaseManagerMain/u_participant.c/63/1/1369846966.874232121
========================================================================================
Report      : INFO
Date        : Wed May 29 10:02:46 2013
Description : Resend Manager for Participant 0xb6c620a8 started
Node        : dhcp-23-188.tuc.noao.edu
Process     : java <19395>
Thread      : resendManager b40bcb70
Internals   : V6.3.0/60923c2/5b0a617/u_participant::resendManagerMain/u_participant.c/93/1/1369846966.874341978
========================================================================================
Report      : INFO
Date        : Wed May 29 10:02:57 2013
Description : Resend Manager for Participant 0xb6c620a8 stopped
Node        : dhcp-23-188.tuc.noao.edu
Process     : java <19395>
Thread      : resendManager b40bcb70
Internals   : V6.3.0/60923c2/5b0a617/u_participant::resendManagerMain/u_participant.c/98/1/1369846977.110485937
========================================================================================
Report      : INFO
Date        : Wed May 29 10:02:57 2013
Description : Failed to release the handle of entity 0xb6c620a8 (kind = U_PARTICIPANT),
              result = U_RESULT_ILL_PARAM (This is normal on process exit)
Node        : dhcp-23-188.tuc.noao.edu
Process     : java <19395>
Thread      : resendManager b40bcb70
Internals   : V6.3.0/60923c2/5b0a617/user::u_entity::u_entityRelease/u_entity.c/631/0/1369846977.110545088
========================================================================================
Report      : INFO
Date        : Wed May 29 10:02:57 2013
Description : Lease Manager for Participant 0xb6c620a8 stopped
Node        : dhcp-23-188.tuc.noao.edu
Process     : java <19395>
Thread      : watchdog b40cdb70
Internals   : V6.3.0/60923c2/5b0a617/u_participant::leaseManagerMain/u_participant.c/68/1/1369846977.110585053
========================================================================================
Report      : INFO
Date        : Wed May 29 10:02:57 2013
Description : Failed to release the handle of entity 0xb6c620a8 (kind = U_PARTICIPANT),
              result = U_RESULT_ILL_PARAM (This is normal on process exit)
Node        : dhcp-23-188.tuc.noao.edu
Process     : java <19395>
Thread      : watchdog b40cdb70
Internals   : V6.3.0/60923c2/5b0a617/user::u_entity::u_entityRelease/u_entity.c/631/0/1369846977.110604406
========================================================================================
Report      : INFO
Date        : Wed May 29 10:02:57 2013
Description : Failed to release the handle of entity 0xb6c620a8 (kind = U_PARTICIPANT),
              result = U_RESULT_ILL_PARAM (This is normal on process exit)
Node        : dhcp-23-188.tuc.noao.edu
Process     : java <19395>
Thread      : SALTopicDataPublisher b40abb70
Internals   : V6.3.0/60923c2/5b0a617/user::u_entity::u_entityRelease/u_entity.c/631/0/1369846977.110659667
========================================================================================
Report      : WARNING
Date        : Wed May 29 10:03:38 2013
Description : Did not install signal handlers to cleanup resources.
              To ensure cleanup for Java applications, the path to the 'jsig' library
              (libjsig.so) must be set in the LD_PRELOAD environment variable.
              This library is part of your Java distribution.
              To ensure proper cleanup set this before starting your application.
Node        : dhcp-23-188.tuc.noao.edu
Process     : java <19445>
Thread      : main thread b6e85b70
Internals   : V6.3.0/60923c2/5b0a617/OS abstraction layer/os_signalHandler.c/107/0/1369847018.997747971
========================================================================================
Report      : INFO
Date        : Wed May 29 10:03:39 2013
Description : Lease Manager for Participant 0xb6d620a8 started
Node        : dhcp-23-188.tuc.noao.edu
Process     : java <19445>
Thread      : watchdog b414cb70
Internals   : V6.3.0/60923c2/5b0a617/u_participant::leaseManagerMain/u_participant.c/63/1/1369847019.001618095
========================================================================================
Report      : INFO
Date        : Wed May 29 10:03:39 2013
Description : Resend Manager for Participant 0xb6d620a8 started
Node        : dhcp-23-188.tuc.noao.edu
Process     : java <19445>
Thread      : resendManager b413bb70
Internals   : V6.3.0/60923c2/5b0a617/u_participant::resendManagerMain/u_participant.c/93/1/1369847019.001688859
========================================================================================
Report      : INFO
Date        : Wed May 29 10:03:39 2013
Description : Resend Manager for Participant 0xb6d620a8 stopped
Node        : dhcp-23-188.tuc.noao.edu
Process     : java <19445>
Thread      : resendManager b413bb70
Internals   : V6.3.0/60923c2/5b0a617/u_participant::resendManagerMain/u_participant.c/98/1/1369847019.900152686
========================================================================================
Report      : INFO
Date        : Wed May 29 10:03:39 2013
Description : Lease Manager for Participant 0xb6d620a8 stopped
Node        : dhcp-23-188.tuc.noao.edu
Process     : java <19445>
Thread      : watchdog b414cb70
Internals   : V6.3.0/60923c2/5b0a617/u_participant::leaseManagerMain/u_participant.c/68/1/1369847019.900246411
========================================================================================
Report      : WARNING
Date        : Wed May 29 10:06:45 2013
Description : Did not install signal handlers to cleanup resources.
              To ensure cleanup for Java applications, the path to the 'jsig' library
              (libjsig.so) must be set in the LD_PRELOAD environment variable.
              This library is part of your Java distribution.
              To ensure proper cleanup set this before starting your application.
Node        : dhcp-23-188.tuc.noao.edu
Process     : java <19502>
Thread      : main thread b6ec9b70
Internals   : V6.3.0/60923c2/5b0a617/OS abstraction layer/os_signalHandler.c/107/0/1369847205.187559289
========================================================================================
Report      : INFO
Date        : Wed May 29 10:06:45 2013
Description : Lease Manager for Participant 0xb6d620a8 started
Node        : dhcp-23-188.tuc.noao.edu
Process     : java <19502>
Thread      : watchdog b4190b70
Internals   : V6.3.0/60923c2/5b0a617/u_participant::leaseManagerMain/u_participant.c/63/1/1369847205.191354208
========================================================================================
Report      : INFO
Date        : Wed May 29 10:06:45 2013
Description : Resend Manager for Participant 0xb6d620a8 started
Node        : dhcp-23-188.tuc.noao.edu
Process     : java <19502>
Thread      : resendManager b417fb70
Internals   : V6.3.0/60923c2/5b0a617/u_participant::resendManagerMain/u_participant.c/93/1/1369847205.191425059
========================================================================================
Report      : INFO
Date        : Wed May 29 10:06:50 2013
Description : Resend Manager for Participant 0xb6d620a8 stopped
Node        : dhcp-23-188.tuc.noao.edu
Process     : java <19502>
Thread      : resendManager b417fb70
Internals   : V6.3.0/60923c2/5b0a617/u_participant::resendManagerMain/u_participant.c/98/1/1369847210.556072104
========================================================================================
Report      : INFO
Date        : Wed May 29 10:06:50 2013
Description : Lease Manager for Participant 0xb6d620a8 stopped
Node        : dhcp-23-188.tuc.noao.edu
Process     : java <19502>
Thread      : watchdog b4190b70
Internals   : V6.3.0/60923c2/5b0a617/u_participant::leaseManagerMain/u_participant.c/68/1/1369847210.556148535
========================================================================================
Report      : WARNING
Date        : Wed May 29 10:07:11 2013
Description : Did not install signal handlers to cleanup resources.
              To ensure cleanup for Java applications, the path to the 'jsig' library
              (libjsig.so) must be set in the LD_PRELOAD environment variable.
              This library is part of your Java distribution.
              To ensure proper cleanup set this before starting your application.
Node        : dhcp-23-188.tuc.noao.edu
Process     : java <19526>
Thread      : main thread b6fabb70
Internals   : V6.3.0/60923c2/5b0a617/OS abstraction layer/os_signalHandler.c/107/0/1369847231.812388993
========================================================================================
Report      : INFO
Date        : Wed May 29 10:07:11 2013
Description : Lease Manager for Participant 0xb6e620a8 started
Node        : dhcp-23-188.tuc.noao.edu
Process     : java <19526>
Thread      : watchdog b4273b70
Internals   : V6.3.0/60923c2/5b0a617/u_participant::leaseManagerMain/u_participant.c/63/1/1369847231.816374950
========================================================================================
Report      : INFO
Date        : Wed May 29 10:07:11 2013
Description : Resend Manager for Participant 0xb6e620a8 started
Node        : dhcp-23-188.tuc.noao.edu
Process     : java <19526>
Thread      : resendManager b4262b70
Internals   : V6.3.0/60923c2/5b0a617/u_participant::resendManagerMain/u_participant.c/93/1/1369847231.816443773
========================================================================================
Report      : WARNING
Date        : Wed May 29 10:07:12 2013
Description : Did not install signal handlers to cleanup resources.
              To ensure cleanup for Java applications, the path to the 'jsig' library
              (libjsig.so) must be set in the LD_PRELOAD environment variable.
              This library is part of your Java distribution.
              To ensure proper cleanup set this before starting your application.
Node        : dhcp-23-188.tuc.noao.edu
Process     : java <19527>
Thread      : main thread b78cdb70
Internals   : V6.3.0/60923c2/5b0a617/OS abstraction layer/os_signalHandler.c/107/0/1369847232.790140270
========================================================================================
Report      : INFO
Date        : Wed May 29 10:07:12 2013
Description : Lease Manager for Participant 0xb77ad8c0 started
Node        : dhcp-23-188.tuc.noao.edu
Process     : java <19527>
Thread      : watchdog b7822b70
Internals   : V6.3.0/60923c2/5b0a617/u_participant::leaseManagerMain/u_participant.c/63/1/1369847232.794548305
========================================================================================
Report      : INFO
Date        : Wed May 29 10:07:12 2013
Description : Resend Manager for Participant 0xb77ad8c0 started
Node        : dhcp-23-188.tuc.noao.edu
Process     : java <19527>
Thread      : resendManager b7811b70
Internals   : V6.3.0/60923c2/5b0a617/u_participant::resendManagerMain/u_participant.c/93/1/1369847232.794709970
========================================================================================
Report      : INFO
Date        : Wed May 29 10:07:29 2013
Description : Resend Manager for Participant 0xb6e620a8 stopped
Node        : dhcp-23-188.tuc.noao.edu
Process     : java <19526>
Thread      : resendManager b4262b70
Internals   : V6.3.0/60923c2/5b0a617/u_participant::resendManagerMain/u_participant.c/98/1/1369847249.676139358
========================================================================================
Report      : INFO
Date        : Wed May 29 10:07:29 2013
Description : Lease Manager for Participant 0xb6e620a8 stopped
Node        : dhcp-23-188.tuc.noao.edu
Process     : java <19526>
Thread      : watchdog b4273b70
Internals   : V6.3.0/60923c2/5b0a617/u_participant::leaseManagerMain/u_participant.c/68/1/1369847249.676248668
========================================================================================
Report      : INFO
Date        : Wed May 29 10:08:02 2013
Description : Resend Manager for Participant 0xb77ad8c0 stopped
Node        : dhcp-23-188.tuc.noao.edu
Process     : java <19527>
Thread      : resendManager b7811b70
Internals   : V6.3.0/60923c2/5b0a617/u_participant::resendManagerMain/u_participant.c/98/1/1369847282.108371599
========================================================================================
Report      : INFO
Date        : Wed May 29 10:08:02 2013
Description : Lease Manager for Participant 0xb77ad8c0 stopped
Node        : dhcp-23-188.tuc.noao.edu
Process     : java <19527>
Thread      : watchdog b7822b70
Internals   : V6.3.0/60923c2/5b0a617/u_participant::leaseManagerMain/u_participant.c/68/1/1369847282.108471783
========================================================================================
Report      : WARNING
Date        : Wed May 29 10:08:19 2013
Description : Did not install signal handlers to cleanup resources.
              To ensure cleanup for Java applications, the path to the 'jsig' library
              (libjsig.so) must be set in the LD_PRELOAD environment variable.
              This library is part of your Java distribution.
              To ensure proper cleanup set this before starting your application.
Node        : dhcp-23-188.tuc.noao.edu
Process     : java <19573>
Thread      : main thread b6e63b70
Internals   : V6.3.0/60923c2/5b0a617/OS abstraction layer/os_signalHandler.c/107/0/1369847299.159849601
========================================================================================
Report      : INFO
Date        : Wed May 29 10:08:19 2013
Description : Lease Manager for Participant 0xb6d620a0 started
Node        : dhcp-23-188.tuc.noao.edu
Process     : java <19573>
Thread      : watchdog b412ab70
Internals   : V6.3.0/60923c2/5b0a617/u_participant::leaseManagerMain/u_participant.c/63/1/1369847299.178007079
========================================================================================
Report      : INFO
Date        : Wed May 29 10:08:19 2013
Description : Resend Manager for Participant 0xb6d620a0 started
Node        : dhcp-23-188.tuc.noao.edu
Process     : java <19573>
Thread      : resendManager b4119b70
Internals   : V6.3.0/60923c2/5b0a617/u_participant::resendManagerMain/u_participant.c/93/1/1369847299.193481454
========================================================================================
Report      : WARNING
Date        : Wed May 29 10:08:19 2013
Description : Did not install signal handlers to cleanup resources.
              To ensure cleanup for Java applications, the path to the 'jsig' library
              (libjsig.so) must be set in the LD_PRELOAD environment variable.
              This library is part of your Java distribution.
              To ensure proper cleanup set this before starting your application.
Node        : dhcp-23-188.tuc.noao.edu
Process     : java <19572>
Thread      : main thread b781db70
Internals   : V6.3.0/60923c2/5b0a617/OS abstraction layer/os_signalHandler.c/107/0/1369847299.215858473
========================================================================================
Report      : INFO
Date        : Wed May 29 10:08:19 2013
Description : Lease Manager for Participant 0xb76a58c8 started
Node        : dhcp-23-188.tuc.noao.edu
Process     : java <19572>
Thread      : watchdog 93411b70
Internals   : V6.3.0/60923c2/5b0a617/u_participant::leaseManagerMain/u_participant.c/63/1/1369847299.228082190
========================================================================================
Report      : INFO
Date        : Wed May 29 10:08:19 2013
Description : Resend Manager for Participant 0xb76a58c8 started
Node        : dhcp-23-188.tuc.noao.edu
Process     : java <19572>
Thread      : resendManager 92f0ab70
Internals   : V6.3.0/60923c2/5b0a617/u_participant::resendManagerMain/u_participant.c/93/1/1369847299.228215076
========================================================================================
Report      : INFO
Date        : Wed May 29 10:08:50 2013
Description : Resend Manager for Participant 0xb76a58c8 stopped
Node        : dhcp-23-188.tuc.noao.edu
Process     : java <19572>
Thread      : resendManager 92f0ab70
Internals   : V6.3.0/60923c2/5b0a617/u_participant::resendManagerMain/u_participant.c/98/1/1369847330.900377601
========================================================================================
Report      : INFO
Date        : Wed May 29 10:08:50 2013
Description : Lease Manager for Participant 0xb76a58c8 stopped
Node        : dhcp-23-188.tuc.noao.edu
Process     : java <19572>
Thread      : watchdog 93411b70
Internals   : V6.3.0/60923c2/5b0a617/u_participant::leaseManagerMain/u_participant.c/68/1/1369847330.900471790
========================================================================================
Report      : WARNING
Date        : Wed May 29 10:09:08 2013
Description : Did not install signal handlers to cleanup resources.
              To ensure cleanup for Java applications, the path to the 'jsig' library
              (libjsig.so) must be set in the LD_PRELOAD environment variable.
              This library is part of your Java distribution.
              To ensure proper cleanup set this before starting your application.
Node        : dhcp-23-188.tuc.noao.edu
Process     : java <19610>
Thread      : main thread b7844b70
Internals   : V6.3.0/60923c2/5b0a617/OS abstraction layer/os_signalHandler.c/107/0/1369847348.145167443
========================================================================================
Report      : INFO
Date        : Wed May 29 10:09:08 2013
Description : Lease Manager for Participant 0xb76a5ce0 started
Node        : dhcp-23-188.tuc.noao.edu
Process     : java <19610>
Thread      : watchdog b771bb70
Internals   : V6.3.0/60923c2/5b0a617/u_participant::leaseManagerMain/u_participant.c/63/1/1369847348.148397345
========================================================================================
Report      : INFO
Date        : Wed May 29 10:09:08 2013
Description : Resend Manager for Participant 0xb76a5ce0 started
Node        : dhcp-23-188.tuc.noao.edu
Process     : java <19610>
Thread      : resendManager 9341cb70
Internals   : V6.3.0/60923c2/5b0a617/u_participant::resendManagerMain/u_participant.c/93/1/1369847348.148466902
========================================================================================
Report      : INFO
Date        : Wed May 29 10:09:32 2013
Description : Resend Manager for Participant 0xb76a5ce0 stopped
Node        : dhcp-23-188.tuc.noao.edu
Process     : java <19610>
Thread      : resendManager 9341cb70
Internals   : V6.3.0/60923c2/5b0a617/u_participant::resendManagerMain/u_participant.c/98/1/1369847372.490024150
========================================================================================
Report      : INFO
Date        : Wed May 29 10:09:32 2013
Description : Lease Manager for Participant 0xb76a5ce0 stopped
Node        : dhcp-23-188.tuc.noao.edu
Process     : java <19610>
Thread      : watchdog b771bb70
Internals   : V6.3.0/60923c2/5b0a617/u_participant::leaseManagerMain/u_participant.c/68/1/1369847372.490094827
========================================================================================
Report      : INFO
Date        : Wed May 29 10:09:34 2013
Description : Resend Manager for Participant 0xb6d620a0 stopped
Node        : dhcp-23-188.tuc.noao.edu
Process     : java <19573>
Thread      : resendManager b4119b70
Internals   : V6.3.0/60923c2/5b0a617/u_participant::resendManagerMain/u_participant.c/98/1/1369847374.167686046
========================================================================================
Report      : INFO
Date        : Wed May 29 10:09:34 2013
Description : Failed to release the handle of entity 0xb6d620a0 (kind = U_PARTICIPANT),
              result = U_RESULT_ILL_PARAM (This is normal on process exit)
Node        : dhcp-23-188.tuc.noao.edu
Process     : java <19573>
Thread      : resendManager b4119b70
Internals   : V6.3.0/60923c2/5b0a617/user::u_entity::u_entityRelease/u_entity.c/631/0/1369847374.167731155
========================================================================================
Report      : INFO
Date        : Wed May 29 10:09:34 2013
Description : Lease Manager for Participant 0xb6d620a0 stopped
Node        : dhcp-23-188.tuc.noao.edu
Process     : java <19573>
Thread      : watchdog b412ab70
Internals   : V6.3.0/60923c2/5b0a617/u_participant::leaseManagerMain/u_participant.c/68/1/1369847374.167775293
========================================================================================
Report      : INFO
Date        : Wed May 29 10:09:34 2013
Description : Failed to release the handle of entity 0xb6d620a0 (kind = U_PARTICIPANT),
              result = U_RESULT_ILL_PARAM (This is normal on process exit)
Node        : dhcp-23-188.tuc.noao.edu
Process     : java <19573>
Thread      : watchdog b412ab70
Internals   : V6.3.0/60923c2/5b0a617/user::u_entity::u_entityRelease/u_entity.c/631/0/1369847374.167794742
========================================================================================
Report      : INFO
Date        : Wed May 29 10:09:34 2013
Description : Failed to release the handle of entity 0xb6d620a0 (kind = U_PARTICIPANT),
              result = U_RESULT_ILL_PARAM (This is normal on process exit)
Node        : dhcp-23-188.tuc.noao.edu
Process     : java <19573>
Thread      : SALTopicDataPublisher b4108b70
Internals   : V6.3.0/60923c2/5b0a617/user::u_entity::u_entityRelease/u_entity.c/631/0/1369847374.167856335
========================================================================================
Report      : WARNING
Date        : Wed May 29 10:14:34 2013
Description : Did not install signal handlers to cleanup resources.
              To ensure cleanup for Java applications, the path to the 'jsig' library
              (libjsig.so) must be set in the LD_PRELOAD environment variable.
              This library is part of your Java distribution.
              To ensure proper cleanup set this before starting your application.
Node        : dhcp-23-188.tuc.noao.edu
Process     : java <19728>
Thread      : main thread b6f2fb70
Internals   : V6.3.0/60923c2/5b0a617/OS abstraction layer/os_signalHandler.c/107/0/1369847674.941845901
========================================================================================
Report      : INFO
Date        : Wed May 29 10:14:34 2013
Description : Lease Manager for Participant 0xb6d620a0 started
Node        : dhcp-23-188.tuc.noao.edu
Process     : java <19728>
Thread      : watchdog b41f4b70
Internals   : V6.3.0/60923c2/5b0a617/u_participant::leaseManagerMain/u_participant.c/63/1/1369847674.951355948
========================================================================================
Report      : INFO
Date        : Wed May 29 10:14:34 2013
Description : Resend Manager for Participant 0xb6d620a0 started
Node        : dhcp-23-188.tuc.noao.edu
Process     : java <19728>
Thread      : resendManager b41e3b70
Internals   : V6.3.0/60923c2/5b0a617/u_participant::resendManagerMain/u_participant.c/93/1/1369847674.951441288
========================================================================================
Report      : WARNING
Date        : Wed May 29 10:14:35 2013
Description : Did not install signal handlers to cleanup resources.
              To ensure cleanup for Java applications, the path to the 'jsig' library
              (libjsig.so) must be set in the LD_PRELOAD environment variable.
              This library is part of your Java distribution.
              To ensure proper cleanup set this before starting your application.
Node        : dhcp-23-188.tuc.noao.edu
Process     : java <19731>
Thread      : main thread b7702b70
Internals   : V6.3.0/60923c2/5b0a617/OS abstraction layer/os_signalHandler.c/107/0/1369847675.035375779
========================================================================================
Report      : INFO
Date        : Wed May 29 10:14:35 2013
Description : Lease Manager for Participant 0xb75a3e10 started
Node        : dhcp-23-188.tuc.noao.edu
Process     : java <19731>
Thread      : watchdog 9324ab70
Internals   : V6.3.0/60923c2/5b0a617/u_participant::leaseManagerMain/u_participant.c/63/1/1369847675.039054639
========================================================================================
Report      : INFO
Date        : Wed May 29 10:14:35 2013
Description : Resend Manager for Participant 0xb75a3e10 started
Node        : dhcp-23-188.tuc.noao.edu
Process     : java <19731>
Thread      : resendManager 93239b70
Internals   : V6.3.0/60923c2/5b0a617/u_participant::resendManagerMain/u_participant.c/93/1/1369847675.039124377
========================================================================================
Report      : INFO
Date        : Wed May 29 10:14:42 2013
Description : Resend Manager for Participant 0xb6d620a0 stopped
Node        : dhcp-23-188.tuc.noao.edu
Process     : java <19728>
Thread      : resendManager b41e3b70
Internals   : V6.3.0/60923c2/5b0a617/u_participant::resendManagerMain/u_participant.c/98/1/1369847682.902930077
========================================================================================
Report      : INFO
Date        : Wed May 29 10:14:42 2013
Description : Failed to release the handle of entity 0xb6d620a0 (kind = U_PARTICIPANT),
              result = U_RESULT_ILL_PARAM (This is normal on process exit)
Node        : dhcp-23-188.tuc.noao.edu
Process     : java <19728>
Thread      : resendManager b41e3b70
Internals   : V6.3.0/60923c2/5b0a617/user::u_entity::u_entityRelease/u_entity.c/631/0/1369847682.902972774
========================================================================================
Report      : INFO
Date        : Wed May 29 10:14:42 2013
Description : Lease Manager for Participant 0xb6d620a0 stopped
Node        : dhcp-23-188.tuc.noao.edu
Process     : java <19728>
Thread      : watchdog b41f4b70
Internals   : V6.3.0/60923c2/5b0a617/u_participant::leaseManagerMain/u_participant.c/68/1/1369847682.903029482
========================================================================================
Report      : INFO
Date        : Wed May 29 10:14:42 2013
Description : Failed to release the handle of entity 0xb6d620a0 (kind = U_PARTICIPANT),
              result = U_RESULT_ILL_PARAM (This is normal on process exit)
Node        : dhcp-23-188.tuc.noao.edu
Process     : java <19728>
Thread      : watchdog b41f4b70
Internals   : V6.3.0/60923c2/5b0a617/user::u_entity::u_entityRelease/u_entity.c/631/0/1369847682.903049184
========================================================================================
Report      : INFO
Date        : Wed May 29 10:14:42 2013
Description : Failed to release the handle of entity 0xb6d620a0 (kind = U_PARTICIPANT),
              result = U_RESULT_ILL_PARAM (This is normal on process exit)
Node        : dhcp-23-188.tuc.noao.edu
Process     : java <19728>
Thread      : SALTopicDataPublisher b41d2b70
Internals   : V6.3.0/60923c2/5b0a617/user::u_entity::u_entityRelease/u_entity.c/631/0/1369847682.903109357
========================================================================================
Report      : INFO
Date        : Wed May 29 10:15:18 2013
Description : Resend Manager for Participant 0xb75a3e10 stopped
Node        : dhcp-23-188.tuc.noao.edu
Process     : java <19731>
Thread      : resendManager 93239b70
Internals   : V6.3.0/60923c2/5b0a617/u_participant::resendManagerMain/u_participant.c/98/1/1369847718.392494178
========================================================================================
Report      : INFO
Date        : Wed May 29 10:15:18 2013
Description : Lease Manager for Participant 0xb75a3e10 stopped
Node        : dhcp-23-188.tuc.noao.edu
Process     : java <19731>
Thread      : watchdog 9324ab70
Internals   : V6.3.0/60923c2/5b0a617/u_participant::leaseManagerMain/u_participant.c/68/1/1369847718.392587257
========================================================================================
Report      : WARNING
Date        : Wed May 29 10:17:01 2013
Description : Did not install signal handlers to cleanup resources.
              To ensure cleanup for Java applications, the path to the 'jsig' library
              (libjsig.so) must be set in the LD_PRELOAD environment variable.
              This library is part of your Java distribution.
              To ensure proper cleanup set this before starting your application.
Node        : dhcp-23-188.tuc.noao.edu
Process     : java <19795>
Thread      : main thread b6ee3b70
Internals   : V6.3.0/60923c2/5b0a617/OS abstraction layer/os_signalHandler.c/107/0/1369847821.226713029
========================================================================================
Report      : INFO
Date        : Wed May 29 10:17:01 2013
Description : Lease Manager for Participant 0xb6d620a0 started
Node        : dhcp-23-188.tuc.noao.edu
Process     : java <19795>
Thread      : watchdog b41a8b70
Internals   : V6.3.0/60923c2/5b0a617/u_participant::leaseManagerMain/u_participant.c/63/1/1369847821.245674893
========================================================================================
Report      : INFO
Date        : Wed May 29 10:17:01 2013
Description : Resend Manager for Participant 0xb6d620a0 started
Node        : dhcp-23-188.tuc.noao.edu
Process     : java <19795>
Thread      : resendManager b4197b70
Internals   : V6.3.0/60923c2/5b0a617/u_participant::resendManagerMain/u_participant.c/93/1/1369847821.245764501
========================================================================================
Report      : WARNING
Date        : Wed May 29 10:17:01 2013
Description : Did not install signal handlers to cleanup resources.
              To ensure cleanup for Java applications, the path to the 'jsig' library
              (libjsig.so) must be set in the LD_PRELOAD environment variable.
              This library is part of your Java distribution.
              To ensure proper cleanup set this before starting your application.
Node        : dhcp-23-188.tuc.noao.edu
Process     : java <19797>
Thread      : main thread b777eb70
Internals   : V6.3.0/60923c2/5b0a617/OS abstraction layer/os_signalHandler.c/107/0/1369847821.275993798
========================================================================================
Report      : INFO
Date        : Wed May 29 10:17:01 2013
Description : Lease Manager for Participant 0xb76a57a0 started
Node        : dhcp-23-188.tuc.noao.edu
Process     : java <19797>
Thread      : watchdog 93317b70
Internals   : V6.3.0/60923c2/5b0a617/u_participant::leaseManagerMain/u_participant.c/63/1/1369847821.287149677
========================================================================================
Report      : INFO
Date        : Wed May 29 10:17:01 2013
Description : Resend Manager for Participant 0xb76a57a0 started
Node        : dhcp-23-188.tuc.noao.edu
Process     : java <19797>
Thread      : resendManager 92e5bb70
Internals   : V6.3.0/60923c2/5b0a617/u_participant::resendManagerMain/u_participant.c/93/1/1369847821.287236542
========================================================================================
Report      : INFO
Date        : Wed May 29 10:17:05 2013
Description : Resend Manager for Participant 0xb6d620a0 stopped
Node        : dhcp-23-188.tuc.noao.edu
Process     : java <19795>
Thread      : resendManager b4197b70
Internals   : V6.3.0/60923c2/5b0a617/u_participant::resendManagerMain/u_participant.c/98/1/1369847825.732924588
========================================================================================
Report      : INFO
Date        : Wed May 29 10:17:05 2013
Description : Lease Manager for Participant 0xb6d620a0 stopped
Node        : dhcp-23-188.tuc.noao.edu
Process     : java <19795>
Thread      : watchdog b41a8b70
Internals   : V6.3.0/60923c2/5b0a617/u_participant::leaseManagerMain/u_participant.c/68/1/1369847825.733072192
========================================================================================
Report      : INFO
Date        : Wed May 29 10:17:10 2013
Description : Resend Manager for Participant 0xb76a57a0 stopped
Node        : dhcp-23-188.tuc.noao.edu
Process     : java <19797>
Thread      : resendManager 92e5bb70
Internals   : V6.3.0/60923c2/5b0a617/u_participant::resendManagerMain/u_participant.c/98/1/1369847830.295400298
========================================================================================
Report      : INFO
Date        : Wed May 29 10:17:10 2013
Description : Lease Manager for Participant 0xb76a57a0 stopped
Node        : dhcp-23-188.tuc.noao.edu
Process     : java <19797>
Thread      : watchdog 93317b70
Internals   : V6.3.0/60923c2/5b0a617/u_participant::leaseManagerMain/u_participant.c/68/1/1369847830.295474569
========================================================================================
Report      : WARNING
Date        : Wed May 29 10:18:11 2013
Description : Did not install signal handlers to cleanup resources.
              To ensure cleanup for Java applications, the path to the 'jsig' library
              (libjsig.so) must be set in the LD_PRELOAD environment variable.
              This library is part of your Java distribution.
              To ensure proper cleanup set this before starting your application.
Node        : dhcp-23-188.tuc.noao.edu
Process     : java <19889>
Thread      : main thread b6df8b70
Internals   : V6.3.0/60923c2/5b0a617/OS abstraction layer/os_signalHandler.c/107/0/1369847891.253501906
========================================================================================
Report      : INFO
Date        : Wed May 29 10:18:11 2013
Description : Lease Manager for Participant 0xb6c620a8 started
Node        : dhcp-23-188.tuc.noao.edu
Process     : java <19889>
Thread      : watchdog b40bfb70
Internals   : V6.3.0/60923c2/5b0a617/u_participant::leaseManagerMain/u_participant.c/63/1/1369847891.269634944
========================================================================================
Report      : INFO
Date        : Wed May 29 10:18:11 2013
Description : Resend Manager for Participant 0xb6c620a8 started
Node        : dhcp-23-188.tuc.noao.edu
Process     : java <19889>
Thread      : resendManager b40aeb70
Internals   : V6.3.0/60923c2/5b0a617/u_participant::resendManagerMain/u_participant.c/93/1/1369847891.284171688
========================================================================================
Report      : WARNING
Date        : Wed May 29 10:18:11 2013
Description : Did not install signal handlers to cleanup resources.
              To ensure cleanup for Java applications, the path to the 'jsig' library
              (libjsig.so) must be set in the LD_PRELOAD environment variable.
              This library is part of your Java distribution.
              To ensure proper cleanup set this before starting your application.
Node        : dhcp-23-188.tuc.noao.edu
Process     : java <19890>
Thread      : main thread b7840b70
Internals   : V6.3.0/60923c2/5b0a617/OS abstraction layer/os_signalHandler.c/107/0/1369847891.315308468
========================================================================================
Report      : INFO
Date        : Wed May 29 10:18:11 2013
Description : Lease Manager for Participant 0xb76a5848 started
Node        : dhcp-23-188.tuc.noao.edu
Process     : java <19890>
Thread      : watchdog b7717b70
Internals   : V6.3.0/60923c2/5b0a617/u_participant::leaseManagerMain/u_participant.c/63/1/1369847891.320051122
========================================================================================
Report      : INFO
Date        : Wed May 29 10:18:11 2013
Description : Resend Manager for Participant 0xb76a5848 started
Node        : dhcp-23-188.tuc.noao.edu
Process     : java <19890>
Thread      : resendManager 9341cb70
Internals   : V6.3.0/60923c2/5b0a617/u_participant::resendManagerMain/u_participant.c/93/1/1369847891.320133496
========================================================================================
Report      : INFO
Date        : Wed May 29 10:18:19 2013
Description : Resend Manager for Participant 0xb6c620a8 stopped
Node        : dhcp-23-188.tuc.noao.edu
Process     : java <19889>
Thread      : resendManager b40aeb70
Internals   : V6.3.0/60923c2/5b0a617/u_participant::resendManagerMain/u_participant.c/98/1/1369847899.103047744
========================================================================================
Report      : INFO
Date        : Wed May 29 10:18:19 2013
Description : Failed to release the handle of entity 0xb6c620a8 (kind = U_PARTICIPANT),
              result = U_RESULT_ILL_PARAM (This is normal on process exit)
Node        : dhcp-23-188.tuc.noao.edu
Process     : java <19889>
Thread      : resendManager b40aeb70
Internals   : V6.3.0/60923c2/5b0a617/user::u_entity::u_entityRelease/u_entity.c/631/0/1369847899.103087887
========================================================================================
Report      : INFO
Date        : Wed May 29 10:18:19 2013
Description : Lease Manager for Participant 0xb6c620a8 stopped
Node        : dhcp-23-188.tuc.noao.edu
Process     : java <19889>
Thread      : watchdog b40bfb70
Internals   : V6.3.0/60923c2/5b0a617/u_participant::leaseManagerMain/u_participant.c/68/1/1369847899.103131041
========================================================================================
Report      : INFO
Date        : Wed May 29 10:18:19 2013
Description : Failed to release the handle of entity 0xb6c620a8 (kind = U_PARTICIPANT),
              result = U_RESULT_ILL_PARAM (This is normal on process exit)
Node        : dhcp-23-188.tuc.noao.edu
Process     : java <19889>
Thread      : watchdog b40bfb70
Internals   : V6.3.0/60923c2/5b0a617/user::u_entity::u_entityRelease/u_entity.c/631/0/1369847899.103149862
========================================================================================
Report      : INFO
Date        : Wed May 29 10:18:19 2013
Description : Failed to release the handle of entity 0xb6c620a8 (kind = U_PARTICIPANT),
              result = U_RESULT_ILL_PARAM (This is normal on process exit)
Node        : dhcp-23-188.tuc.noao.edu
Process     : java <19889>
Thread      : SALTopicDataPublisher b409db70
Internals   : V6.3.0/60923c2/5b0a617/user::u_entity::u_entityRelease/u_entity.c/631/0/1369847899.103219311
========================================================================================
Report      : INFO
Date        : Wed May 29 10:26:42 2013
Description : Resend Manager for Participant 0xb76a5848 stopped
Node        : dhcp-23-188.tuc.noao.edu
Process     : java <19890>
Thread      : resendManager 9341cb70
Internals   : V6.3.0/60923c2/5b0a617/u_participant::resendManagerMain/u_participant.c/98/1/1369848402.734479126
========================================================================================
Report      : INFO
Date        : Wed May 29 10:26:42 2013
Description : Lease Manager for Participant 0xb76a5848 stopped
Node        : dhcp-23-188.tuc.noao.edu
Process     : java <19890>
Thread      : watchdog b7717b70
Internals   : V6.3.0/60923c2/5b0a617/u_participant::leaseManagerMain/u_participant.c/68/1/1369848402.734595426
========================================================================================
Report      : WARNING
Date        : Wed May 29 10:26:49 2013
Description : Did not install signal handlers to cleanup resources.
              To ensure cleanup for Java applications, the path to the 'jsig' library
              (libjsig.so) must be set in the LD_PRELOAD environment variable.
              This library is part of your Java distribution.
              To ensure proper cleanup set this before starting your application.
Node        : dhcp-23-188.tuc.noao.edu
Process     : java <20058>
Thread      : main thread b6ee0b70
Internals   : V6.3.0/60923c2/5b0a617/OS abstraction layer/os_signalHandler.c/107/0/1369848409.896180154
========================================================================================
Report      : INFO
Date        : Wed May 29 10:26:49 2013
Description : Lease Manager for Participant 0xb6d62070 started
Node        : dhcp-23-188.tuc.noao.edu
Process     : java <20058>
Thread      : watchdog b41a8b70
Internals   : V6.3.0/60923c2/5b0a617/u_participant::leaseManagerMain/u_participant.c/63/1/1369848409.913974935
========================================================================================
Report      : INFO
Date        : Wed May 29 10:26:49 2013
Description : Resend Manager for Participant 0xb6d62070 started
Node        : dhcp-23-188.tuc.noao.edu
Process     : java <20058>
Thread      : resendManager b4197b70
Internals   : V6.3.0/60923c2/5b0a617/u_participant::resendManagerMain/u_participant.c/93/1/1369848409.930276880
========================================================================================
Report      : WARNING
Date        : Wed May 29 10:26:49 2013
Description : Did not install signal handlers to cleanup resources.
              To ensure cleanup for Java applications, the path to the 'jsig' library
              (libjsig.so) must be set in the LD_PRELOAD environment variable.
              This library is part of your Java distribution.
              To ensure proper cleanup set this before starting your application.
Node        : dhcp-23-188.tuc.noao.edu
Process     : java <20059>
Thread      : main thread b7845b70
Internals   : V6.3.0/60923c2/5b0a617/OS abstraction layer/os_signalHandler.c/107/0/1369848409.967718299
========================================================================================
Report      : INFO
Date        : Wed May 29 10:26:49 2013
Description : Lease Manager for Participant 0xb76a3d50 started
Node        : dhcp-23-188.tuc.noao.edu
Process     : java <20059>
Thread      : watchdog b771cb70
Internals   : V6.3.0/60923c2/5b0a617/u_participant::leaseManagerMain/u_participant.c/63/1/1369848409.972656030
========================================================================================
Report      : INFO
Date        : Wed May 29 10:26:49 2013
Description : Resend Manager for Participant 0xb76a3d50 started
Node        : dhcp-23-188.tuc.noao.edu
Process     : java <20059>
Thread      : resendManager 9341cb70
Internals   : V6.3.0/60923c2/5b0a617/u_participant::resendManagerMain/u_participant.c/93/1/1369848409.972747605
========================================================================================
Report      : INFO
Date        : Wed May 29 10:26:49 2013
Description : Resend Manager for Participant 0xb76a3d50 stopped
Node        : dhcp-23-188.tuc.noao.edu
Process     : java <20059>
Thread      : resendManager 9341cb70
Internals   : V6.3.0/60923c2/5b0a617/u_participant::resendManagerMain/u_participant.c/98/1/1369848409.993237299
========================================================================================
Report      : INFO
Date        : Wed May 29 10:26:49 2013
Description : Lease Manager for Participant 0xb76a3d50 stopped
Node        : dhcp-23-188.tuc.noao.edu
Process     : java <20059>
Thread      : watchdog b771cb70
Internals   : V6.3.0/60923c2/5b0a617/u_participant::leaseManagerMain/u_participant.c/68/1/1369848409.993324690
========================================================================================
Report      : WARNING
Date        : Wed May 29 10:27:09 2013
Description : Did not install signal handlers to cleanup resources.
              To ensure cleanup for Java applications, the path to the 'jsig' library
              (libjsig.so) must be set in the LD_PRELOAD environment variable.
              This library is part of your Java distribution.
              To ensure proper cleanup set this before starting your application.
Node        : dhcp-23-188.tuc.noao.edu
Process     : java <20088>
Thread      : main thread b6e20b70
Internals   : V6.3.0/60923c2/5b0a617/OS abstraction layer/os_signalHandler.c/107/0/1369848429.172794177
========================================================================================
Report      : INFO
Date        : Wed May 29 10:27:09 2013
Description : Lease Manager for Participant 0xb6c62570 started
Node        : dhcp-23-188.tuc.noao.edu
Process     : java <20088>
Thread      : watchdog b40e7b70
Internals   : V6.3.0/60923c2/5b0a617/u_participant::leaseManagerMain/u_participant.c/63/1/1369848429.176532440
========================================================================================
Report      : INFO
Date        : Wed May 29 10:27:09 2013
Description : Resend Manager for Participant 0xb6c62570 started
Node        : dhcp-23-188.tuc.noao.edu
Process     : java <20088>
Thread      : resendManager b40d6b70
Internals   : V6.3.0/60923c2/5b0a617/u_participant::resendManagerMain/u_participant.c/93/1/1369848429.176602867
========================================================================================
Report      : INFO
Date        : Wed May 29 10:27:09 2013
Description : Resend Manager for Participant 0xb6c62570 stopped
Node        : dhcp-23-188.tuc.noao.edu
Process     : java <20088>
Thread      : resendManager b40d6b70
Internals   : V6.3.0/60923c2/5b0a617/u_participant::resendManagerMain/u_participant.c/98/1/1369848429.194269250
========================================================================================
Report      : INFO
Date        : Wed May 29 10:27:09 2013
Description : Lease Manager for Participant 0xb6c62570 stopped
Node        : dhcp-23-188.tuc.noao.edu
Process     : java <20088>
Thread      : watchdog b40e7b70
Internals   : V6.3.0/60923c2/5b0a617/u_participant::leaseManagerMain/u_participant.c/68/1/1369848429.194367139
========================================================================================
Report      : INFO
Date        : Wed May 29 10:34:14 2013
Description : Resend Manager for Participant 0xb6d62070 stopped
Node        : dhcp-23-188.tuc.noao.edu
Process     : java <20058>
Thread      : resendManager b4197b70
Internals   : V6.3.0/60923c2/5b0a617/u_participant::resendManagerMain/u_participant.c/98/1/1369848854.232266418
========================================================================================
Report      : INFO
Date        : Wed May 29 10:34:14 2013
Description : Failed to release the handle of entity 0xb6d62070 (kind = U_PARTICIPANT),
              result = U_RESULT_ILL_PARAM (This is normal on process exit)
Node        : dhcp-23-188.tuc.noao.edu
Process     : java <20058>
Thread      : resendManager b4197b70
Internals   : V6.3.0/60923c2/5b0a617/user::u_entity::u_entityRelease/u_entity.c/631/0/1369848854.232344133
========================================================================================
Report      : INFO
Date        : Wed May 29 10:34:14 2013
Description : Lease Manager for Participant 0xb6d62070 stopped
Node        : dhcp-23-188.tuc.noao.edu
Process     : java <20058>
Thread      : watchdog b41a8b70
Internals   : V6.3.0/60923c2/5b0a617/u_participant::leaseManagerMain/u_participant.c/68/1/1369848854.232384832
========================================================================================
Report      : INFO
Date        : Wed May 29 10:34:14 2013
Description : Failed to release the handle of entity 0xb6d62070 (kind = U_PARTICIPANT),
              result = U_RESULT_ILL_PARAM (This is normal on process exit)
Node        : dhcp-23-188.tuc.noao.edu
Process     : java <20058>
Thread      : watchdog b41a8b70
Internals   : V6.3.0/60923c2/5b0a617/user::u_entity::u_entityRelease/u_entity.c/631/0/1369848854.232404444
========================================================================================
Report      : INFO
Date        : Wed May 29 10:34:14 2013
Description : Failed to release the handle of entity 0xb6d62070 (kind = U_PARTICIPANT),
              result = U_RESULT_ILL_PARAM (This is normal on process exit)
Node        : dhcp-23-188.tuc.noao.edu
Process     : java <20058>
Thread      : SALTopicDataPublisher b4186b70
Internals   : V6.3.0/60923c2/5b0a617/user::u_entity::u_entityRelease/u_entity.c/631/0/1369848854.232468831
========================================================================================
Report      : WARNING
Date        : Wed May 29 10:34:23 2013
Description : Did not install signal handlers to cleanup resources.
              To ensure cleanup for Java applications, the path to the 'jsig' library
              (libjsig.so) must be set in the LD_PRELOAD environment variable.
              This library is part of your Java distribution.
              To ensure proper cleanup set this before starting your application.
Node        : dhcp-23-188.tuc.noao.edu
Process     : java <20221>
Thread      : main thread b6f74b70
Internals   : V6.3.0/60923c2/5b0a617/OS abstraction layer/os_signalHandler.c/107/0/1369848863.352195220
========================================================================================
Report      : INFO
Date        : Wed May 29 10:34:23 2013
Description : Lease Manager for Participant 0xb6e62070 started
Node        : dhcp-23-188.tuc.noao.edu
Process     : java <20221>
Thread      : watchdog b4238b70
Internals   : V6.3.0/60923c2/5b0a617/u_participant::leaseManagerMain/u_participant.c/63/1/1369848863.372191816
========================================================================================
Report      : INFO
Date        : Wed May 29 10:34:23 2013
Description : Resend Manager for Participant 0xb6e62070 started
Node        : dhcp-23-188.tuc.noao.edu
Process     : java <20221>
Thread      : resendManager b4227b70
Internals   : V6.3.0/60923c2/5b0a617/u_participant::resendManagerMain/u_participant.c/93/1/1369848863.387444925
========================================================================================
Report      : WARNING
Date        : Wed May 29 10:34:23 2013
Description : Did not install signal handlers to cleanup resources.
              To ensure cleanup for Java applications, the path to the 'jsig' library
              (libjsig.so) must be set in the LD_PRELOAD environment variable.
              This library is part of your Java distribution.
              To ensure proper cleanup set this before starting your application.
Node        : dhcp-23-188.tuc.noao.edu
Process     : java <20222>
Thread      : main thread b7751b70
Internals   : V6.3.0/60923c2/5b0a617/OS abstraction layer/os_signalHandler.c/107/0/1369848863.427324344
========================================================================================
Report      : INFO
Date        : Wed May 29 10:34:23 2013
Description : Lease Manager for Participant 0xb76a58c0 started
Node        : dhcp-23-188.tuc.noao.edu
Process     : java <20222>
Thread      : watchdog 92e50b70
Internals   : V6.3.0/60923c2/5b0a617/u_participant::leaseManagerMain/u_participant.c/63/1/1369848863.433271953
========================================================================================
Report      : INFO
Date        : Wed May 29 10:34:23 2013
Description : Resend Manager for Participant 0xb76a58c0 started
Node        : dhcp-23-188.tuc.noao.edu
Process     : java <20222>
Thread      : resendManager 92e3fb70
Internals   : V6.3.0/60923c2/5b0a617/u_participant::resendManagerMain/u_participant.c/93/1/1369848863.433359379
========================================================================================
Report      : INFO
Date        : Wed May 29 10:34:23 2013
Description : Resend Manager for Participant 0xb76a58c0 stopped
Node        : dhcp-23-188.tuc.noao.edu
Process     : java <20222>
Thread      : resendManager 92e3fb70
Internals   : V6.3.0/60923c2/5b0a617/u_participant::resendManagerMain/u_participant.c/98/1/1369848863.464533738
========================================================================================
Report      : INFO
Date        : Wed May 29 10:34:23 2013
Description : Lease Manager for Participant 0xb76a58c0 stopped
Node        : dhcp-23-188.tuc.noao.edu
Process     : java <20222>
Thread      : watchdog 92e50b70
Internals   : V6.3.0/60923c2/5b0a617/u_participant::leaseManagerMain/u_participant.c/68/1/1369848863.464601163
========================================================================================
Report      : WARNING
Date        : Wed May 29 10:34:29 2013
Description : Did not install signal handlers to cleanup resources.
              To ensure cleanup for Java applications, the path to the 'jsig' library
              (libjsig.so) must be set in the LD_PRELOAD environment variable.
              This library is part of your Java distribution.
              To ensure proper cleanup set this before starting your application.
Node        : dhcp-23-188.tuc.noao.edu
Process     : java <20248>
Thread      : main thread b6f93b70
Internals   : V6.3.0/60923c2/5b0a617/OS abstraction layer/os_signalHandler.c/107/0/1369848869.828331715
========================================================================================
Report      : INFO
Date        : Wed May 29 10:34:29 2013
Description : Lease Manager for Participant 0xb6e62540 started
Node        : dhcp-23-188.tuc.noao.edu
Process     : java <20248>
Thread      : watchdog b425ab70
Internals   : V6.3.0/60923c2/5b0a617/u_participant::leaseManagerMain/u_participant.c/63/1/1369848869.832155366
========================================================================================
Report      : INFO
Date        : Wed May 29 10:34:29 2013
Description : Resend Manager for Participant 0xb6e62540 started
Node        : dhcp-23-188.tuc.noao.edu
Process     : java <20248>
Thread      : resendManager b4249b70
Internals   : V6.3.0/60923c2/5b0a617/u_participant::resendManagerMain/u_participant.c/93/1/1369848869.832223979
========================================================================================
Report      : INFO
Date        : Wed May 29 10:34:29 2013
Description : Resend Manager for Participant 0xb6e62540 stopped
Node        : dhcp-23-188.tuc.noao.edu
Process     : java <20248>
Thread      : resendManager b4249b70
Internals   : V6.3.0/60923c2/5b0a617/u_participant::resendManagerMain/u_participant.c/98/1/1369848869.850288749
========================================================================================
Report      : INFO
Date        : Wed May 29 10:34:29 2013
Description : Lease Manager for Participant 0xb6e62540 stopped
Node        : dhcp-23-188.tuc.noao.edu
Process     : java <20248>
Thread      : watchdog b425ab70
Internals   : V6.3.0/60923c2/5b0a617/u_participant::leaseManagerMain/u_participant.c/68/1/1369848869.850398756
========================================================================================
Report      : INFO
Date        : Wed May 29 10:36:04 2013
Description : Resend Manager for Participant 0xb6e62070 stopped
Node        : dhcp-23-188.tuc.noao.edu
Process     : java <20221>
Thread      : resendManager b4227b70
Internals   : V6.3.0/60923c2/5b0a617/u_participant::resendManagerMain/u_participant.c/98/1/1369848964.607753927
========================================================================================
Report      : INFO
Date        : Wed May 29 10:36:04 2013
Description : Failed to release the handle of entity 0xb6e62070 (kind = U_PARTICIPANT),
              result = U_RESULT_ILL_PARAM (This is normal on process exit)
Node        : dhcp-23-188.tuc.noao.edu
Process     : java <20221>
Thread      : resendManager b4227b70
Internals   : V6.3.0/60923c2/5b0a617/user::u_entity::u_entityRelease/u_entity.c/631/0/1369848964.607831110
========================================================================================
Report      : INFO
Date        : Wed May 29 10:36:04 2013
Description : Lease Manager for Participant 0xb6e62070 stopped
Node        : dhcp-23-188.tuc.noao.edu
Process     : java <20221>
Thread      : watchdog b4238b70
Internals   : V6.3.0/60923c2/5b0a617/u_participant::leaseManagerMain/u_participant.c/68/1/1369848964.607904644
========================================================================================
Report      : INFO
Date        : Wed May 29 10:36:04 2013
Description : Failed to release the handle of entity 0xb6e62070 (kind = U_PARTICIPANT),
              result = U_RESULT_ILL_PARAM (This is normal on process exit)
Node        : dhcp-23-188.tuc.noao.edu
Process     : java <20221>
Thread      : watchdog b4238b70
Internals   : V6.3.0/60923c2/5b0a617/user::u_entity::u_entityRelease/u_entity.c/631/0/1369848964.607925200
========================================================================================
Report      : INFO
Date        : Wed May 29 10:36:04 2013
Description : Failed to release the handle of entity 0xb6e62070 (kind = U_PARTICIPANT),
              result = U_RESULT_ILL_PARAM (This is normal on process exit)
Node        : dhcp-23-188.tuc.noao.edu
Process     : java <20221>
Thread      : SALTopicDataPublisher b4216b70
Internals   : V6.3.0/60923c2/5b0a617/user::u_entity::u_entityRelease/u_entity.c/631/0/1369848964.607993455
========================================================================================
Report      : WARNING
Date        : Wed May 29 10:38:30 2013
Description : Did not install signal handlers to cleanup resources.
              To ensure cleanup for Java applications, the path to the 'jsig' library
              (libjsig.so) must be set in the LD_PRELOAD environment variable.
              This library is part of your Java distribution.
              To ensure proper cleanup set this before starting your application.
Node        : dhcp-23-188.tuc.noao.edu
Process     : java <20366>
Thread      : main thread b6ea2b70
Internals   : V6.3.0/60923c2/5b0a617/OS abstraction layer/os_signalHandler.c/107/0/1369849110.191408418
========================================================================================
Report      : INFO
Date        : Wed May 29 10:38:30 2013
Description : Lease Manager for Participant 0xb6d62570 started
Node        : dhcp-23-188.tuc.noao.edu
Process     : java <20366>
Thread      : watchdog b4167b70
Internals   : V6.3.0/60923c2/5b0a617/u_participant::leaseManagerMain/u_participant.c/63/1/1369849110.195514488
========================================================================================
Report      : INFO
Date        : Wed May 29 10:38:30 2013
Description : Resend Manager for Participant 0xb6d62570 started
Node        : dhcp-23-188.tuc.noao.edu
Process     : java <20366>
Thread      : resendManager b4156b70
Internals   : V6.3.0/60923c2/5b0a617/u_participant::resendManagerMain/u_participant.c/93/1/1369849110.195599115
========================================================================================
Report      : INFO
Date        : Wed May 29 10:38:30 2013
Description : Resend Manager for Participant 0xb6d62570 stopped
Node        : dhcp-23-188.tuc.noao.edu
Process     : java <20366>
Thread      : resendManager b4156b70
Internals   : V6.3.0/60923c2/5b0a617/u_participant::resendManagerMain/u_participant.c/98/1/1369849110.212298803
========================================================================================
Report      : INFO
Date        : Wed May 29 10:38:30 2013
Description : Lease Manager for Participant 0xb6d62570 stopped
Node        : dhcp-23-188.tuc.noao.edu
Process     : java <20366>
Thread      : watchdog b4167b70
Internals   : V6.3.0/60923c2/5b0a617/u_participant::leaseManagerMain/u_participant.c/68/1/1369849110.212414725
========================================================================================
Report      : WARNING
Date        : Wed May 29 10:42:59 2013
Description : Did not install signal handlers to cleanup resources.
              To ensure cleanup for Java applications, the path to the 'jsig' library
              (libjsig.so) must be set in the LD_PRELOAD environment variable.
              This library is part of your Java distribution.
              To ensure proper cleanup set this before starting your application.
Node        : dhcp-23-188.tuc.noao.edu
Process     : java <20555>
Thread      : main thread b6dd3b70
Internals   : V6.3.0/60923c2/5b0a617/OS abstraction layer/os_signalHandler.c/107/0/1369849379.005311649
========================================================================================
Report      : INFO
Date        : Wed May 29 10:42:59 2013
Description : Lease Manager for Participant 0xb6c62598 started
Node        : dhcp-23-188.tuc.noao.edu
Process     : java <20555>
Thread      : watchdog b409db70
Internals   : V6.3.0/60923c2/5b0a617/u_participant::leaseManagerMain/u_participant.c/63/1/1369849379.009080857
========================================================================================
Report      : INFO
Date        : Wed May 29 10:42:59 2013
Description : Resend Manager for Participant 0xb6c62598 started
Node        : dhcp-23-188.tuc.noao.edu
Process     : java <20555>
Thread      : resendManager b408cb70
Internals   : V6.3.0/60923c2/5b0a617/u_participant::resendManagerMain/u_participant.c/93/1/1369849379.009147761
========================================================================================
Report      : INFO
Date        : Wed May 29 10:42:59 2013
Description : Resend Manager for Participant 0xb6c62598 stopped
Node        : dhcp-23-188.tuc.noao.edu
Process     : java <20555>
Thread      : resendManager b408cb70
Internals   : V6.3.0/60923c2/5b0a617/u_participant::resendManagerMain/u_participant.c/98/1/1369849379.026732025
========================================================================================
Report      : INFO
Date        : Wed May 29 10:42:59 2013
Description : Lease Manager for Participant 0xb6c62598 stopped
Node        : dhcp-23-188.tuc.noao.edu
Process     : java <20555>
Thread      : watchdog b409db70
Internals   : V6.3.0/60923c2/5b0a617/u_participant::leaseManagerMain/u_participant.c/68/1/1369849379.026810704
========================================================================================
Report      : WARNING
Date        : Wed May 29 10:45:26 2013
Description : Did not install signal handlers to cleanup resources.
              To ensure cleanup for Java applications, the path to the 'jsig' library
              (libjsig.so) must be set in the LD_PRELOAD environment variable.
              This library is part of your Java distribution.
              To ensure proper cleanup set this before starting your application.
Node        : dhcp-23-188.tuc.noao.edu
Process     : java <20681>
Thread      : main thread b6f4fb70
Internals   : V6.3.0/60923c2/5b0a617/OS abstraction layer/os_signalHandler.c/107/0/1369849526.019940809
========================================================================================
Report      : INFO
Date        : Wed May 29 10:45:26 2013
Description : Lease Manager for Participant 0xb6d62518 started
Node        : dhcp-23-188.tuc.noao.edu
Process     : java <20681>
Thread      : watchdog b4218b70
Internals   : V6.3.0/60923c2/5b0a617/u_participant::leaseManagerMain/u_participant.c/63/1/1369849526.023785632
========================================================================================
Report      : INFO
Date        : Wed May 29 10:45:26 2013
Description : Resend Manager for Participant 0xb6d62518 started
Node        : dhcp-23-188.tuc.noao.edu
Process     : java <20681>
Thread      : resendManager b4207b70
Internals   : V6.3.0/60923c2/5b0a617/u_participant::resendManagerMain/u_participant.c/93/1/1369849526.023863329
========================================================================================
Report      : WARNING
Date        : Wed May 29 10:45:49 2013
Description : Did not install signal handlers to cleanup resources.
              To ensure cleanup for Java applications, the path to the 'jsig' library
              (libjsig.so) must be set in the LD_PRELOAD environment variable.
              This library is part of your Java distribution.
              To ensure proper cleanup set this before starting your application.
Node        : dhcp-23-188.tuc.noao.edu
Process     : java <20710>
Thread      : main thread b6f2fb70
Internals   : V6.3.0/60923c2/5b0a617/OS abstraction layer/os_signalHandler.c/107/0/1369849549.664423361
========================================================================================
Report      : INFO
Date        : Wed May 29 10:45:49 2013
Description : Lease Manager for Participant 0xb6d620a8 started
Node        : dhcp-23-188.tuc.noao.edu
Process     : java <20710>
Thread      : watchdog b41f4b70
Internals   : V6.3.0/60923c2/5b0a617/u_participant::leaseManagerMain/u_participant.c/63/1/1369849549.668336445
========================================================================================
Report      : INFO
Date        : Wed May 29 10:45:49 2013
Description : Resend Manager for Participant 0xb6d620a8 started
Node        : dhcp-23-188.tuc.noao.edu
Process     : java <20710>
Thread      : resendManager b41e3b70
Internals   : V6.3.0/60923c2/5b0a617/u_participant::resendManagerMain/u_participant.c/93/1/1369849549.668405344
========================================================================================
Report      : INFO
Date        : Wed May 29 10:45:59 2013
Description : Resend Manager for Participant 0xb6d620a8 stopped
Node        : dhcp-23-188.tuc.noao.edu
Process     : java <20710>
Thread      : resendManager b41e3b70
Internals   : V6.3.0/60923c2/5b0a617/u_participant::resendManagerMain/u_participant.c/98/1/1369849559.830023767
========================================================================================
Report      : INFO
Date        : Wed May 29 10:45:59 2013
Description : Lease Manager for Participant 0xb6d620a8 stopped
Node        : dhcp-23-188.tuc.noao.edu
Process     : java <20710>
Thread      : watchdog b41f4b70
Internals   : V6.3.0/60923c2/5b0a617/u_participant::leaseManagerMain/u_participant.c/68/1/1369849559.830091952
========================================================================================
Report      : WARNING
Date        : Wed May 29 10:48:02 2013
Description : Did not install signal handlers to cleanup resources.
              To ensure cleanup for Java applications, the path to the 'jsig' library
              (libjsig.so) must be set in the LD_PRELOAD environment variable.
              This library is part of your Java distribution.
              To ensure proper cleanup set this before starting your application.
Node        : dhcp-23-188.tuc.noao.edu
Process     : java <20753>
Thread      : main thread b6e8bb70
Internals   : V6.3.0/60923c2/5b0a617/OS abstraction layer/os_signalHandler.c/107/0/1369849682.213091538
========================================================================================
Report      : INFO
Date        : Wed May 29 10:48:02 2013
Description : Lease Manager for Participant 0xb6d620a8 started
Node        : dhcp-23-188.tuc.noao.edu
Process     : java <20753>
Thread      : watchdog b4150b70
Internals   : V6.3.0/60923c2/5b0a617/u_participant::leaseManagerMain/u_participant.c/63/1/1369849682.217114142
========================================================================================
Report      : INFO
Date        : Wed May 29 10:48:02 2013
Description : Resend Manager for Participant 0xb6d620a8 started
Node        : dhcp-23-188.tuc.noao.edu
Process     : java <20753>
Thread      : resendManager b413fb70
Internals   : V6.3.0/60923c2/5b0a617/u_participant::resendManagerMain/u_participant.c/93/1/1369849682.217192943
========================================================================================
Report      : INFO
Date        : Wed May 29 10:48:03 2013
Description : Resend Manager for Participant 0xb6d620a8 stopped
Node        : dhcp-23-188.tuc.noao.edu
Process     : java <20753>
Thread      : resendManager b413fb70
Internals   : V6.3.0/60923c2/5b0a617/u_participant::resendManagerMain/u_participant.c/98/1/1369849683.456100558
========================================================================================
Report      : INFO
Date        : Wed May 29 10:48:03 2013
Description : Failed to release the handle of entity 0xb6d620a8 (kind = U_PARTICIPANT),
              result = U_RESULT_ILL_PARAM (This is normal on process exit)
Node        : dhcp-23-188.tuc.noao.edu
Process     : java <20753>
Thread      : resendManager b413fb70
Internals   : V6.3.0/60923c2/5b0a617/user::u_entity::u_entityRelease/u_entity.c/631/0/1369849683.456143908
========================================================================================
Report      : INFO
Date        : Wed May 29 10:48:03 2013
Description : Lease Manager for Participant 0xb6d620a8 stopped
Node        : dhcp-23-188.tuc.noao.edu
Process     : java <20753>
Thread      : watchdog b4150b70
Internals   : V6.3.0/60923c2/5b0a617/u_participant::leaseManagerMain/u_participant.c/68/1/1369849683.456198528
========================================================================================
Report      : INFO
Date        : Wed May 29 10:48:03 2013
Description : Failed to release the handle of entity 0xb6d620a8 (kind = U_PARTICIPANT),
              result = U_RESULT_ILL_PARAM (This is normal on process exit)
Node        : dhcp-23-188.tuc.noao.edu
Process     : java <20753>
Thread      : watchdog b4150b70
Internals   : V6.3.0/60923c2/5b0a617/user::u_entity::u_entityRelease/u_entity.c/631/0/1369849683.456218091
========================================================================================
Report      : INFO
Date        : Wed May 29 10:48:03 2013
Description : Failed to release the handle of entity 0xb6d620a8 (kind = U_PARTICIPANT),
              result = U_RESULT_ILL_PARAM (This is normal on process exit)
Node        : dhcp-23-188.tuc.noao.edu
Process     : java <20753>
Thread      : SALTopicDataPublisher b412eb70
Internals   : V6.3.0/60923c2/5b0a617/user::u_entity::u_entityRelease/u_entity.c/631/0/1369849683.456278526
========================================================================================
Report      : INFO
Date        : Wed May 29 10:50:26 2013
Description : Resend Manager for Participant 0xb6d62518 stopped
Node        : dhcp-23-188.tuc.noao.edu
Process     : java <20681>
Thread      : resendManager b4207b70
Internals   : V6.3.0/60923c2/5b0a617/u_participant::resendManagerMain/u_participant.c/98/1/1369849826.295961989
========================================================================================
Report      : INFO
Date        : Wed May 29 10:50:26 2013
Description : Lease Manager for Participant 0xb6d62518 stopped
Node        : dhcp-23-188.tuc.noao.edu
Process     : java <20681>
Thread      : watchdog b4218b70
Internals   : V6.3.0/60923c2/5b0a617/u_participant::leaseManagerMain/u_participant.c/68/1/1369849826.296098105
========================================================================================
Report      : WARNING
Date        : Wed May 29 11:04:26 2013
Description : Did not install signal handlers to cleanup resources.
              To ensure cleanup for Java applications, the path to the 'jsig' library
              (libjsig.so) must be set in the LD_PRELOAD environment variable.
              This library is part of your Java distribution.
              To ensure proper cleanup set this before starting your application.
Node        : dhcp-23-188.tuc.noao.edu
Process     : java <21043>
Thread      : main thread b6f35b70
Internals   : V6.3.0/60923c2/5b0a617/OS abstraction layer/os_signalHandler.c/107/0/1369850666.601108440
========================================================================================
Report      : INFO
Date        : Wed May 29 11:04:26 2013
Description : Lease Manager for Participant 0xb6d60640 started
Node        : dhcp-23-188.tuc.noao.edu
Process     : java <21043>
Thread      : watchdog b41fbb70
Internals   : V6.3.0/60923c2/5b0a617/u_participant::leaseManagerMain/u_participant.c/63/1/1369850666.605001823
========================================================================================
Report      : INFO
Date        : Wed May 29 11:04:26 2013
Description : Resend Manager for Participant 0xb6d60640 started
Node        : dhcp-23-188.tuc.noao.edu
Process     : java <21043>
Thread      : resendManager b41eab70
Internals   : V6.3.0/60923c2/5b0a617/u_participant::resendManagerMain/u_participant.c/93/1/1369850666.605070977
========================================================================================
Report      : INFO
Date        : Wed May 29 11:04:26 2013
Description : Resend Manager for Participant 0xb6d60640 stopped
Node        : dhcp-23-188.tuc.noao.edu
Process     : java <21043>
Thread      : resendManager b41eab70
Internals   : V6.3.0/60923c2/5b0a617/u_participant::resendManagerMain/u_participant.c/98/1/1369850666.617555334
========================================================================================
Report      : INFO
Date        : Wed May 29 11:04:26 2013
Description : Lease Manager for Participant 0xb6d60640 stopped
Node        : dhcp-23-188.tuc.noao.edu
Process     : java <21043>
Thread      : watchdog b41fbb70
Internals   : V6.3.0/60923c2/5b0a617/u_participant::leaseManagerMain/u_participant.c/68/1/1369850666.617603890
========================================================================================
Report      : WARNING
Date        : Wed May 29 11:06:36 2013
Description : Did not install signal handlers to cleanup resources.
              To ensure cleanup for Java applications, the path to the 'jsig' library
              (libjsig.so) must be set in the LD_PRELOAD environment variable.
              This library is part of your Java distribution.
              To ensure proper cleanup set this before starting your application.
Node        : dhcp-23-188.tuc.noao.edu
Process     : java <21108>
Thread      : main thread b6e87b70
Internals   : V6.3.0/60923c2/5b0a617/OS abstraction layer/os_signalHandler.c/107/0/1369850796.524010927
========================================================================================
Report      : INFO
Date        : Wed May 29 11:06:36 2013
Description : Lease Manager for Participant 0xb6d62090 started
Node        : dhcp-23-188.tuc.noao.edu
Process     : java <21108>
Thread      : watchdog b4150b70
Internals   : V6.3.0/60923c2/5b0a617/u_participant::leaseManagerMain/u_participant.c/63/1/1369850796.527646882
========================================================================================
Report      : INFO
Date        : Wed May 29 11:06:36 2013
Description : Resend Manager for Participant 0xb6d62090 started
Node        : dhcp-23-188.tuc.noao.edu
Process     : java <21108>
Thread      : resendManager b413fb70
Internals   : V6.3.0/60923c2/5b0a617/u_participant::resendManagerMain/u_participant.c/93/1/1369850796.527718223
========================================================================================
Report      : INFO
Date        : Wed May 29 11:06:36 2013
Description : Resend Manager for Participant 0xb6d62090 stopped
Node        : dhcp-23-188.tuc.noao.edu
Process     : java <21108>
Thread      : resendManager b413fb70
Internals   : V6.3.0/60923c2/5b0a617/u_participant::resendManagerMain/u_participant.c/98/1/1369850796.540510076
========================================================================================
Report      : INFO
Date        : Wed May 29 11:06:36 2013
Description : Lease Manager for Participant 0xb6d62090 stopped
Node        : dhcp-23-188.tuc.noao.edu
Process     : java <21108>
Thread      : watchdog b4150b70
Internals   : V6.3.0/60923c2/5b0a617/u_participant::leaseManagerMain/u_participant.c/68/1/1369850796.540572451
========================================================================================
Report      : WARNING
Date        : Wed May 29 11:07:21 2013
Description : Did not install signal handlers to cleanup resources.
              To ensure cleanup for Java applications, the path to the 'jsig' library
              (libjsig.so) must be set in the LD_PRELOAD environment variable.
              This library is part of your Java distribution.
              To ensure proper cleanup set this before starting your application.
Node        : dhcp-23-188.tuc.noao.edu
Process     : java <21158>
Thread      : main thread b6ea7b70
Internals   : V6.3.0/60923c2/5b0a617/OS abstraction layer/os_signalHandler.c/107/0/1369850841.609819696
========================================================================================
Report      : INFO
Date        : Wed May 29 11:07:21 2013
Description : Lease Manager for Participant 0xb6d62090 started
Node        : dhcp-23-188.tuc.noao.edu
Process     : java <21158>
Thread      : watchdog b416fb70
Internals   : V6.3.0/60923c2/5b0a617/u_participant::leaseManagerMain/u_participant.c/63/1/1369850841.613478960
========================================================================================
Report      : INFO
Date        : Wed May 29 11:07:21 2013
Description : Resend Manager for Participant 0xb6d62090 started
Node        : dhcp-23-188.tuc.noao.edu
Process     : java <21158>
Thread      : resendManager b415eb70
Internals   : V6.3.0/60923c2/5b0a617/u_participant::resendManagerMain/u_participant.c/93/1/1369850841.613549270
========================================================================================
Report      : INFO
Date        : Wed May 29 11:07:21 2013
Description : Resend Manager for Participant 0xb6d62090 stopped
Node        : dhcp-23-188.tuc.noao.edu
Process     : java <21158>
Thread      : resendManager b415eb70
Internals   : V6.3.0/60923c2/5b0a617/u_participant::resendManagerMain/u_participant.c/98/1/1369850841.625973741
========================================================================================
Report      : INFO
Date        : Wed May 29 11:07:21 2013
Description : Lease Manager for Participant 0xb6d62090 stopped
Node        : dhcp-23-188.tuc.noao.edu
Process     : java <21158>
Thread      : watchdog b416fb70
Internals   : V6.3.0/60923c2/5b0a617/u_participant::leaseManagerMain/u_participant.c/68/1/1369850841.626022081
========================================================================================
Report      : WARNING
Date        : Wed May 29 11:10:30 2013
Description : Did not install signal handlers to cleanup resources.
              To ensure cleanup for Java applications, the path to the 'jsig' library
              (libjsig.so) must be set in the LD_PRELOAD environment variable.
              This library is part of your Java distribution.
              To ensure proper cleanup set this before starting your application.
Node        : dhcp-23-188.tuc.noao.edu
Process     : java <21249>
Thread      : main thread b6e15b70
Internals   : V6.3.0/60923c2/5b0a617/OS abstraction layer/os_signalHandler.c/107/0/1369851030.189072047
========================================================================================
Report      : INFO
Date        : Wed May 29 11:10:30 2013
Description : Lease Manager for Participant 0xb6c62090 started
Node        : dhcp-23-188.tuc.noao.edu
Process     : java <21249>
Thread      : watchdog b40ddb70
Internals   : V6.3.0/60923c2/5b0a617/u_participant::leaseManagerMain/u_participant.c/63/1/1369851030.192902781
========================================================================================
Report      : INFO
Date        : Wed May 29 11:10:30 2013
Description : Resend Manager for Participant 0xb6c62090 started
Node        : dhcp-23-188.tuc.noao.edu
Process     : java <21249>
Thread      : resendManager b40ccb70
Internals   : V6.3.0/60923c2/5b0a617/u_participant::resendManagerMain/u_participant.c/93/1/1369851030.192979344
========================================================================================
Report      : INFO
Date        : Wed May 29 11:10:34 2013
Description : Resend Manager for Participant 0xb6c62090 stopped
Node        : dhcp-23-188.tuc.noao.edu
Process     : java <21249>
Thread      : resendManager b40ccb70
Internals   : V6.3.0/60923c2/5b0a617/u_participant::resendManagerMain/u_participant.c/98/1/1369851034.694286487
========================================================================================
Report      : INFO
Date        : Wed May 29 11:10:34 2013
Description : Lease Manager for Participant 0xb6c62090 stopped
Node        : dhcp-23-188.tuc.noao.edu
Process     : java <21249>
Thread      : watchdog b40ddb70
Internals   : V6.3.0/60923c2/5b0a617/u_participant::leaseManagerMain/u_participant.c/68/1/1369851034.694387877
