========================================================================================
Report      : ERROR
Date        : Mon May 27 12:51:06 2013
Description : dlopen error: spliced: cannot open shared object file: No such file or directory
Node        : dhcp-23-188.tuc.noao.edu
Process     : sacpp_SAL_sub <14441>
Thread      : main thread b77de6d0
Internals   : V6.3.0/60923c2/5b0a617/os_libraryOpen/os_library.c/70/0/1369684266.527080495
========================================================================================
Report      : ERROR
Date        : Mon May 27 12:51:06 2013
Description : Error opening 'spliced' library

Node        : dhcp-23-188.tuc.noao.edu
Process     : sacpp_SAL_sub <14441>
Thread      : main thread b77de6d0
Internals   : V6.3.0/60923c2/5b0a617/user::u_domain::startSplicedInProcess/u_domain.c/492/0/1369684266.527359658
========================================================================================
Report      : ERROR
Date        : Mon May 27 12:51:06 2013
Description : Error starting thread for 'spliced'

Node        : dhcp-23-188.tuc.noao.edu
Process     : sacpp_SAL_sub <14441>
Thread      : main thread b77de6d0
Internals   : V6.3.0/60923c2/5b0a617/user::u_domain::u_domainOpen/u_domain.c/905/0/1369684266.527380657
========================================================================================
Report      : ERROR
Date        : Mon May 27 12:51:06 2013
Description : Failure to open the domain, URI="file:///opt/OpenSpliceDDS/HDE/x86.linux2.6/etc/config/ospl.xml" The most common cause of this error is that OpenSpliceDDS is not running (when using shared memory mode). Please make sure to start OpenSplice before creating a DomainParticipant.
Node        : dhcp-23-188.tuc.noao.edu
Process     : sacpp_SAL_sub <14441>
Thread      : main thread b77de6d0
Internals   : V6.3.0/60923c2/5b0a617/u_participantNew/u_participant.c/164/0/1369684266.527400265
========================================================================================
Report      : API_INFO
Date        : Mon May 27 12:51:06 2013
Description : DomainParticipantFactory::create_participant creation of kernel entity failed
Node        : dhcp-23-188.tuc.noao.edu
Process     : sacpp_SAL_sub <14441>
Thread      : main thread b77de6d0
Internals   : V6.3.0/60923c2/5b0a617/DCPS API/gapi_domainParticipant.c/543/3/1369684266.527433768
========================================================================================
Report      : ERROR
Date        : Mon May 27 13:05:37 2013
Description : Exception occurred, will detach user-layer from domain.
Node        : dhcp-23-188.tuc.noao.edu
Process     : sacpp_SAL_pub <14769>
Thread      : signalHandler b7895b70
Internals   : V6.3.0/60923c2/5b0a617/u__userExceptionCallbackWrapper/u_user.c/360/0/1369685137.318610980
========================================================================================
Report      : ERROR
Date        : Mon May 27 13:05:40 2013
Description : Exception occurred, will detach user-layer from domain.
Node        : dhcp-23-188.tuc.noao.edu
Process     : sacpp_SAL_pub <14778>
Thread      : signalHandler b7766b70
Internals   : V6.3.0/60923c2/5b0a617/u__userExceptionCallbackWrapper/u_user.c/360/0/1369685140.087440830
========================================================================================
Report      : ERROR
Date        : Mon May 27 13:09:41 2013
Description : Exception occurred, will detach user-layer from domain.
Node        : dhcp-23-188.tuc.noao.edu
Process     : sacpp_SAL_pub <14841>
Thread      : signalHandler b7787b70
Internals   : V6.3.0/60923c2/5b0a617/u__userExceptionCallbackWrapper/u_user.c/360/0/1369685381.463660783
========================================================================================
Report      : ERROR
Date        : Mon May 27 13:27:31 2013
Description : Exception occurred, will detach user-layer from domain.
Node        : dhcp-23-188.tuc.noao.edu
Process     : sacpp_SAL_pub <15170>
Thread      : signalHandler b76f8b70
Internals   : V6.3.0/60923c2/5b0a617/u__userExceptionCallbackWrapper/u_user.c/360/0/1369686451.474809021
========================================================================================
Report      : ERROR
Date        : Mon May 27 15:25:39 2013
Description : Unable to delete topic
Node        : dhcp-23-188.tuc.noao.edu
Process     : sacpp_SAL_sub <17387>
Thread      : main thread b788c6d0
Internals   : V6.3.0/60923c2/5b0a617/CCPP/ccpp_DomainParticipant_impl.cpp/514/0/1369693539.509077701
========================================================================================
Report      : ERROR
Date        : Mon May 27 15:29:07 2013
Description : Exception occurred, will detach user-layer from domain.
Node        : dhcp-23-188.tuc.noao.edu
Process     : sacpp_SAL_pub <17633>
Thread      : signalHandler b76f7b70
Internals   : V6.3.0/60923c2/5b0a617/u__userExceptionCallbackWrapper/u_user.c/360/0/1369693747.966256440
========================================================================================
Report      : API_INFO
Date        : Mon May 27 15:34:04 2013
Description : DomainParticipant::create_topic : Unspecified error
Node        : dhcp-23-188.tuc.noao.edu
Process     : sacpp_SAL_pub <17735>
Thread      : main thread b78b76d0
Internals   : V6.3.0/60923c2/5b0a617/DCPS API/gapi_topic.c/128/0/1369694044.434867619
========================================================================================
Report      : API_INFO
Date        : Mon May 27 15:39:51 2013
Description : DomainParticipant::create_topic : Unspecified error
Node        : dhcp-23-188.tuc.noao.edu
Process     : sacpp_SAL_pub <17813>
Thread      : main thread b783e6d0
Internals   : V6.3.0/60923c2/5b0a617/DCPS API/gapi_topic.c/128/0/1369694391.509832421
========================================================================================
Report      : ERROR
Date        : Mon May 27 15:42:46 2013
Description : Exception occurred, will detach user-layer from domain.
Node        : dhcp-23-188.tuc.noao.edu
Process     : sacpp_SAL_pub <17921>
Thread      : signalHandler b783cb70
Internals   : V6.3.0/60923c2/5b0a617/u__userExceptionCallbackWrapper/u_user.c/360/0/1369694566.334516328
========================================================================================
Report      : ERROR
Date        : Mon May 27 17:37:41 2013
Description : Could not take data from reader (result: 6)
Node        : dhcp-23-188.tuc.noao.edu
Process     : durability <17890>
Thread      : d_nameSpacesRequest b6fbbb70
Internals   : V6.3.0/60923c2/5b0a617/Durability Service/d_readerListener.c/140/0/1369701461.490513571
========================================================================================
Report      : ERROR
Date        : Mon May 27 17:37:41 2013
Description : Waitset no longer available (result: 6). Fatal error, terminating now...

Node        : dhcp-23-188.tuc.noao.edu
Process     : durability <17890>
Thread      : d_nameSpacesRequest b6fbbb70
Internals   : V6.3.0/60923c2/5b0a617/Durability Service/d_waitset.c/147/0/1369701461.490652180
========================================================================================
Report      : ERROR
Date        : Mon May 27 17:37:41 2013
Description : Write of d_nameSpaces message FAILED with result 13.
Node        : dhcp-23-188.tuc.noao.edu
Process     : durability <17890>
Thread      : main thread b755f8d0
Internals   : V6.3.0/60923c2/5b0a617/Durability Service/d_publisher.c/795/0/1369701461.491722928
========================================================================================
Report      : ERROR
Date        : Mon May 27 17:37:41 2013
Description : Could not resolve Domain from Entity 0x8598eb8 (kind = Internal error: no image for illegal result value)
Node        : dhcp-23-188.tuc.noao.edu
Process     : durability <17890>
Thread      : main thread b755f8d0
Internals   : V6.3.0/60923c2/5b0a617/u_entityClaimCommon/u_entity.c/603/0/1369701461.491946112
========================================================================================
Report      : ERROR
Date        : Mon May 27 17:37:41 2013
Description : Write of d_nameSpaces message FAILED with result 6.
Node        : dhcp-23-188.tuc.noao.edu
Process     : durability <17890>
Thread      : main thread b755f8d0
Internals   : V6.3.0/60923c2/5b0a617/Durability Service/d_publisher.c/795/0/1369701461.491962525
========================================================================================
Report      : ERROR
Date        : Mon May 27 17:37:41 2013
Description : Waitset no longer available (result: 6). Fatal error, terminating now...

Node        : dhcp-23-188.tuc.noao.edu
Process     : durability <17890>
Thread      : d_nameSpaces b6fccb70
Internals   : V6.3.0/60923c2/5b0a617/Durability Service/d_waitset.c/147/0/1369701461.492513635
========================================================================================
Report      : ERROR
Date        : Mon May 27 17:37:41 2013
Description : Write of d_status message FAILED with result 13.
Node        : dhcp-23-188.tuc.noao.edu
Process     : durability <17890>
Thread      : statusThread b6dffb70
Internals   : V6.3.0/60923c2/5b0a617/Durability Service/d_publisher.c/352/0/1369701461.495663726
========================================================================================
Report      : ERROR
Date        : Mon May 27 17:37:41 2013
Description : Waitset no longer available (result: 8). Fatal error, terminating now...

Node        : dhcp-23-188.tuc.noao.edu
Process     : durability <17890>
Thread      : d_groupsRequest b6fddb70
Internals   : V6.3.0/60923c2/5b0a617/Durability Service/d_waitset.c/147/0/1369701461.496299507
========================================================================================
Report      : ERROR
Date        : Mon May 27 17:37:41 2013
Description : Could not resolve Domain from Entity 0x85975c0 (kind = U_UNDEFINED)
Node        : dhcp-23-188.tuc.noao.edu
Process     : durability <17890>
Thread      : d_groupsRequest b6fddb70
Internals   : V6.3.0/60923c2/5b0a617/u_entityClaimCommon/u_entity.c/603/0/1369701461.496320581
========================================================================================
Report      : ERROR
Date        : Mon May 27 17:37:41 2013
Description : Waitset no longer available (result: 8). Fatal error, terminating now...

Node        : dhcp-23-188.tuc.noao.edu
Process     : durability <17890>
Thread      : d_sampleRequest b6f22b70
Internals   : V6.3.0/60923c2/5b0a617/Durability Service/d_waitset.c/147/0/1369701461.496414030
========================================================================================
Report      : ERROR
Date        : Mon May 27 17:37:41 2013
Description : Could not resolve Domain from Entity 0x85975c0 (kind = U_UNDEFINED)
Node        : dhcp-23-188.tuc.noao.edu
Process     : durability <17890>
Thread      : d_sampleRequest b6f22b70
Internals   : V6.3.0/60923c2/5b0a617/u_entityClaimCommon/u_entity.c/603/0/1369701461.496430934
========================================================================================
Report      : ERROR
Date        : Mon May 27 17:37:41 2013
Description : Waitset no longer available (result: 8). Fatal error, terminating now...

Node        : dhcp-23-188.tuc.noao.edu
Process     : durability <17890>
Thread      : d_newGroup b6f66b70
Internals   : V6.3.0/60923c2/5b0a617/Durability Service/d_waitset.c/147/0/1369701461.496518596
========================================================================================
Report      : ERROR
Date        : Mon May 27 17:37:41 2013
Description : Could not resolve Domain from Entity 0x85975c0 (kind = U_UNDEFINED)
Node        : dhcp-23-188.tuc.noao.edu
Process     : durability <17890>
Thread      : d_newGroup b6f66b70
Internals   : V6.3.0/60923c2/5b0a617/u_entityClaimCommon/u_entity.c/603/0/1369701461.496535939
========================================================================================
Report      : ERROR
Date        : Mon May 27 17:37:41 2013
Description : Waitset no longer available (result: 8). Fatal error, terminating now...

Node        : dhcp-23-188.tuc.noao.edu
Process     : durability <17890>
Thread      : d_deleteData b6f11b70
Internals   : V6.3.0/60923c2/5b0a617/Durability Service/d_waitset.c/147/0/1369701461.496668833
========================================================================================
Report      : ERROR
Date        : Mon May 27 17:37:41 2013
Description : Could not resolve Domain from Entity 0x85975c0 (kind = U_UNDEFINED)
Node        : dhcp-23-188.tuc.noao.edu
Process     : durability <17890>
Thread      : d_deleteData b6f11b70
Internals   : V6.3.0/60923c2/5b0a617/u_entityClaimCommon/u_entity.c/603/0/1369701461.496702148
========================================================================================
Report      : ERROR
Date        : Mon May 27 17:37:41 2013
Description : Waitset no longer available (result: 8). Fatal error, terminating now...

Node        : dhcp-23-188.tuc.noao.edu
Process     : durability <17890>
Thread      : d_sampleChain b6f33b70
Internals   : V6.3.0/60923c2/5b0a617/Durability Service/d_waitset.c/147/0/1369701461.496802965
========================================================================================
Report      : ERROR
Date        : Mon May 27 17:37:41 2013
Description : Could not resolve Domain from Entity 0x85975c0 (kind = U_UNDEFINED)
Node        : dhcp-23-188.tuc.noao.edu
Process     : durability <17890>
Thread      : d_sampleChain b6f33b70
Internals   : V6.3.0/60923c2/5b0a617/u_entityClaimCommon/u_entity.c/603/0/1369701461.496820322
========================================================================================
Report      : ERROR
Date        : Mon May 27 17:37:41 2013
Description : Waitset no longer available (result: 8). Fatal error, terminating now...

Node        : dhcp-23-188.tuc.noao.edu
Process     : durability <17890>
Thread      : groupLocalListener b6deeb70
Internals   : V6.3.0/60923c2/5b0a617/Durability Service/d_waitset.c/147/0/1369701461.496909475
========================================================================================
Report      : ERROR
Date        : Mon May 27 17:37:41 2013
Description : Could not resolve Domain from Entity 0x85975c0 (kind = U_UNDEFINED)
Node        : dhcp-23-188.tuc.noao.edu
Process     : durability <17890>
Thread      : groupLocalListener b6deeb70
Internals   : V6.3.0/60923c2/5b0a617/u_entityClaimCommon/u_entity.c/603/0/1369701461.496968792
========================================================================================
Report      : ERROR
Date        : Mon May 27 17:37:41 2013
Description : Waitset no longer available (result: 8). Fatal error, terminating now...

Node        : dhcp-23-188.tuc.noao.edu
Process     : durability <17890>
Thread      : d_status b6faab70
Internals   : V6.3.0/60923c2/5b0a617/Durability Service/d_waitset.c/147/0/1369701461.497550128
========================================================================================
Report      : ERROR
Date        : Mon May 27 17:37:41 2013
Description : Could not resolve Domain from Entity 0x85975c0 (kind = U_UNDEFINED)
Node        : dhcp-23-188.tuc.noao.edu
Process     : durability <17890>
Thread      : d_status b6faab70
Internals   : V6.3.0/60923c2/5b0a617/u_entityClaimCommon/u_entity.c/603/0/1369701461.497567751
