========================================================================================
Report      : ERROR
Date        : Wed May 29 09:30:29 2013
Description : Operation shmget(1392671787,0,0) failed.
              result = "No such file or directory" (2)
              Domain id = "ospl_shmem_ddsi" (0x20000000)
Node        : dhcp-23-188.tuc.noao.edu
Process     : java <19024>
Thread      : main thread b6df3b70
Internals   : V6.3.0/60923c2/5b0a617/os::svr4::os_svr4_sharedMemoryAttach/os_sharedmem_seg.c/786/1/1369845029.675343028
========================================================================================
Report      : ERROR
Date        : Wed May 29 09:30:30 2013
Description : Operation shmget(1392671787,0,0) failed.
              result = "No such file or directory" (2)
              Domain id = "ospl_shmem_ddsi" (0x20000000)
Node        : dhcp-23-188.tuc.noao.edu
Process     : java <19024>
Thread      : main thread b6df3b70
Internals   : V6.3.0/60923c2/5b0a617/os::svr4::os_svr4_sharedMemoryAttach/os_sharedmem_seg.c/786/1/1369845030.675903589
========================================================================================
Report      : ERROR
Date        : Wed May 29 09:30:30 2013
Description : os_sharedMemoryAttach failed
Node        : dhcp-23-188.tuc.noao.edu
Process     : java <19024>
Thread      : main thread b6df3b70
Internals   : V6.3.0/60923c2/5b0a617/user::u_domain::u_domainOpen/u_domain.c/978/0/1369845030.675952741
========================================================================================
Report      : ERROR
Date        : Wed May 29 09:30:30 2013
Description : c_open failed
Node        : dhcp-23-188.tuc.noao.edu
Process     : java <19024>
Thread      : main thread b6df3b70
Internals   : V6.3.0/60923c2/5b0a617/user::u_domain::u_domainOpen/u_domain.c/993/0/1369845030.675968980
========================================================================================
Report      : ERROR
Date        : Wed May 29 09:30:30 2013
Description : Failure to open the domain, URI="ospl_shmem_ddsi" The most common cause of this error is that OpenSpliceDDS is not running (when using shared memory mode). Please make sure to start OpenSplice before creating a DomainParticipant.
Node        : dhcp-23-188.tuc.noao.edu
Process     : java <19024>
Thread      : main thread b6df3b70
Internals   : V6.3.0/60923c2/5b0a617/u_participantNew/u_participant.c/164/0/1369845030.676034854
========================================================================================
Report      : API_INFO
Date        : Wed May 29 09:30:30 2013
Description : DomainParticipantFactory::create_participant creation of kernel entity failed
Node        : dhcp-23-188.tuc.noao.edu
Process     : java <19024>
Thread      : main thread b6df3b70
Internals   : V6.3.0/60923c2/5b0a617/DCPS API/gapi_domainParticipant.c/543/3/1369845030.676105380
========================================================================================
Report      : ERROR
Date        : Wed May 29 09:32:29 2013
Description : Operation shmget(1392671787,0,0) failed.
              result = "No such file or directory" (2)
              Domain id = "ospl_shmem_ddsi" (0x20000000)
Node        : dhcp-23-188.tuc.noao.edu
Process     : java <19058>
Thread      : main thread b6eb8b70
Internals   : V6.3.0/60923c2/5b0a617/os::svr4::os_svr4_sharedMemoryAttach/os_sharedmem_seg.c/786/1/1369845149.291350466
========================================================================================
Report      : ERROR
Date        : Wed May 29 09:32:30 2013
Description : Operation shmget(1392671787,0,0) failed.
              result = "No such file or directory" (2)
              Domain id = "ospl_shmem_ddsi" (0x20000000)
Node        : dhcp-23-188.tuc.noao.edu
Process     : java <19058>
Thread      : main thread b6eb8b70
Internals   : V6.3.0/60923c2/5b0a617/os::svr4::os_svr4_sharedMemoryAttach/os_sharedmem_seg.c/786/1/1369845150.291825490
========================================================================================
Report      : ERROR
Date        : Wed May 29 09:32:30 2013
Description : os_sharedMemoryAttach failed
Node        : dhcp-23-188.tuc.noao.edu
Process     : java <19058>
Thread      : main thread b6eb8b70
Internals   : V6.3.0/60923c2/5b0a617/user::u_domain::u_domainOpen/u_domain.c/978/0/1369845150.291866385
========================================================================================
Report      : ERROR
Date        : Wed May 29 09:32:30 2013
Description : c_open failed
Node        : dhcp-23-188.tuc.noao.edu
Process     : java <19058>
Thread      : main thread b6eb8b70
Internals   : V6.3.0/60923c2/5b0a617/user::u_domain::u_domainOpen/u_domain.c/993/0/1369845150.291892975
========================================================================================
Report      : ERROR
Date        : Wed May 29 09:32:30 2013
Description : Failure to open the domain, URI="ospl_shmem_ddsi" The most common cause of this error is that OpenSpliceDDS is not running (when using shared memory mode). Please make sure to start OpenSplice before creating a DomainParticipant.
Node        : dhcp-23-188.tuc.noao.edu
Process     : java <19058>
Thread      : main thread b6eb8b70
Internals   : V6.3.0/60923c2/5b0a617/u_participantNew/u_participant.c/164/0/1369845150.291919541
========================================================================================
Report      : API_INFO
Date        : Wed May 29 09:32:30 2013
Description : DomainParticipantFactory::create_participant creation of kernel entity failed
Node        : dhcp-23-188.tuc.noao.edu
Process     : java <19058>
Thread      : main thread b6eb8b70
Internals   : V6.3.0/60923c2/5b0a617/DCPS API/gapi_domainParticipant.c/543/3/1369845150.291967908
========================================================================================
Report      : ERROR
Date        : Wed May 29 09:47:32 2013
Description : Operation shmget(1392671787,0,0) failed.
              result = "No such file or directory" (2)
              Domain id = "ospl_shmem_ddsi" (0x20000000)
Node        : dhcp-23-188.tuc.noao.edu
Process     : java <19201>
Thread      : main thread b6f1fb70
Internals   : V6.3.0/60923c2/5b0a617/os::svr4::os_svr4_sharedMemoryAttach/os_sharedmem_seg.c/786/1/1369846052.334886667
========================================================================================
Report      : ERROR
Date        : Wed May 29 09:47:33 2013
Description : Operation shmget(1392671787,0,0) failed.
              result = "No such file or directory" (2)
              Domain id = "ospl_shmem_ddsi" (0x20000000)
Node        : dhcp-23-188.tuc.noao.edu
Process     : java <19201>
Thread      : main thread b6f1fb70
Internals   : V6.3.0/60923c2/5b0a617/os::svr4::os_svr4_sharedMemoryAttach/os_sharedmem_seg.c/786/1/1369846053.335397345
========================================================================================
Report      : ERROR
Date        : Wed May 29 09:47:33 2013
Description : os_sharedMemoryAttach failed
Node        : dhcp-23-188.tuc.noao.edu
Process     : java <19201>
Thread      : main thread b6f1fb70
Internals   : V6.3.0/60923c2/5b0a617/user::u_domain::u_domainOpen/u_domain.c/978/0/1369846053.335437729
========================================================================================
Report      : ERROR
Date        : Wed May 29 09:47:33 2013
Description : c_open failed
Node        : dhcp-23-188.tuc.noao.edu
Process     : java <19201>
Thread      : main thread b6f1fb70
Internals   : V6.3.0/60923c2/5b0a617/user::u_domain::u_domainOpen/u_domain.c/993/0/1369846053.335454068
========================================================================================
Report      : ERROR
Date        : Wed May 29 09:47:33 2013
Description : Failure to open the domain, URI="ospl_shmem_ddsi" The most common cause of this error is that OpenSpliceDDS is not running (when using shared memory mode). Please make sure to start OpenSplice before creating a DomainParticipant.
Node        : dhcp-23-188.tuc.noao.edu
Process     : java <19201>
Thread      : main thread b6f1fb70
Internals   : V6.3.0/60923c2/5b0a617/u_participantNew/u_participant.c/164/0/1369846053.335480263
========================================================================================
Report      : API_INFO
Date        : Wed May 29 09:47:33 2013
Description : DomainParticipantFactory::create_participant creation of kernel entity failed
Node        : dhcp-23-188.tuc.noao.edu
Process     : java <19201>
Thread      : main thread b6f1fb70
Internals   : V6.3.0/60923c2/5b0a617/DCPS API/gapi_domainParticipant.c/543/3/1369846053.335540313
========================================================================================
Report      : API_INFO
Date        : Wed May 29 11:04:26 2013
Description : for topic <SALData_SALTopic> lookup typeSupport failed 
Node        : dhcp-23-188.tuc.noao.edu
Process     : java <21043>
Thread      : main thread b6f35b70
Internals   : V6.3.0/60923c2/5b0a617/gapi_domainParticipant_create_topic/gapi_domainParticipant.c/1449/0/1369850666.616533773
========================================================================================
Report      : API_INFO
Date        : Wed May 29 11:06:36 2013
Description : for topic <SALData_SALTopic> lookup typeSupport failed 
Node        : dhcp-23-188.tuc.noao.edu
Process     : java <21108>
Thread      : main thread b6e87b70
Internals   : V6.3.0/60923c2/5b0a617/gapi_domainParticipant_create_topic/gapi_domainParticipant.c/1449/0/1369850796.539015333
========================================================================================
Report      : API_INFO
Date        : Wed May 29 11:07:21 2013
Description : for topic <SALData_SALTopic> lookup typeSupport failed 
Node        : dhcp-23-188.tuc.noao.edu
Process     : java <21158>
Thread      : main thread b6ea7b70
Internals   : V6.3.0/60923c2/5b0a617/gapi_domainParticipant_create_topic/gapi_domainParticipant.c/1449/0/1369850841.625212074
========================================================================================
Report      : ERROR
Date        : Tue Apr 08 14:53:53 MST 2014
Description : c_metaBind failed for Struct <SALTopic> in scope <SALData>.
Node        : sal.lsst-tsvm
Process     : java <2522>
Thread      : main thread b7734b70
Internals   : V6.4.0/a5a8346/a1f7cf6/sd_deserXmlStructure/sd_serializerXMLTypeinfo.c/2436/0/1396994033.833634334
========================================================================================
Report      : ERROR
Date        : Tue Apr 08 14:53:53 MST 2014
Description : Deserialize failed
Node        : sal.lsst-tsvm
Process     : java <2522>
Thread      : main thread b7734b70
Internals   : V6.4.0/a5a8346/a1f7cf6/Type deserialize/sd_serializerXMLTypeinfo.c/3016/0/1396994033.833710597
========================================================================================
Report      : ERROR
Date        : Tue Apr 08 14:54:42 MST 2014
Description : c_metaBind failed for Struct <SALTopic> in scope <SALData>.
Node        : sal.lsst-tsvm
Process     : java <2558>
Thread      : main thread b77b7b70
Internals   : V6.4.0/a5a8346/a1f7cf6/sd_deserXmlStructure/sd_serializerXMLTypeinfo.c/2436/0/1396994082.100280078
========================================================================================
Report      : ERROR
Date        : Tue Apr 08 14:54:42 MST 2014
Description : Deserialize failed
Node        : sal.lsst-tsvm
Process     : java <2558>
Thread      : main thread b77b7b70
Internals   : V6.4.0/a5a8346/a1f7cf6/Type deserialize/sd_serializerXMLTypeinfo.c/3016/0/1396994082.100368354
========================================================================================
Report      : ERROR
Date        : Tue Apr 08 14:55:24 MST 2014
Description : c_metaBind failed for Struct <SALTopic> in scope <SALData>.
Node        : sal.lsst-tsvm
Process     : java <2574>
Thread      : main thread b77bbb70
Internals   : V6.4.0/a5a8346/a1f7cf6/sd_deserXmlStructure/sd_serializerXMLTypeinfo.c/2436/0/1396994124.259009727
========================================================================================
Report      : ERROR
Date        : Tue Apr 08 14:55:24 MST 2014
Description : Deserialize failed
Node        : sal.lsst-tsvm
Process     : java <2574>
Thread      : main thread b77bbb70
Internals   : V6.4.0/a5a8346/a1f7cf6/Type deserialize/sd_serializerXMLTypeinfo.c/3016/0/1396994124.259088504
