This file contains any messages produced by compilers while
running configure, to aid debugging if configure makes a mistake.

It was created by rtems-tools-cpu-generic configure 4.8.1, which was
generated by GNU Autoconf 2.61.  Invocation command line was

  $ ../../../../rtems-4.8.1/tools/cpu/generic/configure --prefix=/opt/rtems-4.8 --host=i686-pc-linux-gnu --build=i686-pc-linux-gnu --enable-posix --enable-networking --enable-rdbg --target=i386-rtems build_alias=i686-pc-linux-gnu host_alias=i686-pc-linux-gnu target_alias=i386-rtems --cache-file=/dev/null --srcdir=../../../../rtems-4.8.1/tools/cpu/generic

## --------- ##
## Platform. ##
## --------- ##

hostname = triangle
uname -m = i686
uname -r = 2.6.24-19-generic
uname -s = Linux
uname -v = #1 SMP Fri Jul 11 23:41:49 UTC 2008

/usr/bin/uname -p = unknown
/bin/uname -X     = unknown

/bin/arch              = unknown
/usr/bin/arch -k       = unknown
/usr/convex/getsysinfo = unknown
/usr/bin/hostinfo      = unknown
/bin/machine           = unknown
/usr/bin/oslevel       = unknown
/bin/universe          = unknown

PATH: /usr/local/sbin
PATH: /usr/local/bin
PATH: /usr/sbin
PATH: /usr/bin
PATH: /sbin
PATH: /bin
PATH: /usr/games
PATH: /opt/rtems/bin


## ----------- ##
## Core tests. ##
## ----------- ##

configure:1726: checking for gmake
configure:1756: result: no
configure:1726: checking for make
configure:1742: found /usr/bin/make
configure:1753: result: make
configure:1778: checking for RTEMS Version
configure:1780: result: 4.8.1
configure:1790: checking build system type
configure:1808: result: i686-pc-linux-gnu
configure:1830: checking host system type
configure:1845: result: i686-pc-linux-gnu
configure:1868: checking target system type
configure:1883: result: i386-pc-rtems
configure:1911: checking rtems target cpu
configure:1938: result: i386
configure:1957: checking for a BSD-compatible install
configure:2013: result: /usr/bin/install -c
configure:2024: checking whether build environment is sane
configure:2067: result: yes
configure:2095: checking for a thread-safe mkdir -p
configure:2134: result: /bin/mkdir -p
configure:2147: checking for gawk
configure:2163: found /usr/bin/gawk
configure:2174: result: gawk
configure:2185: checking whether make sets $(MAKE)
configure:2206: result: yes
configure:2385: checking whether to enable maintainer-specific portions of Makefiles
configure:2394: result: no
configure:2413: checking for bash
configure:2431: found /bin/bash
configure:2443: result: /bin/bash
configure:2634: creating ./config.status

## ---------------------- ##
## Running config.status. ##
## ---------------------- ##

This file was extended by rtems-tools-cpu-generic config.status 4.8.1, which was
generated by GNU Autoconf 2.61.  Invocation command line was

  CONFIG_FILES    = 
  CONFIG_HEADERS  = 
  CONFIG_LINKS    = 
  CONFIG_COMMANDS = 
  $ ./config.status 

on triangle

config.status:618: creating Makefile
config.status:618: creating size_rtems

## ---------------- ##
## Cache variables. ##
## ---------------- ##

ac_cv_build=i686-pc-linux-gnu
ac_cv_env_build_alias_set=set
ac_cv_env_build_alias_value=i686-pc-linux-gnu
ac_cv_env_host_alias_set=set
ac_cv_env_host_alias_value=i686-pc-linux-gnu
ac_cv_env_target_alias_set=set
ac_cv_env_target_alias_value=i386-rtems
ac_cv_host=i686-pc-linux-gnu
ac_cv_path_KSH=/bin/bash
ac_cv_path_install='/usr/bin/install -c'
ac_cv_path_mkdir=/bin/mkdir
ac_cv_prog_AWK=gawk
ac_cv_prog_MAKE=make
ac_cv_prog_make_make_set=yes
ac_cv_target=i386-pc-rtems

## ----------------- ##
## Output variables. ##
## ----------------- ##

ACLOCAL='${SHELL} /home/dmills/embedded/rtems/rtems-4.8.1/missing --run aclocal-1.10'
AMTAR='${SHELL} /home/dmills/embedded/rtems/rtems-4.8.1/missing --run tar'
AUTOCONF='${SHELL} /home/dmills/embedded/rtems/rtems-4.8.1/missing --run autoconf'
AUTOHEADER='${SHELL} /home/dmills/embedded/rtems/rtems-4.8.1/missing --run autoheader'
AUTOMAKE='${SHELL} /home/dmills/embedded/rtems/rtems-4.8.1/missing --run automake-1.10'
AWK='gawk'
CYGPATH_W='echo'
DEFS='-DPACKAGE_NAME=\"rtems-tools-cpu-generic\" -DPACKAGE_TARNAME=\"rtems-tools-cpu-generic\" -DPACKAGE_VERSION=\"4.8.1\" -DPACKAGE_STRING=\"rtems-tools-cpu-generic\ 4.8.1\" -DPACKAGE_BUGREPORT=\"http://www.rtems.org/bugzilla\"'
ECHO_C=''
ECHO_N='-n'
ECHO_T=''
INSTALL_DATA='${INSTALL} -m 644'
INSTALL_PROGRAM='${INSTALL}'
INSTALL_SCRIPT='${INSTALL}'
INSTALL_STRIP_PROGRAM='$(install_sh) -c -s'
KSH='/bin/bash'
LIBOBJS=''
LIBS=''
LTLIBOBJS=''
MAINT='#'
MAINTAINER_MODE_FALSE=''
MAINTAINER_MODE_TRUE='#'
MAKE='make'
MAKEINFO='${SHELL} /home/dmills/embedded/rtems/rtems-4.8.1/missing --run makeinfo'
PACKAGE='rtems-tools-cpu-generic'
PACKAGE_BUGREPORT='http://www.rtems.org/bugzilla'
PACKAGE_NAME='rtems-tools-cpu-generic'
PACKAGE_STRING='rtems-tools-cpu-generic 4.8.1'
PACKAGE_TARNAME='rtems-tools-cpu-generic'
PACKAGE_VERSION='4.8.1'
PACKHEX='$(PROJECT_TOPdir)/tools/build/packhex'
PATH_SEPARATOR=':'
PROJECT_ROOT='../../../$(top_builddir)'
PROJECT_TOPdir='../../../$(top_builddir)'
RTEMS_CPU='i386'
RTEMS_TOPdir='../../..'
SET_MAKE=''
SHELL='/bin/bash'
STRIP=''
VERSION='4.8.1'
am__isrc=' -I$(srcdir)'
am__leading_dot='.'
am__tar='${AMTAR} chof - "$$tardir"'
am__untar='${AMTAR} xf -'
bindir='${exec_prefix}/bin'
build='i686-pc-linux-gnu'
build_alias='i686-pc-linux-gnu'
build_cpu='i686'
build_os='linux-gnu'
build_vendor='pc'
datadir='${datarootdir}'
datarootdir='${prefix}/share'
docdir='${datarootdir}/doc/${PACKAGE_TARNAME}'
dvidir='${docdir}'
exec_prefix='${prefix}'
host='i686-pc-linux-gnu'
host_alias='i686-pc-linux-gnu'
host_cpu='i686'
host_os='linux-gnu'
host_vendor='pc'
htmldir='${docdir}'
includedir='${prefix}/include'
infodir='${datarootdir}/info'
install_sh='$(SHELL) /home/dmills/embedded/rtems/rtems-4.8.1/install-sh'
libdir='${exec_prefix}/lib'
libexecdir='${exec_prefix}/libexec'
localedir='${datarootdir}/locale'
localstatedir='${prefix}/var'
mandir='${datarootdir}/man'
mkdir_p='/bin/mkdir -p'
oldincludedir='/usr/include'
pdfdir='${docdir}'
prefix='/opt/rtems-4.8'
program_prefix='i386-rtems-'
program_transform_name='s&^&i386-rtems-&'
project_bindir='$(tooldir)/bin'
project_includedir='$(tooldir)/include'
project_libdir='$(tooldir)/lib$(MULTISUBDIR)'
psdir='${docdir}'
rtems_bspdir='$(prefix)/${RTEMS_BSP}'
rtems_makedir='$(prefix)/make'
sbindir='${exec_prefix}/sbin'
sharedstatedir='${prefix}/com'
sysconfdir='${prefix}/etc'
target='i386-pc-rtems'
target_alias='i386-rtems'
target_cpu='i386'
target_os='rtems'
target_vendor='pc'
tooldir='$(PROJECT_ROOT)'

## ----------- ##
## confdefs.h. ##
## ----------- ##

#define PACKAGE_NAME "rtems-tools-cpu-generic"
#define PACKAGE_TARNAME "rtems-tools-cpu-generic"
#define PACKAGE_VERSION "4.8.1"
#define PACKAGE_STRING "rtems-tools-cpu-generic 4.8.1"
#define PACKAGE_BUGREPORT "http://www.rtems.org/bugzilla"

configure: exit 0
