This file contains any messages produced by compilers while
running configure, to aid debugging if configure makes a mistake.

It was created by rtems-c configure 4.8.1, which was
generated by GNU Autoconf 2.61.  Invocation command line was

  $ ../../../rtems-4.8.1/c/configure --prefix=/opt/rtems-4.8 --host=i386-rtems --build=i686-pc-linux-gnu --target=i386-rtems --enable-posix --enable-networking --enable-rdbg --with-target-subdir=i386-rtems --exec-prefix=/opt/rtems-4.8/i386-rtems --includedir=/opt/rtems-4.8/i386-rtems/include --cache-file=/dev/null --srcdir=../../../rtems-4.8.1/c

## --------- ##
## Platform. ##
## --------- ##

hostname = triangle
uname -m = i686
uname -r = 2.6.24-19-generic
uname -s = Linux
uname -v = #1 SMP Fri Jul 11 23:41:49 UTC 2008

/usr/bin/uname -p = unknown
/bin/uname -X     = unknown

/bin/arch              = unknown
/usr/bin/arch -k       = unknown
/usr/convex/getsysinfo = unknown
/usr/bin/hostinfo      = unknown
/bin/machine           = unknown
/usr/bin/oslevel       = unknown
/bin/universe          = unknown

PATH: /usr/local/sbin
PATH: /usr/local/bin
PATH: /usr/sbin
PATH: /usr/bin
PATH: /sbin
PATH: /bin
PATH: /usr/games
PATH: /opt/rtems/bin


## ----------- ##
## Core tests. ##
## ----------- ##

configure:1721: checking for gmake
configure:1751: result: no
configure:1721: checking for make
configure:1737: found /usr/bin/make
configure:1748: result: make
configure:1773: checking for RTEMS Version
configure:1775: result: 4.8.1
configure:1785: checking build system type
configure:1803: result: i686-pc-linux-gnu
configure:1825: checking host system type
configure:1840: result: i386-pc-rtems
configure:1863: checking target system type
configure:1878: result: i386-pc-rtems
configure:1906: checking rtems target cpu
configure:1933: result: i386
configure:1952: checking for a BSD-compatible install
configure:2008: result: /usr/bin/install -c
configure:2019: checking whether build environment is sane
configure:2062: result: yes
configure:2090: checking for a thread-safe mkdir -p
configure:2129: result: /bin/mkdir -p
configure:2142: checking for gawk
configure:2158: found /usr/bin/gawk
configure:2169: result: gawk
configure:2180: checking whether make sets $(MAKE)
configure:2201: result: yes
configure:2272: checking for i386-rtems-strip
configure:2288: found /opt/rtems/bin/i386-rtems-strip
configure:2299: result: i386-rtems-strip
configure:2380: checking whether to enable maintainer-specific portions of Makefiles
configure:2389: result: no
configure:2431: checking for available BSPs
configure:2464: result:  i386ex pc386 pc386dx pc486 pc586 pc686 pck6 ts_386ex
configure:2483: checking for i386ex.cfg
configure:2497: result: ../../../rtems-4.8.1/c/../make/custom/i386ex.cfg
configure:2483: checking for pc386.cfg
configure:2497: result: ../../../rtems-4.8.1/c/../make/custom/pc386.cfg
configure:2483: checking for pc386dx.cfg
configure:2497: result: ../../../rtems-4.8.1/c/../make/custom/pc386dx.cfg
configure:2483: checking for pc486.cfg
configure:2497: result: ../../../rtems-4.8.1/c/../make/custom/pc486.cfg
configure:2483: checking for pc586.cfg
configure:2497: result: ../../../rtems-4.8.1/c/../make/custom/pc586.cfg
configure:2483: checking for pc686.cfg
configure:2497: result: ../../../rtems-4.8.1/c/../make/custom/pc686.cfg
configure:2483: checking for pck6.cfg
configure:2497: result: ../../../rtems-4.8.1/c/../make/custom/pck6.cfg
configure:2483: checking for ts_386ex.cfg
configure:2497: result: ../../../rtems-4.8.1/c/../make/custom/ts_386ex.cfg
configure:2766: creating ./config.status

## ---------------------- ##
## Running config.status. ##
## ---------------------- ##

This file was extended by rtems-c config.status 4.8.1, which was
generated by GNU Autoconf 2.61.  Invocation command line was

  CONFIG_FILES    = 
  CONFIG_HEADERS  = 
  CONFIG_LINKS    = 
  CONFIG_COMMANDS = 
  $ ./config.status 

on triangle

config.status:615: creating Makefile

## ---------------- ##
## Cache variables. ##
## ---------------- ##

ac_cv_build=i686-pc-linux-gnu
ac_cv_env_build_alias_set=set
ac_cv_env_build_alias_value=i686-pc-linux-gnu
ac_cv_env_host_alias_set=set
ac_cv_env_host_alias_value=i386-rtems
ac_cv_env_target_alias_set=set
ac_cv_env_target_alias_value=i386-rtems
ac_cv_host=i386-pc-rtems
ac_cv_path_install='/usr/bin/install -c'
ac_cv_path_mkdir=/bin/mkdir
ac_cv_prog_AWK=gawk
ac_cv_prog_MAKE=make
ac_cv_prog_STRIP=i386-rtems-strip
ac_cv_prog_make_make_set=yes
ac_cv_target=i386-pc-rtems

## ----------------- ##
## Output variables. ##
## ----------------- ##

ACLOCAL='${SHELL} /home/dmills/embedded/rtems/rtems-4.8.1/missing --run aclocal-1.10'
AMTAR='${SHELL} /home/dmills/embedded/rtems/rtems-4.8.1/missing --run tar'
AUTOCONF='${SHELL} /home/dmills/embedded/rtems/rtems-4.8.1/missing --run autoconf'
AUTOHEADER='${SHELL} /home/dmills/embedded/rtems/rtems-4.8.1/missing --run autoheader'
AUTOMAKE='${SHELL} /home/dmills/embedded/rtems/rtems-4.8.1/missing --run automake-1.10'
AWK='gawk'
CYGPATH_W='echo'
DEFS='-DPACKAGE_NAME=\"rtems-c\" -DPACKAGE_TARNAME=\"rtems-c\" -DPACKAGE_VERSION=\"4.8.1\" -DPACKAGE_STRING=\"rtems-c\ 4.8.1\" -DPACKAGE_BUGREPORT=\"http://www.rtems.org/bugzilla\"'
ECHO_C=''
ECHO_N='-n'
ECHO_T=''
INSTALL_DATA='${INSTALL} -m 644'
INSTALL_PROGRAM='${INSTALL}'
INSTALL_SCRIPT='${INSTALL}'
INSTALL_STRIP_PROGRAM='$(install_sh) -c -s'
LIBOBJS=''
LIBS=''
LTLIBOBJS=''
MAINT='#'
MAINTAINER_MODE_FALSE=''
MAINTAINER_MODE_TRUE='#'
MAKE='make'
MAKEINFO='${SHELL} /home/dmills/embedded/rtems/rtems-4.8.1/missing --run makeinfo'
PACKAGE='rtems-c'
PACKAGE_BUGREPORT='http://www.rtems.org/bugzilla'
PACKAGE_NAME='rtems-c'
PACKAGE_STRING='rtems-c 4.8.1'
PACKAGE_TARNAME='rtems-c'
PACKAGE_VERSION='4.8.1'
PATH_SEPARATOR=':'
PROJECT_ROOT='../$(top_builddir)'
PROJECT_TOPdir='../../$(top_builddir)'
RTEMS_BSP_LIST=' i386ex pc386 pc386dx pc486 pc586 pc686 pck6 ts_386ex'
RTEMS_CPU='i386'
RTEMS_TOPdir='..'
SET_MAKE=''
SHELL='/bin/bash'
STRIP='i386-rtems-strip'
VERSION='4.8.1'
am__isrc=' -I$(srcdir)'
am__leading_dot='.'
am__tar='${AMTAR} chof - "$$tardir"'
am__untar='${AMTAR} xf -'
bindir='${exec_prefix}/bin'
build='i686-pc-linux-gnu'
build_alias='i686-pc-linux-gnu'
build_cpu='i686'
build_os='linux-gnu'
build_vendor='pc'
datadir='${datarootdir}'
datarootdir='${prefix}/share'
docdir='${datarootdir}/doc/${PACKAGE_TARNAME}'
dvidir='${docdir}'
exec_prefix='/opt/rtems-4.8/i386-rtems'
host='i386-pc-rtems'
host_alias='i386-rtems'
host_cpu='i386'
host_os='rtems'
host_vendor='pc'
htmldir='${docdir}'
includedir='/opt/rtems-4.8/i386-rtems/include'
infodir='${datarootdir}/info'
install_sh='$(SHELL) /home/dmills/embedded/rtems/rtems-4.8.1/install-sh'
libdir='${exec_prefix}/lib'
libexecdir='${exec_prefix}/libexec'
localedir='${datarootdir}/locale'
localstatedir='${prefix}/var'
mandir='${datarootdir}/man'
mkdir_p='/bin/mkdir -p'
oldincludedir='/usr/include'
pdfdir='${docdir}'
prefix='/opt/rtems-4.8'
program_transform_name='s&^&i386-rtems-&'
psdir='${docdir}'
rtems_bsp_configure='../../../../rtems-4.8.1/c/src/configure  '\''--prefix=/opt/rtems-4.8'\'' '\''--host=i386-rtems'\'' '\''--build=i686-pc-linux-gnu'\'' '\''--target=i386-rtems'\'' '\''--enable-posix'\'' '\''--enable-networking'\'' '\''--enable-rdbg'\'' '\''--with-target-subdir=i386-rtems'\'' '\''--exec-prefix=/opt/rtems-4.8/i386-rtems'\'' '\''--includedir=/opt/rtems-4.8/i386-rtems/include'\'' '\''build_alias=i686-pc-linux-gnu'\'' '\''host_alias=i386-rtems'\'' '\''target_alias=i386-rtems'\'' '\''--with-project-root=../../'\'' '\''--with-project-top=../../'\'''
sbindir='${exec_prefix}/sbin'
sharedstatedir='${prefix}/com'
sysconfdir='${prefix}/etc'
target='i386-pc-rtems'
target_alias='i386-rtems'
target_cpu='i386'
target_os='rtems'
target_vendor='pc'

## ----------- ##
## confdefs.h. ##
## ----------- ##

#define PACKAGE_NAME "rtems-c"
#define PACKAGE_TARNAME "rtems-c"
#define PACKAGE_VERSION "4.8.1"
#define PACKAGE_STRING "rtems-c 4.8.1"
#define PACKAGE_BUGREPORT "http://www.rtems.org/bugzilla"

configure: exit 0
